This is pdfTeX, Version 3.141592653-2.6-1.40.28 (MiKTeX 25.12) (preloaded format=pdflatex 2026.1.5)  11 MAR 2026 15:27
entering extended mode
 \write18 enabled.
 file:line:error style messages enabled.
 %&-line parsing enabled.
**c:/Users/one_p/Desktop/Phy-Hub/Website/topics/special-relativity/Latex/Handbook_of_Special_Relativity.tex
(c:/Users/one_p/Desktop/Phy-Hub/Website/topics/special-relativity/Latex/Handbook_of_Special_Relativity.tex
LaTeX2e <2025-11-01>
L3 programming layer <2025-12-24>
(C:\Users\one_p\AppData\Local\Programs\MiKTeX\tex/latex/base\book.cls
Document Class: book 2025/01/22 v1.4n Standard LaTeX document class
(C:\Users\one_p\AppData\Local\Programs\MiKTeX\tex/latex/base\bk10.clo
File: bk10.clo 2025/01/22 v1.4n Standard LaTeX file (size option)
)
\c@part=\count275
\c@chapter=\count276
\c@section=\count277
\c@subsection=\count278
\c@subsubsection=\count279
\c@paragraph=\count280
\c@subparagraph=\count281
\c@figure=\count282
\c@table=\count283
\abovecaptionskip=\skip49
\belowcaptionskip=\skip50
\bibindent=\dimen148
) (Preamble.sty
Package: Preamble 
 (C:\Users\one_p\AppData\Local\Programs\MiKTeX\tex/latex/base\fontenc.sty
Package: fontenc 2025/07/18 v2.1d Standard LaTeX package
) (C:\Users\one_p\AppData\Local\Programs\MiKTeX\tex/latex/tex-gyre\tgschola.sty
Package: tgschola 2009/09/27 v1.2 TeX Gyre Schola as default roman family
 (C:\Users\one_p\AppData\Local\Programs\MiKTeX\tex/latex/kvoptions\kvoptions.sty
Package: kvoptions 2022-06-15 v3.15 Key value format for package options (HO)
 (C:\Users\one_p\AppData\Local\Programs\MiKTeX\tex/latex/graphics\keyval.sty
Package: keyval 2022/05/29 v1.15 key=value parser (DPC)
\KV@toks@=\toks17
) (C:\Users\one_p\AppData\Local\Programs\MiKTeX\tex/generic/ltxcmds\ltxcmds.sty
Package: ltxcmds 2023-12-04 v1.26 LaTeX kernel commands for general use (HO)
) (C:\Users\one_p\AppData\Local\Programs\MiKTeX\tex/latex/kvsetkeys\kvsetkeys.sty
Package: kvsetkeys 2022-10-05 v1.19 Key value parser (HO)
))) (C:\Users\one_p\AppData\Local\Programs\MiKTeX\tex/latex/xcolor\xcolor.sty
Package: xcolor 2024/09/29 v3.02 LaTeX color extensions (UK)
 (C:\Users\one_p\AppData\Local\Programs\MiKTeX\tex/latex/graphics-cfg\color.cfg
File: color.cfg 2016/01/02 v1.6 sample color configuration
)
Package xcolor Info: Driver file: pdftex.def on input line 274.
 (C:\Users\one_p\AppData\Local\Programs\MiKTeX\tex/latex/graphics-def\pdftex.def
File: pdftex.def 2025/09/29 v1.2d Graphics/color driver for pdftex
) (C:\Users\one_p\AppData\Local\Programs\MiKTeX\tex/latex/graphics\mathcolor.ltx)
Package xcolor Info: Model `cmy' substituted by `cmy0' on input line 1349.
Package xcolor Info: Model `hsb' substituted by `rgb' on input line 1353.
Package xcolor Info: Model `RGB' extended on input line 1365.
Package xcolor Info: Model `HTML' substituted by `rgb' on input line 1367.
Package xcolor Info: Model `Hsb' substituted by `hsb' on input line 1368.
Package xcolor Info: Model `tHsb' substituted by `hsb' on input line 1369.
Package xcolor Info: Model `HSB' substituted by `hsb' on input line 1370.
Package xcolor Info: Model `Gray' substituted by `gray' on input line 1371.
Package xcolor Info: Model `wave' substituted by `hsb' on input line 1372.
) (C:\Users\one_p\AppData\Local\Programs\MiKTeX\tex/latex/fancyhdr\fancyhdr.sty
Package: fancyhdr 2025/02/07 v5.2 Extensive control of page headers and footers
\f@nch@headwidth=\skip51
\f@nch@offset@elh=\skip52
\f@nch@offset@erh=\skip53
\f@nch@offset@olh=\skip54
\f@nch@offset@orh=\skip55
\f@nch@offset@elf=\skip56
\f@nch@offset@erf=\skip57
\f@nch@offset@olf=\skip58
\f@nch@offset@orf=\skip59
\f@nch@height=\skip60
\f@nch@footalignment=\skip61
\f@nch@widthL=\skip62
\f@nch@widthC=\skip63
\f@nch@widthR=\skip64
\@temptokenb=\toks18
) (C:\Users\one_p\AppData\Local\Programs\MiKTeX\tex/latex/textpos\textpos.sty
Package: textpos 2022/07/23 v1.10.1
Package textpos Info: choosing support for LaTeX3 on input line 60.
\TP@textbox=\box53
\TP@holdbox=\box54
\TPHorizModule=\dimen149
\TPVertModule=\dimen150
\TP@margin=\dimen151
\TP@absmargin=\dimen152

Grid set 16 x 16 = 38.39343pt x 49.68562pt
\TPboxrulesize=\dimen153
\TP@ox=\dimen154
\TP@oy=\dimen155
\TP@tbargs=\toks19
TextBlockOrigin set to 0pt x 0pt
) (C:\Users\one_p\AppData\Local\Programs\MiKTeX\tex/latex/setspace\setspace.sty
Package: setspace 2022/12/04 v6.7b set line spacing
) (C:\Users\one_p\AppData\Local\Programs\MiKTeX\tex/latex/microtype\microtype.sty
Package: microtype 2025/07/09 v3.2b Micro-typographical refinements (RS)
 (C:\Users\one_p\AppData\Local\Programs\MiKTeX\tex/latex/etoolbox\etoolbox.sty
Package: etoolbox 2025/10/02 v2.5m e-TeX tools for LaTeX (JAW)
\etb@tempcnta=\count284
)
\MT@toks=\toks20
\MT@tempbox=\box55
\MT@count=\count285
LaTeX Info: Redefining \noprotrusionifhmode on input line 1087.
LaTeX Info: Redefining \leftprotrusion on input line 1088.
\MT@prot@toks=\toks21
LaTeX Info: Redefining \rightprotrusion on input line 1107.
LaTeX Info: Redefining \textls on input line 1449.
\MT@outer@kern=\dimen156
LaTeX Info: Redefining \microtypecontext on input line 2053.
LaTeX Info: Redefining \textmicrotypecontext on input line 2070.
\MT@listname@count=\count286
 (C:\Users\one_p\AppData\Local\Programs\MiKTeX\tex/latex/microtype\microtype-pdftex.def
File: microtype-pdftex.def 2025/07/09 v3.2b Definitions specific to pdftex (RS)
LaTeX Info: Redefining \lsstyle on input line 944.
LaTeX Info: Redefining \lslig on input line 944.
\MT@outer@space=\skip65
)
Package microtype Info: Loading configuration file microtype.cfg.
 (C:\Users\one_p\AppData\Local\Programs\MiKTeX\tex/latex/microtype\microtype.cfg
File: microtype.cfg 2025/07/09 v3.2b microtype main configuration file (RS)
)
LaTeX Info: Redefining \microtypesetup on input line 3065.
) (C:\Users\one_p\AppData\Local\Programs\MiKTeX\tex/latex/tocloft\tocloft.sty
Package: tocloft 2017/08/31 v2.3i parameterised ToC, etc., typesetting
Package tocloft Info: The document has chapter divisions on input line 51.
\cftparskip=\skip66
\cftbeforetoctitleskip=\skip67
\cftaftertoctitleskip=\skip68
\cftbeforepartskip=\skip69
\cftpartnumwidth=\skip70
\cftpartindent=\skip71
\cftbeforechapskip=\skip72
\cftchapindent=\skip73
\cftchapnumwidth=\skip74
\cftbeforesecskip=\skip75
\cftsecindent=\skip76
\cftsecnumwidth=\skip77
\cftbeforesubsecskip=\skip78
\cftsubsecindent=\skip79
\cftsubsecnumwidth=\skip80
\cftbeforesubsubsecskip=\skip81
\cftsubsubsecindent=\skip82
\cftsubsubsecnumwidth=\skip83
\cftbeforeparaskip=\skip84
\cftparaindent=\skip85
\cftparanumwidth=\skip86
\cftbeforesubparaskip=\skip87
\cftsubparaindent=\skip88
\cftsubparanumwidth=\skip89
\cftbeforeloftitleskip=\skip90
\cftafterloftitleskip=\skip91
\cftbeforefigskip=\skip92
\cftfigindent=\skip93
\cftfignumwidth=\skip94
\c@lofdepth=\count287
\c@lotdepth=\count288
\cftbeforelottitleskip=\skip95
\cftafterlottitleskip=\skip96
\cftbeforetabskip=\skip97
\cfttabindent=\skip98
\cfttabnumwidth=\skip99
) (C:\Users\one_p\AppData\Local\Programs\MiKTeX\tex/latex/tools\multicol.sty
Package: multicol 2025/10/21 v2.0b multicolumn formatting (FMi)
\c@tracingmulticols=\count289
\mult@box=\box56
\multicol@leftmargin=\dimen157
\c@unbalance=\count290
\c@collectmore=\count291
\doublecol@number=\count292
\multicoltolerance=\count293
\multicolpretolerance=\count294
\full@width=\dimen158
\page@free=\dimen159
\premulticols=\dimen160
\postmulticols=\dimen161
\multicolsep=\skip100
\multicolbaselineskip=\skip101
\partial@page=\box57
\last@line=\box58
\mc@boxedresult=\box59
\maxbalancingoverflow=\dimen162
\mult@rightbox=\box60
\mult@grightbox=\box61
\mult@firstbox=\box62
\mult@gfirstbox=\box63
\@tempa=\box64
\@tempa=\box65
\@tempa=\box66
\@tempa=\box67
\@tempa=\box68
\@tempa=\box69
\@tempa=\box70
\@tempa=\box71
\@tempa=\box72
\@tempa=\box73
\@tempa=\box74
\@tempa=\box75
\@tempa=\box76
\@tempa=\box77
\@tempa=\box78
\@tempa=\box79
\@tempa=\box80
\@tempa=\box81
\@tempa=\box82
\@tempa=\box83
\@tempa=\box84
\@tempa=\box85
\@tempa=\box86
\@tempa=\box87
\@tempa=\box88
\@tempa=\box89
\@tempa=\box90
\@tempa=\box91
\@tempa=\box92
\@tempa=\box93
\@tempa=\box94
\@tempa=\box95
\@tempa=\box96
\@tempa=\box97
\@tempa=\box98
\@tempa=\box99
\c@minrows=\count295
\c@columnbadness=\count296
\c@finalcolumnbadness=\count297
\last@try=\dimen163
\multicolovershoot=\dimen164
\multicolundershoot=\dimen165
\mult@nat@firstbox=\box100
\colbreak@box=\box101
\mc@col@check@num=\count298
\g__mc_curr_col_int=\count299
) (C:\Users\one_p\AppData\Local\Programs\MiKTeX\tex/latex/mdframed\mdframed.sty
Package: mdframed 2013/07/01 1.9b: mdframed
 (C:\Users\one_p\AppData\Local\Programs\MiKTeX\tex/latex/l3packages/xparse\xparse.sty (C:\Users\one_p\AppData\Local\Programs\MiKTeX\tex/latex/l3kernel\expl3.sty
Package: expl3 2025-12-24 L3 programming layer (loader) 
 (C:\Users\one_p\AppData\Local\Programs\MiKTeX\tex/latex/l3backend\l3backend-pdftex.def
File: l3backend-pdftex.def 2025-10-09 L3 backend support: PDF output (pdfTeX)
\l__color_backend_stack_int=\count300
))
Package: xparse 2025-10-09 L3 Experimental document command parser
) (C:\Users\one_p\AppData\Local\Programs\MiKTeX\tex/latex/zref\zref-abspage.sty
Package: zref-abspage 2025-06-08 v2.36 Module abspage for zref (HO)
 (C:\Users\one_p\AppData\Local\Programs\MiKTeX\tex/latex/zref\zref-base.sty
Package: zref-base 2025-06-08 v2.36 Module base for zref (HO)
 (C:\Users\one_p\AppData\Local\Programs\MiKTeX\tex/generic/infwarerr\infwarerr.sty
Package: infwarerr 2019/12/03 v1.5 Providing info/warning/error messages (HO)
) (C:\Users\one_p\AppData\Local\Programs\MiKTeX\tex/generic/kvdefinekeys\kvdefinekeys.sty
Package: kvdefinekeys 2019-12-19 v1.6 Define keys (HO)
) (C:\Users\one_p\AppData\Local\Programs\MiKTeX\tex/generic/pdftexcmds\pdftexcmds.sty
Package: pdftexcmds 2020-06-27 v0.33 Utility functions of pdfTeX for LuaTeX (HO)
 (C:\Users\one_p\AppData\Local\Programs\MiKTeX\tex/generic/iftex\iftex.sty
Package: iftex 2024/12/12 v1.0g TeX engine tests
)
Package pdftexcmds Info: \pdf@primitive is available.
Package pdftexcmds Info: \pdf@ifprimitive is available.
Package pdftexcmds Info: \pdfdraftmode found.
) (C:\Users\one_p\AppData\Local\Programs\MiKTeX\tex/generic/etexcmds\etexcmds.sty
Package: etexcmds 2019/12/15 v1.7 Avoid name clashes with e-TeX commands (HO)
) (C:\Users\one_p\AppData\Local\Programs\MiKTeX\tex/latex/auxhook\auxhook.sty
Package: auxhook 2019-12-17 v1.6 Hooks for auxiliary files (HO)
)
Package zref Info: New property list: main on input line 767.
Package zref Info: New property: default on input line 768.
Package zref Info: New property: page on input line 769.
)
\c@abspage=\count301
Package zref Info: New property: abspage on input line 67.
) (C:\Users\one_p\AppData\Local\Programs\MiKTeX\tex/latex/needspace\needspace.sty
Package: needspace 2025/03/13 v1.3e reserve vertical space
)
\mdf@templength=\skip102
\c@mdf@globalstyle@cnt=\count302
\mdf@skipabove@length=\skip103
\mdf@skipbelow@length=\skip104
\mdf@leftmargin@length=\skip105
\mdf@rightmargin@length=\skip106
\mdf@innerleftmargin@length=\skip107
\mdf@innerrightmargin@length=\skip108
\mdf@innertopmargin@length=\skip109
\mdf@innerbottommargin@length=\skip110
\mdf@splittopskip@length=\skip111
\mdf@splitbottomskip@length=\skip112
\mdf@outermargin@length=\skip113
\mdf@innermargin@length=\skip114
\mdf@linewidth@length=\skip115
\mdf@innerlinewidth@length=\skip116
\mdf@middlelinewidth@length=\skip117
\mdf@outerlinewidth@length=\skip118
\mdf@roundcorner@length=\skip119
\mdf@footenotedistance@length=\skip120
\mdf@userdefinedwidth@length=\skip121
\mdf@needspace@length=\skip122
\mdf@frametitleaboveskip@length=\skip123
\mdf@frametitlebelowskip@length=\skip124
\mdf@frametitlerulewidth@length=\skip125
\mdf@frametitleleftmargin@length=\skip126
\mdf@frametitlerightmargin@length=\skip127
\mdf@shadowsize@length=\skip128
\mdf@extratopheight@length=\skip129
\mdf@subtitleabovelinewidth@length=\skip130
\mdf@subtitlebelowlinewidth@length=\skip131
\mdf@subtitleaboveskip@length=\skip132
\mdf@subtitlebelowskip@length=\skip133
\mdf@subtitleinneraboveskip@length=\skip134
\mdf@subtitleinnerbelowskip@length=\skip135
\mdf@subsubtitleabovelinewidth@length=\skip136
\mdf@subsubtitlebelowlinewidth@length=\skip137
\mdf@subsubtitleaboveskip@length=\skip138
\mdf@subsubtitlebelowskip@length=\skip139
\mdf@subsubtitleinneraboveskip@length=\skip140
\mdf@subsubtitleinnerbelowskip@length=\skip141
 (C:\Users\one_p\AppData\Local\Programs\MiKTeX\tex/latex/mdframed\md-frame-0.mdf
File: md-frame-0.mdf 2013/07/01\ 1.9b: md-frame-0
)
\mdf@frametitlebox=\box102
\mdf@footnotebox=\box103
\mdf@splitbox@one=\box104
\mdf@splitbox@two=\box105
\mdf@splitbox@save=\box106
\mdfsplitboxwidth=\skip142
\mdfsplitboxtotalwidth=\skip143
\mdfsplitboxheight=\skip144
\mdfsplitboxdepth=\skip145
\mdfsplitboxtotalheight=\skip146
\mdfframetitleboxwidth=\skip147
\mdfframetitleboxtotalwidth=\skip148
\mdfframetitleboxheight=\skip149
\mdfframetitleboxdepth=\skip150
\mdfframetitleboxtotalheight=\skip151
\mdffootnoteboxwidth=\skip152
\mdffootnoteboxtotalwidth=\skip153
\mdffootnoteboxheight=\skip154
\mdffootnoteboxdepth=\skip155
\mdffootnoteboxtotalheight=\skip156
\mdftotallinewidth=\skip157
\mdfboundingboxwidth=\skip158
\mdfboundingboxtotalwidth=\skip159
\mdfboundingboxheight=\skip160
\mdfboundingboxdepth=\skip161
\mdfboundingboxtotalheight=\skip162
\mdf@freevspace@length=\skip163
\mdf@horizontalwidthofbox@length=\skip164
\mdf@verticalmarginwhole@length=\skip165
\mdf@horizontalspaceofbox=\skip166
\mdfsubtitleheight=\skip167
\mdfsubsubtitleheight=\skip168
\c@mdfcountframes=\count303

****** mdframed patching \endmdf@trivlist

****** -- success******

\mdf@envdepth=\count304
\c@mdf@env@i=\count305
\c@mdf@env@ii=\count306
\c@mdf@zref@counter=\count307
Package zref Info: New property: mdf@pagevalue on input line 895.
) (C:\Users\one_p\AppData\Local\Programs\MiKTeX\tex/latex/geometry\geometry.sty
Package: geometry 2020/01/02 v5.9 Page Geometry
 (C:\Users\one_p\AppData\Local\Programs\MiKTeX\tex/generic/iftex\ifvtex.sty
Package: ifvtex 2019/10/25 v1.7 ifvtex legacy package. Use iftex instead.
)
\Gm@cnth=\count308
\Gm@cntv=\count309
\c@Gm@tempcnt=\count310
\Gm@bindingoffset=\dimen166
\Gm@wd@mp=\dimen167
\Gm@odd@mp=\dimen168
\Gm@even@mp=\dimen169
\Gm@layoutwidth=\dimen170
\Gm@layoutheight=\dimen171
\Gm@layouthoffset=\dimen172
\Gm@layoutvoffset=\dimen173
\Gm@dimlist=\toks22
 (C:\Users\one_p\AppData\Local\Programs\MiKTeX\tex/latex/geometry\geometry.cfg)) (C:\Users\one_p\AppData\Local\Programs\MiKTeX\tex/latex/mathtools\mathtools.sty
Package: mathtools 2024/10/04 v1.31 mathematical typesetting tools
 (C:\Users\one_p\AppData\Local\Programs\MiKTeX\tex/latex/tools\calc.sty
Package: calc 2025/03/01 v4.3b Infix arithmetic (KKT,FJ)
\calc@Acount=\count311
\calc@Bcount=\count312
\calc@Adimen=\dimen174
\calc@Bdimen=\dimen175
\calc@Askip=\skip169
\calc@Bskip=\skip170
LaTeX Info: Redefining \setlength on input line 86.
LaTeX Info: Redefining \addtolength on input line 87.
\calc@Ccount=\count313
\calc@Cskip=\skip171
) (C:\Users\one_p\AppData\Local\Programs\MiKTeX\tex/latex/mathtools\mhsetup.sty
Package: mhsetup 2021/03/18 v1.4 programming setup (MH)
) (C:\Users\one_p\AppData\Local\Programs\MiKTeX\tex/latex/amsmath\amsmath.sty
Package: amsmath 2025/07/09 v2.17z AMS math features
\@mathmargin=\skip172

For additional information on amsmath, use the `?' option.
(C:\Users\one_p\AppData\Local\Programs\MiKTeX\tex/latex/amsmath\amstext.sty
Package: amstext 2024/11/17 v2.01 AMS text
 (C:\Users\one_p\AppData\Local\Programs\MiKTeX\tex/latex/amsmath\amsgen.sty
File: amsgen.sty 1999/11/30 v2.0 generic functions
\@emptytoks=\toks23
\ex@=\dimen176
)) (C:\Users\one_p\AppData\Local\Programs\MiKTeX\tex/latex/amsmath\amsbsy.sty
Package: amsbsy 1999/11/29 v1.2d Bold Symbols
\pmbraise@=\dimen177
) (C:\Users\one_p\AppData\Local\Programs\MiKTeX\tex/latex/amsmath\amsopn.sty
Package: amsopn 2022/04/08 v2.04 operator names
)
\inf@bad=\count314
LaTeX Info: Redefining \frac on input line 233.
\uproot@=\count315
\leftroot@=\count316
LaTeX Info: Redefining \overline on input line 398.
LaTeX Info: Redefining \colon on input line 409.
\classnum@=\count317
\DOTSCASE@=\count318
LaTeX Info: Redefining \ldots on input line 495.
LaTeX Info: Redefining \dots on input line 498.
LaTeX Info: Redefining \cdots on input line 619.
\Mathstrutbox@=\box107
\strutbox@=\box108
LaTeX Info: Redefining \big on input line 721.
LaTeX Info: Redefining \Big on input line 722.
LaTeX Info: Redefining \bigg on input line 723.
LaTeX Info: Redefining \Bigg on input line 724.
\big@size=\dimen178
LaTeX Font Info:    Redeclaring font encoding OML on input line 742.
LaTeX Font Info:    Redeclaring font encoding OMS on input line 743.
\macc@depth=\count319
LaTeX Info: Redefining \bmod on input line 904.
LaTeX Info: Redefining \pmod on input line 909.
LaTeX Info: Redefining \smash on input line 939.
LaTeX Info: Redefining \relbar on input line 969.
LaTeX Info: Redefining \Relbar on input line 970.
\c@MaxMatrixCols=\count320
\dotsspace@=\muskip17
\c@parentequation=\count321
\dspbrk@lvl=\count322
\tag@help=\toks24
\row@=\count323
\column@=\count324
\maxfields@=\count325
\andhelp@=\toks25
\eqnshift@=\dimen179
\alignsep@=\dimen180
\tagshift@=\dimen181
\tagwidth@=\dimen182
\totwidth@=\dimen183
\lineht@=\dimen184
\@envbody=\toks26
\multlinegap=\skip173
\multlinetaggap=\skip174
\mathdisplay@stack=\toks27
LaTeX Info: Redefining \[ on input line 2950.
LaTeX Info: Redefining \] on input line 2951.
)
\g_MT_multlinerow_int=\count326
\l_MT_multwidth_dim=\dimen185
\origjot=\skip175
\l_MT_shortvdotswithinadjustabove_dim=\dimen186
\l_MT_shortvdotswithinadjustbelow_dim=\dimen187
\l_MT_above_intertext_sep=\dimen188
\l_MT_below_intertext_sep=\dimen189
\l_MT_above_shortintertext_sep=\dimen190
\l_MT_below_shortintertext_sep=\dimen191
\xmathstrut@box=\box109
\xmathstrut@dim=\dimen192
) (C:\Users\one_p\AppData\Local\Programs\MiKTeX\tex/latex/colortbl\colortbl.sty
Package: colortbl 2024/10/29 v1.0k Color table columns (DPC)
 (C:\Users\one_p\AppData\Local\Programs\MiKTeX\tex/latex/tools\array.sty
Package: array 2025/09/25 v2.6n Tabular extension package (FMi)
\col@sep=\dimen193
\ar@mcellbox=\box110
\extrarowheight=\dimen194
\NC@list=\toks28
\extratabsurround=\skip176
\backup@length=\skip177
\ar@cellbox=\box111
)
\everycr=\toks29
\minrowclearance=\skip178
\rownum=\count327
) (C:\Users\one_p\AppData\Local\Programs\MiKTeX\tex/latex/xtab\xtab.sty
Package: xtab 2011/07/31 v2.3f Extended supertabular package
\c@tracingst=\count328
\PWSTcapht=\dimen195
\ST@wd=\dimen196
\ST@rightskip=\skip179
\ST@leftskip=\skip180
\ST@parfillskip=\skip181
\c@PWSTtable=\count329
\PWSTlastpage=\count330
\PWSTpenultimate=\count331
\PWSTcurpage=\count332
\PWSTtempc=\count333
\PWSTlines=\count334
\PWST@lastht=\dimen197
\PWST@generalht=\dimen198
\PWST@ht=\dimen199
\ST@pageleft=\dimen256
\ST@headht=\dimen257
\ST@tailht=\dimen258
\ST@pagesofar=\dimen259
\ST@pboxht=\dimen260
\ST@lineht=\dimen261
\ST@stretchht=\dimen262
\ST@prevht=\dimen263
\ST@toadd=\dimen264
\ST@dimen=\dimen265
\ST@pbox=\box112
) (C:\Users\one_p\AppData\Local\Programs\MiKTeX\tex/latex/lipsum\lipsum.sty (C:\Users\one_p\AppData\Local\Programs\MiKTeX\tex/latex/l3packages/l3keys2e\l3keys2e.sty
Package: l3keys2e 2025-10-09 LaTeX2e option processing using LaTeX3 keys
)
Package: lipsum 2021-09-20 v2.7 150 paragraphs of Lorem Ipsum dummy text
\g__lipsum_par_int=\count335
\l__lipsum_a_int=\count336
\l__lipsum_b_int=\count337
 (C:\Users\one_p\AppData\Local\Programs\MiKTeX\tex/latex/lipsum\lipsum.ltd.tex)) (C:\Users\one_p\AppData\Local\Programs\MiKTeX\tex/latex/hyperref\hyperref.sty
Package: hyperref 2025-07-12 v7.01o Hypertext links for LaTeX
 (C:\Users\one_p\AppData\Local\Programs\MiKTeX\tex/generic/pdfescape\pdfescape.sty
Package: pdfescape 2019/12/09 v1.15 Implements pdfTeX's escape features (HO)
) (C:\Users\one_p\AppData\Local\Programs\MiKTeX\tex/latex/hycolor\hycolor.sty
Package: hycolor 2020-01-27 v1.10 Color options for hyperref/bookmark (HO)
) (C:\Users\one_p\AppData\Local\Programs\MiKTeX\tex/latex/hyperref\nameref.sty
Package: nameref 2025-06-21 v2.57 Cross-referencing by name of section
 (C:\Users\one_p\AppData\Local\Programs\MiKTeX\tex/latex/refcount\refcount.sty
Package: refcount 2019/12/15 v3.6 Data extraction from label references (HO)
) (C:\Users\one_p\AppData\Local\Programs\MiKTeX\tex/generic/gettitlestring\gettitlestring.sty
Package: gettitlestring 2019/12/15 v1.6 Cleanup title references (HO)
)
\c@section@level=\count338
) (C:\Users\one_p\AppData\Local\Programs\MiKTeX\tex/generic/stringenc\stringenc.sty
Package: stringenc 2019/11/29 v1.12 Convert strings between diff. encodings (HO)
)
\@linkdim=\dimen266
\Hy@linkcounter=\count339
\Hy@pagecounter=\count340
 (C:\Users\one_p\AppData\Local\Programs\MiKTeX\tex/latex/hyperref\pd1enc.def
File: pd1enc.def 2025-07-12 v7.01o Hyperref: PDFDocEncoding definition (HO)
Now handling font encoding PD1 ...
... no UTF-8 mapping file for font encoding PD1
) (C:\Users\one_p\AppData\Local\Programs\MiKTeX\tex/generic/intcalc\intcalc.sty
Package: intcalc 2019/12/15 v1.3 Expandable calculations with integers (HO)
)
\Hy@SavedSpaceFactor=\count341
 (C:\Users\one_p\AppData\Local\Programs\MiKTeX\tex/latex/hyperref\puenc.def
File: puenc.def 2025-07-12 v7.01o Hyperref: PDF Unicode definition (HO)
Now handling font encoding PU ...
... no UTF-8 mapping file for font encoding PU
)
Package hyperref Info: Hyper figures OFF on input line 4195.
Package hyperref Info: Link nesting OFF on input line 4200.
Package hyperref Info: Hyper index ON on input line 4203.
Package hyperref Info: Plain pages OFF on input line 4210.
Package hyperref Info: Backreferencing OFF on input line 4215.
Package hyperref Info: Implicit mode ON; LaTeX internals redefined.
Package hyperref Info: Bookmarks ON on input line 4462.
\c@Hy@tempcnt=\count342
 (C:\Users\one_p\AppData\Local\Programs\MiKTeX\tex/latex/url\url.sty
\Urlmuskip=\muskip18
Package: url 2013/09/16  ver 3.4  Verb mode for urls, etc.
)
LaTeX Info: Redefining \url on input line 4801.
\XeTeXLinkMargin=\dimen267
 (C:\Users\one_p\AppData\Local\Programs\MiKTeX\tex/generic/bitset\bitset.sty
Package: bitset 2019/12/09 v1.3 Handle bit-vector datatype (HO)
 (C:\Users\one_p\AppData\Local\Programs\MiKTeX\tex/generic/bigintcalc\bigintcalc.sty
Package: bigintcalc 2019/12/15 v1.5 Expandable calculations on big integers (HO)
))
\Fld@menulength=\count343
\Field@Width=\dimen268
\Fld@charsize=\dimen269
Package hyperref Info: Hyper figures OFF on input line 6078.
Package hyperref Info: Link nesting OFF on input line 6083.
Package hyperref Info: Hyper index ON on input line 6086.
Package hyperref Info: backreferencing OFF on input line 6093.
Package hyperref Info: Link coloring OFF on input line 6098.
Package hyperref Info: Link coloring with OCG OFF on input line 6103.
Package hyperref Info: PDF/A mode OFF on input line 6108.
\Hy@abspage=\count344
\c@Item=\count345
\c@Hfootnote=\count346
)
Package hyperref Info: Driver (autodetected): hpdftex.
 (C:\Users\one_p\AppData\Local\Programs\MiKTeX\tex/latex/hyperref\hpdftex.def
File: hpdftex.def 2025-07-12 v7.01o Hyperref driver for pdfTeX
\HyAnn@Count=\count347
\Fld@listcount=\count348
\c@bookmark@seq@number=\count349
 (C:\Users\one_p\AppData\Local\Programs\MiKTeX\tex/latex/rerunfilecheck\rerunfilecheck.sty
Package: rerunfilecheck 2025-06-21 v1.11 Rerun checks for auxiliary files (HO)
 (C:\Users\one_p\AppData\Local\Programs\MiKTeX\tex/generic/uniquecounter\uniquecounter.sty
Package: uniquecounter 2019/12/15 v1.4 Provide unlimited unique counter (HO)
)
Package uniquecounter Info: New unique counter `rerunfilecheck' on input line 284.
)
\Hy@SectionHShift=\skip182
) (C:\Users\one_p\AppData\Local\Programs\MiKTeX\tex/latex/amsfonts\amssymb.sty
Package: amssymb 2013/01/14 v3.01 AMS font symbols
 (C:\Users\one_p\AppData\Local\Programs\MiKTeX\tex/latex/amsfonts\amsfonts.sty
Package: amsfonts 2013/01/14 v3.01 Basic AMSFonts support
\symAMSa=\mathgroup4
\symAMSb=\mathgroup5
LaTeX Font Info:    Redeclaring math symbol \hbar on input line 98.
LaTeX Font Info:    Overwriting math alphabet `\mathfrak' in version `bold'
(Font)                  U/euf/m/n --> U/euf/b/n on input line 106.
)) (C:\Users\one_p\AppData\Local\Programs\MiKTeX\tex/latex/tcolorbox\tcolorbox.sty
Package: tcolorbox 2025/11/28 version 6.9.0 text color boxes
 (C:\Users\one_p\AppData\Local\Programs\MiKTeX\tex/latex/pgf/frontendlayer\tikz.sty (C:\Users\one_p\AppData\Local\Programs\MiKTeX\tex/latex/pgf/basiclayer\pgf.sty (C:\Users\one_p\AppData\Local\Programs\MiKTeX\tex/latex/pgf/utilities\pgfrcs.sty (C:\Users\one_p\AppData\Local\Programs\MiKTeX\tex/generic/pgf/utilities\pgfutil-common.tex
\pgfutil@everybye=\toks30
\pgfutil@tempdima=\dimen270
\pgfutil@tempdimb=\dimen271
) (C:\Users\one_p\AppData\Local\Programs\MiKTeX\tex/generic/pgf/utilities\pgfutil-latex.def
\pgfutil@abb=\box113
) (C:\Users\one_p\AppData\Local\Programs\MiKTeX\tex/generic/pgf/utilities\pgfrcs.code.tex (C:\Users\one_p\AppData\Local\Programs\MiKTeX\tex/generic/pgf\pgf.revision.tex)
Package: pgfrcs 2025-08-29 v3.1.11a (3.1.11a)
))
Package: pgf 2025-08-29 v3.1.11a (3.1.11a)
 (C:\Users\one_p\AppData\Local\Programs\MiKTeX\tex/latex/pgf/basiclayer\pgfcore.sty (C:\Users\one_p\AppData\Local\Programs\MiKTeX\tex/latex/graphics\graphicx.sty
Package: graphicx 2024/12/31 v1.2e Enhanced LaTeX Graphics (DPC,SPQR)
 (C:\Users\one_p\AppData\Local\Programs\MiKTeX\tex/latex/graphics\graphics.sty
Package: graphics 2024/08/06 v1.4g Standard LaTeX Graphics (DPC,SPQR)
 (C:\Users\one_p\AppData\Local\Programs\MiKTeX\tex/latex/graphics\trig.sty
Package: trig 2023/12/02 v1.11 sin cos tan (DPC)
) (C:\Users\one_p\AppData\Local\Programs\MiKTeX\tex/latex/graphics-cfg\graphics.cfg
File: graphics.cfg 2016/06/04 v1.11 sample graphics configuration
)
Package graphics Info: Driver file: pdftex.def on input line 106.
)
\Gin@req@height=\dimen272
\Gin@req@width=\dimen273
) (C:\Users\one_p\AppData\Local\Programs\MiKTeX\tex/latex/pgf/systemlayer\pgfsys.sty (C:\Users\one_p\AppData\Local\Programs\MiKTeX\tex/generic/pgf/systemlayer\pgfsys.code.tex
Package: pgfsys 2025-08-29 v3.1.11a (3.1.11a)
 (C:\Users\one_p\AppData\Local\Programs\MiKTeX\tex/generic/pgf/utilities\pgfkeys.code.tex
\pgfkeys@pathtoks=\toks31
\pgfkeys@temptoks=\toks32
 (C:\Users\one_p\AppData\Local\Programs\MiKTeX\tex/generic/pgf/utilities\pgfkeyslibraryfiltered.code.tex
\pgfkeys@tmptoks=\toks33
))
\pgf@x=\dimen274
\pgf@y=\dimen275
\pgf@xa=\dimen276
\pgf@ya=\dimen277
\pgf@xb=\dimen278
\pgf@yb=\dimen279
\pgf@xc=\dimen280
\pgf@yc=\dimen281
\pgf@xd=\dimen282
\pgf@yd=\dimen283
\w@pgf@writea=\write3
\r@pgf@reada=\read2
\c@pgf@counta=\count350
\c@pgf@countb=\count351
\c@pgf@countc=\count352
\c@pgf@countd=\count353
\t@pgf@toka=\toks34
\t@pgf@tokb=\toks35
\t@pgf@tokc=\toks36
\pgf@sys@id@count=\count354
 (C:\Users\one_p\AppData\Local\Programs\MiKTeX\tex/generic/pgf/systemlayer\pgf.cfg
File: pgf.cfg 2025-08-29 v3.1.11a (3.1.11a)
)
Driver file for pgf: pgfsys-pdftex.def
 (C:\Users\one_p\AppData\Local\Programs\MiKTeX\tex/generic/pgf/systemlayer\pgfsys-pdftex.def
File: pgfsys-pdftex.def 2025-08-29 v3.1.11a (3.1.11a)
 (C:\Users\one_p\AppData\Local\Programs\MiKTeX\tex/generic/pgf/systemlayer\pgfsys-common-pdf.def
File: pgfsys-common-pdf.def 2025-08-29 v3.1.11a (3.1.11a)
))) (C:\Users\one_p\AppData\Local\Programs\MiKTeX\tex/generic/pgf/systemlayer\pgfsyssoftpath.code.tex
File: pgfsyssoftpath.code.tex 2025-08-29 v3.1.11a (3.1.11a)
\pgfsyssoftpath@smallbuffer@items=\count355
\pgfsyssoftpath@bigbuffer@items=\count356
) (C:\Users\one_p\AppData\Local\Programs\MiKTeX\tex/generic/pgf/systemlayer\pgfsysprotocol.code.tex
File: pgfsysprotocol.code.tex 2025-08-29 v3.1.11a (3.1.11a)
)) (C:\Users\one_p\AppData\Local\Programs\MiKTeX\tex/generic/pgf/basiclayer\pgfcore.code.tex
Package: pgfcore 2025-08-29 v3.1.11a (3.1.11a)
 (C:\Users\one_p\AppData\Local\Programs\MiKTeX\tex/generic/pgf/math\pgfmath.code.tex (C:\Users\one_p\AppData\Local\Programs\MiKTeX\tex/generic/pgf/math\pgfmathutil.code.tex) (C:\Users\one_p\AppData\Local\Programs\MiKTeX\tex/generic/pgf/math\pgfmathparser.code.tex
\pgfmath@dimen=\dimen284
\pgfmath@count=\count357
\pgfmath@box=\box114
\pgfmath@toks=\toks37
\pgfmath@stack@operand=\toks38
\pgfmath@stack@operation=\toks39
) (C:\Users\one_p\AppData\Local\Programs\MiKTeX\tex/generic/pgf/math\pgfmathfunctions.code.tex) (C:\Users\one_p\AppData\Local\Programs\MiKTeX\tex/generic/pgf/math\pgfmathfunctions.basic.code.tex) (C:\Users\one_p\AppData\Local\Programs\MiKTeX\tex/generic/pgf/math\pgfmathfunctions.trigonometric.code.tex) (C:\Users\one_p\AppData\Local\Programs\MiKTeX\tex/generic/pgf/math\pgfmathfunctions.random.code.tex) (C:\Users\one_p\AppData\Local\Programs\MiKTeX\tex/generic/pgf/math\pgfmathfunctions.comparison.code.tex) (C:\Users\one_p\AppData\Local\Programs\MiKTeX\tex/generic/pgf/math\pgfmathfunctions.base.code.tex) (C:\Users\one_p\AppData\Local\Programs\MiKTeX\tex/generic/pgf/math\pgfmathfunctions.round.code.tex) (C:\Users\one_p\AppData\Local\Programs\MiKTeX\tex/generic/pgf/math\pgfmathfunctions.misc.code.tex) (C:\Users\one_p\AppData\Local\Programs\MiKTeX\tex/generic/pgf/math\pgfmathfunctions.integerarithmetics.code.tex) (C:\Users\one_p\AppData\Local\Programs\MiKTeX\tex/generic/pgf/math\pgfmathcalc.code.tex) (C:\Users\one_p\AppData\Local\Programs\MiKTeX\tex/generic/pgf/math\pgfmathfloat.code.tex
\c@pgfmathroundto@lastzeros=\count358
)) (C:\Users\one_p\AppData\Local\Programs\MiKTeX\tex/generic/pgf/math\pgfint.code.tex) (C:\Users\one_p\AppData\Local\Programs\MiKTeX\tex/generic/pgf/basiclayer\pgfcorepoints.code.tex
File: pgfcorepoints.code.tex 2025-08-29 v3.1.11a (3.1.11a)
\pgf@picminx=\dimen285
\pgf@picmaxx=\dimen286
\pgf@picminy=\dimen287
\pgf@picmaxy=\dimen288
\pgf@pathminx=\dimen289
\pgf@pathmaxx=\dimen290
\pgf@pathminy=\dimen291
\pgf@pathmaxy=\dimen292
\pgf@xx=\dimen293
\pgf@xy=\dimen294
\pgf@yx=\dimen295
\pgf@yy=\dimen296
\pgf@zx=\dimen297
\pgf@zy=\dimen298
LaTeX Font Info:    Trying to load font information for T1+qcs on input line 926.
 (C:\Users\one_p\AppData\Local\Programs\MiKTeX\tex/latex/tex-gyre\t1qcs.fd
File: t1qcs.fd 2009/09/25 v1.2 font definition file for T1/qcs
)) (C:\Users\one_p\AppData\Local\Programs\MiKTeX\tex/generic/pgf/basiclayer\pgfcorepathconstruct.code.tex
File: pgfcorepathconstruct.code.tex 2025-08-29 v3.1.11a (3.1.11a)
\pgf@path@lastx=\dimen299
\pgf@path@lasty=\dimen300
) (C:\Users\one_p\AppData\Local\Programs\MiKTeX\tex/generic/pgf/basiclayer\pgfcorepathusage.code.tex
File: pgfcorepathusage.code.tex 2025-08-29 v3.1.11a (3.1.11a)
\pgf@shorten@end@additional=\dimen301
\pgf@shorten@start@additional=\dimen302
) (C:\Users\one_p\AppData\Local\Programs\MiKTeX\tex/generic/pgf/basiclayer\pgfcorescopes.code.tex
File: pgfcorescopes.code.tex 2025-08-29 v3.1.11a (3.1.11a)
\pgfpic=\box115
\pgf@hbox=\box116
\pgf@layerbox@main=\box117
\pgf@picture@serial@count=\count359
) (C:\Users\one_p\AppData\Local\Programs\MiKTeX\tex/generic/pgf/basiclayer\pgfcoregraphicstate.code.tex
File: pgfcoregraphicstate.code.tex 2025-08-29 v3.1.11a (3.1.11a)
\pgflinewidth=\dimen303
) (C:\Users\one_p\AppData\Local\Programs\MiKTeX\tex/generic/pgf/basiclayer\pgfcoretransformations.code.tex
File: pgfcoretransformations.code.tex 2025-08-29 v3.1.11a (3.1.11a)
\pgf@pt@x=\dimen304
\pgf@pt@y=\dimen305
\pgf@pt@temp=\dimen306
) (C:\Users\one_p\AppData\Local\Programs\MiKTeX\tex/generic/pgf/basiclayer\pgfcorequick.code.tex
File: pgfcorequick.code.tex 2025-08-29 v3.1.11a (3.1.11a)
) (C:\Users\one_p\AppData\Local\Programs\MiKTeX\tex/generic/pgf/basiclayer\pgfcoreobjects.code.tex
File: pgfcoreobjects.code.tex 2025-08-29 v3.1.11a (3.1.11a)
) (C:\Users\one_p\AppData\Local\Programs\MiKTeX\tex/generic/pgf/basiclayer\pgfcorepathprocessing.code.tex
File: pgfcorepathprocessing.code.tex 2025-08-29 v3.1.11a (3.1.11a)
) (C:\Users\one_p\AppData\Local\Programs\MiKTeX\tex/generic/pgf/basiclayer\pgfcorearrows.code.tex
File: pgfcorearrows.code.tex 2025-08-29 v3.1.11a (3.1.11a)
\pgfarrowsep=\dimen307
) (C:\Users\one_p\AppData\Local\Programs\MiKTeX\tex/generic/pgf/basiclayer\pgfcoreshade.code.tex
File: pgfcoreshade.code.tex 2025-08-29 v3.1.11a (3.1.11a)
\pgf@max=\dimen308
\pgf@sys@shading@range@num=\count360
\pgf@shadingcount=\count361
) (C:\Users\one_p\AppData\Local\Programs\MiKTeX\tex/generic/pgf/basiclayer\pgfcoreimage.code.tex
File: pgfcoreimage.code.tex 2025-08-29 v3.1.11a (3.1.11a)
) (C:\Users\one_p\AppData\Local\Programs\MiKTeX\tex/generic/pgf/basiclayer\pgfcoreexternal.code.tex
File: pgfcoreexternal.code.tex 2025-08-29 v3.1.11a (3.1.11a)
\pgfexternal@startupbox=\box118
) (C:\Users\one_p\AppData\Local\Programs\MiKTeX\tex/generic/pgf/basiclayer\pgfcorelayers.code.tex
File: pgfcorelayers.code.tex 2025-08-29 v3.1.11a (3.1.11a)
) (C:\Users\one_p\AppData\Local\Programs\MiKTeX\tex/generic/pgf/basiclayer\pgfcoretransparency.code.tex
File: pgfcoretransparency.code.tex 2025-08-29 v3.1.11a (3.1.11a)
) (C:\Users\one_p\AppData\Local\Programs\MiKTeX\tex/generic/pgf/basiclayer\pgfcorepatterns.code.tex
File: pgfcorepatterns.code.tex 2025-08-29 v3.1.11a (3.1.11a)
) (C:\Users\one_p\AppData\Local\Programs\MiKTeX\tex/generic/pgf/basiclayer\pgfcorerdf.code.tex
File: pgfcorerdf.code.tex 2025-08-29 v3.1.11a (3.1.11a)
))) (C:\Users\one_p\AppData\Local\Programs\MiKTeX\tex/generic/pgf/modules\pgfmoduleshapes.code.tex
File: pgfmoduleshapes.code.tex 2025-08-29 v3.1.11a (3.1.11a)
\pgfnodeparttextbox=\box119
) (C:\Users\one_p\AppData\Local\Programs\MiKTeX\tex/generic/pgf/modules\pgfmoduleplot.code.tex
File: pgfmoduleplot.code.tex 2025-08-29 v3.1.11a (3.1.11a)
) (C:\Users\one_p\AppData\Local\Programs\MiKTeX\tex/latex/pgf/compatibility\pgfcomp-version-0-65.sty
Package: pgfcomp-version-0-65 2025-08-29 v3.1.11a (3.1.11a)
\pgf@nodesepstart=\dimen309
\pgf@nodesepend=\dimen310
) (C:\Users\one_p\AppData\Local\Programs\MiKTeX\tex/latex/pgf/compatibility\pgfcomp-version-1-18.sty
Package: pgfcomp-version-1-18 2025-08-29 v3.1.11a (3.1.11a)
)) (C:\Users\one_p\AppData\Local\Programs\MiKTeX\tex/latex/pgf/utilities\pgffor.sty (C:\Users\one_p\AppData\Local\Programs\MiKTeX\tex/latex/pgf/utilities\pgfkeys.sty (C:\Users\one_p\AppData\Local\Programs\MiKTeX\tex/generic/pgf/utilities\pgfkeys.code.tex)) (C:\Users\one_p\AppData\Local\Programs\MiKTeX\tex/latex/pgf/math\pgfmath.sty (C:\Users\one_p\AppData\Local\Programs\MiKTeX\tex/generic/pgf/math\pgfmath.code.tex)) (C:\Users\one_p\AppData\Local\Programs\MiKTeX\tex/generic/pgf/utilities\pgffor.code.tex
Package: pgffor 2025-08-29 v3.1.11a (3.1.11a)
\pgffor@iter=\dimen311
\pgffor@skip=\dimen312
\pgffor@stack=\toks40
\pgffor@toks=\toks41
)) (C:\Users\one_p\AppData\Local\Programs\MiKTeX\tex/generic/pgf/frontendlayer/tikz\tikz.code.tex
Package: tikz 2025-08-29 v3.1.11a (3.1.11a)
 (C:\Users\one_p\AppData\Local\Programs\MiKTeX\tex/generic/pgf/libraries\pgflibraryplothandlers.code.tex
File: pgflibraryplothandlers.code.tex 2025-08-29 v3.1.11a (3.1.11a)
\pgf@plot@mark@count=\count362
\pgfplotmarksize=\dimen313
)
\tikz@lastx=\dimen314
\tikz@lasty=\dimen315
\tikz@lastxsaved=\dimen316
\tikz@lastysaved=\dimen317
\tikz@lastmovetox=\dimen318
\tikz@lastmovetoy=\dimen319
\tikzleveldistance=\dimen320
\tikzsiblingdistance=\dimen321
\tikz@figbox=\box120
\tikz@figbox@bg=\box121
\tikz@tempbox=\box122
\tikz@tempbox@bg=\box123
\tikztreelevel=\count363
\tikznumberofchildren=\count364
\tikznumberofcurrentchild=\count365
\tikz@fig@count=\count366
 (C:\Users\one_p\AppData\Local\Programs\MiKTeX\tex/generic/pgf/modules\pgfmodulematrix.code.tex
File: pgfmodulematrix.code.tex 2025-08-29 v3.1.11a (3.1.11a)
\pgfmatrixcurrentrow=\count367
\pgfmatrixcurrentcolumn=\count368
\pgf@matrix@numberofcolumns=\count369
)
\tikz@expandcount=\count370
 (C:\Users\one_p\AppData\Local\Programs\MiKTeX\tex/generic/pgf/frontendlayer/tikz/libraries\tikzlibrarytopaths.code.tex
File: tikzlibrarytopaths.code.tex 2025-08-29 v3.1.11a (3.1.11a)
))) (C:\Users\one_p\AppData\Local\Programs\MiKTeX\tex/latex/tools\verbatim.sty
Package: verbatim 2024-01-22 v1.5x LaTeX2e package for verbatim enhancements
\every@verbatim=\toks42
\verbatim@line=\toks43
\verbatim@in@stream=\read3
) (C:\Users\one_p\AppData\Local\Programs\MiKTeX\tex/latex/environ\environ.sty
Package: environ 2014/05/04 v0.3 A new way to define environments
 (C:\Users\one_p\AppData\Local\Programs\MiKTeX\tex/latex/trimspaces\trimspaces.sty
Package: trimspaces 2009/09/17 v1.1 Trim spaces around a token list
))
\tcb@titlebox=\box124
\tcb@upperbox=\box125
\tcb@lowerbox=\box126
\tcb@phantombox=\box127
\c@tcbbreakpart=\count371
\c@tcblayer=\count372
\c@tcolorbox@number=\count373
\l__tcobox_tmpa_box=\box128
\l__tcobox_tmpa_dim=\dimen322
\tcb@temp=\box129
\tcb@temp=\box130
\tcb@temp=\box131
\tcb@temp=\box132
 (C:\Users\one_p\AppData\Local\Programs\MiKTeX\tex/latex/tcolorbox\tcbraster.code.tex
Library (tcolorbox): 'tcbraster.code.tex' version '6.9.0'
\c@tcbrastercolumn=\count374
\c@tcbrasterrow=\count375
\c@tcbrasternum=\count376
\c@tcbraster=\count377
) (C:\Users\one_p\AppData\Local\Programs\MiKTeX\tex/latex/tcolorbox\tcbskins.code.tex
Library (tcolorbox): 'tcbskins.code.tex' version '6.9.0'
(C:\Users\one_p\AppData\Local\Programs\MiKTeX\tex/latex/tikzfill\tikzfill.image.sty
Package: tikzfill.image 2023/08/08 v1.0.1 Image filling library for TikZ
 (C:\Users\one_p\AppData\Local\Programs\MiKTeX\tex/latex/tikzfill\tikzfill-common.sty
Package: tikzfill-common 2023/08/08 v1.0.1 Auxiliary code for tikzfill
) (C:\Users\one_p\AppData\Local\Programs\MiKTeX\tex/latex/tikzfill\tikzlibraryfill.image.code.tex
File: tikzlibraryfill.image.code.tex 2023/08/08 v1.0.1 Image filling library
\l__tikzfill_img_box=\box133
)) (C:\Users\one_p\AppData\Local\Programs\MiKTeX\tex/latex/tcolorbox\tcbskinsjigsaw.code.tex
Library (tcolorbox): 'tcbskinsjigsaw.code.tex' version '6.9.0'
)) (C:\Users\one_p\AppData\Local\Programs\MiKTeX\tex/latex/tcolorbox\tcbbreakable.code.tex
Library (tcolorbox): 'tcbbreakable.code.tex' version '6.9.0'
(C:\Users\one_p\AppData\Local\Programs\MiKTeX\tex/latex/pdfcol\pdfcol.sty
Package: pdfcol 2022-09-21 v1.7 Handle new color stacks for pdfTeX (HO)
)
Package pdfcol Info: New color stack `tcb@breakable' = 1 on input line 23.
\tcb@testbox=\box134
\tcb@totalupperbox=\box135
\tcb@totallowerbox=\box136
) (C:\Users\one_p\AppData\Local\Programs\MiKTeX\tex/latex/tcolorbox\tcbhooks.code.tex
Library (tcolorbox): 'tcbhooks.code.tex' version '6.9.0'
) (C:\Users\one_p\AppData\Local\Programs\MiKTeX\tex/latex/tcolorbox\tcbtheorems.code.tex
Library (tcolorbox): 'tcbtheorems.code.tex' version '6.9.0'
) (C:\Users\one_p\AppData\Local\Programs\MiKTeX\tex/latex/tcolorbox\tcbfitting.code.tex
Library (tcolorbox): 'tcbfitting.code.tex' version '6.9.0'
\tcbfitdim=\dimen323
\tcb@lowerfitdim=\dimen324
\tcb@upperfitdim=\dimen325
\tcb@cur@hbadness=\count378
) (C:\Users\one_p\AppData\Local\Programs\MiKTeX\tex/latex/tcolorbox\tcblistingsutf8.code.tex
Library (tcolorbox): 'tcblistingsutf8.code.tex' version '6.9.0'
(C:\Users\one_p\AppData\Local\Programs\MiKTeX\tex/latex/tcolorbox\tcblistings.code.tex
Library (tcolorbox): 'tcblistings.code.tex' version '6.9.0'
(C:\Users\one_p\AppData\Local\Programs\MiKTeX\tex/latex/listings\listings.sty
\lst@mode=\count379
\lst@gtempboxa=\box137
\lst@token=\toks44
\lst@length=\count380
\lst@currlwidth=\dimen326
\lst@column=\count381
\lst@pos=\count382
\lst@lostspace=\dimen327
\lst@width=\dimen328
\lst@newlines=\count383
\lst@lineno=\count384
\lst@maxwidth=\dimen329
 (C:\Users\one_p\AppData\Local\Programs\MiKTeX\tex/latex/listings\lstpatch.sty
File: lstpatch.sty 2025/11/14 1.11b (Carsten Heinz)
) (C:\Users\one_p\AppData\Local\Programs\MiKTeX\tex/latex/listings\lstmisc.sty
File: lstmisc.sty 2025/11/14 1.11b (Carsten Heinz)
\c@lstnumber=\count385
\lst@skipnumbers=\count386
\lst@framebox=\box138
) (C:\Users\one_p\AppData\Local\Programs\MiKTeX\tex/latex/listings\listings.cfg
File: listings.cfg 2025/11/14 1.11b listings configuration
))
Package: listings 2025/11/14 1.11b (Carsten Heinz)

==> First Aid for listings.sty no longer applied!
    Expected:
        2024/09/23 1.10c (Carsten Heinz)
    but found:
        2025/11/14 1.11b (Carsten Heinz)
    so I'm assuming it got fixed.
(C:\Users\one_p\AppData\Local\Programs\MiKTeX\tex/latex/tcolorbox\tcblistingscore.code.tex
Library (tcolorbox): 'tcblistingscore.code.tex' version '6.9.0'
(C:\Users\one_p\AppData\Local\Programs\MiKTeX\tex/latex/tcolorbox\tcbprocessing.code.tex
Library (tcolorbox): 'tcbprocessing.code.tex' version '6.9.0'
)
\c@tcblisting=\count387
)) (C:\Users\one_p\AppData\Local\Programs\MiKTeX\tex/latex/listingsutf8\listingsutf8.sty
Package: listingsutf8 2019-12-10 v1.5 Allow UTF-8 in listings input (HO)
)) (C:\Users\one_p\AppData\Local\Programs\MiKTeX\tex/latex/tcolorbox\tcbexternal.code.tex
Library (tcolorbox): 'tcbexternal.code.tex' version '6.9.0'
) (C:\Users\one_p\AppData\Local\Programs\MiKTeX\tex/latex/tcolorbox\tcbmagazine.code.tex
Library (tcolorbox): 'tcbmagazine.code.tex' version '6.9.0'
) (C:\Users\one_p\AppData\Local\Programs\MiKTeX\tex/latex/tcolorbox\tcbvignette.code.tex
Library (tcolorbox): 'tcbvignette.code.tex' version '6.9.0'
(C:\Users\one_p\AppData\Local\Programs\MiKTeX\tex/generic/pgf/frontendlayer/tikz/libraries\tikzlibraryfadings.code.tex
File: tikzlibraryfadings.code.tex 2025-08-29 v3.1.11a (3.1.11a)
 (C:\Users\one_p\AppData\Local\Programs\MiKTeX\tex/generic/pgf/libraries\pgflibraryfadings.code.tex
File: pgflibraryfadings.code.tex 2025-08-29 v3.1.11a (3.1.11a)
))) (C:\Users\one_p\AppData\Local\Programs\MiKTeX\tex/latex/tcolorbox\tcbposter.code.tex
Library (tcolorbox): 'tcbposter.code.tex' version '6.9.0'
)) (C:\Users\one_p\AppData\Local\Programs\MiKTeX\tex/latex/caption\caption.sty
Package: caption 2023/08/05 v3.6o Customizing captions (AR)
 (C:\Users\one_p\AppData\Local\Programs\MiKTeX\tex/latex/caption\caption3.sty
Package: caption3 2023/07/31 v2.4d caption3 kernel (AR)
\caption@tempdima=\dimen330
\captionmargin=\dimen331
\caption@leftmargin=\dimen332
\caption@rightmargin=\dimen333
\caption@width=\dimen334
\caption@indent=\dimen335
\caption@parindent=\dimen336
\caption@hangindent=\dimen337
Package caption Info: Standard document class detected.
)
\c@caption@flags=\count388
\c@continuedfloat=\count389
Package caption Info: hyperref package is loaded.
Package caption Info: listings package is loaded.
Package caption Info: xtab package is loaded.
) (C:\Users\one_p\AppData\Local\Programs\MiKTeX\tex/latex/caption\subcaption.sty
Package: subcaption 2023/07/28 v1.6b Sub-captions (AR)
Package caption Info: New subtype `subfigure' on input line 238.
\c@subfigure=\count390
Package caption Info: New subtype `subtable' on input line 238.
\c@subtable=\count391
) (C:\Users\one_p\AppData\Local\Programs\MiKTeX\tex/latex/float\float.sty
Package: float 2001/11/08 v1.3d Float enhancements (AL)
\c@float@type=\count392
\float@exts=\toks45
\float@box=\box139
\@float@everytoks=\toks46
\@floatcapt=\box140
) (C:\Users\one_p\AppData\Local\Programs\MiKTeX\tex/latex/asymptote\asymptote.sty
Package: asymptote 2024/02/26 v1.38 Asymptote style file for LaTeX
 (c:\Users\one_p\Desktop\Phy-Hub\Website\topics\special-relativity\Latex\output\Handbook_of_Special_Relativity.pre)
\ASYbox=\box141
\ASYdimen=\dimen338
\c@asy=\count393
\AsyStream=\write4
\AsyPreStream=\write5
 (C:\Users\one_p\AppData\Local\Programs\MiKTeX\tex/latex/base\ifthen.sty
Package: ifthen 2024/03/16 v1.1e Standard LaTeX ifthen package (DPC)
) (C:\Users\one_p\AppData\Local\Programs\MiKTeX\tex/generic/iftex\ifpdf.sty
Package: ifpdf 2019/10/25 v3.4 ifpdf legacy package. Use iftex instead.
) (C:\Users\one_p\AppData\Local\Programs\MiKTeX\tex/generic/iftex\ifxetex.sty
Package: ifxetex 2019/10/25 v0.7 ifxetex legacy package. Use iftex instead.
) (C:\Users\one_p\AppData\Local\Programs\MiKTeX\tex/generic/catchfile\catchfile.sty
Package: catchfile 2019/12/09 v1.8 Catch the contents of a file (HO)
)
\openout5 = `Handbook_of_Special_Relativity.pre'.

) (C:\Users\one_p\AppData\Local\Programs\MiKTeX\tex/latex/tikz-3dplot\tikz-3dplot.sty (C:\Users\one_p\AppData\Local\Programs\MiKTeX\tex/generic/pgf/frontendlayer/tikz/libraries\tikzlibrarycalc.code.tex
File: tikzlibrarycalc.code.tex 2025-08-29 v3.1.11a (3.1.11a)
) (C:\Users\one_p\AppData\Local\Programs\MiKTeX\tex/generic/pgf/frontendlayer/tikz/libraries\tikzlibrary3d.code.tex
File: tikzlibrary3d.code.tex 2025-08-29 v3.1.11a (3.1.11a)
) (C:\Users\one_p\AppData\Local\Programs\MiKTeX\tex/generic/pgf/frontendlayer/tikz/libraries\tikzlibraryarrows.code.tex
File: tikzlibraryarrows.code.tex 2025-08-29 v3.1.11a (3.1.11a)
 (C:\Users\one_p\AppData\Local\Programs\MiKTeX\tex/generic/pgf/libraries\pgflibraryarrows.code.tex
File: pgflibraryarrows.code.tex 2025-08-29 v3.1.11a (3.1.11a)
\arrowsize=\dimen339
))) (C:\Users\one_p\AppData\Local\Programs\MiKTeX\tex/latex/pgf/frontendlayer/libraries\tikzlibraryexternal.code.tex (C:\Users\one_p\AppData\Local\Programs\MiKTeX\tex/latex/base\atveryend-ltx.sty
Package: atveryend-ltx 2020/08/19 v1.0a Emulation of the original atveryend package
with kernel methods
) (C:\Users\one_p\AppData\Local\Programs\MiKTeX\tex/generic/pgf/frontendlayer/tikz/libraries\tikzexternalshared.code.tex))
\openout3 = `Handbook_of_Special_Relativity.auxlock'.

 (C:\Users\one_p\AppData\Local\Programs\MiKTeX\tex/generic/pgf/frontendlayer/tikz/libraries\tikzlibrarypositioning.code.tex
File: tikzlibrarypositioning.code.tex 2025-08-29 v3.1.11a (3.1.11a)
) (C:\Users\one_p\AppData\Local\Programs\MiKTeX\tex/generic/pgf/frontendlayer/tikz/libraries\tikzlibrarymath.code.tex (C:\Users\one_p\AppData\Local\Programs\MiKTeX\tex/generic/pgf/frontendlayer/tikz/libraries\tikzlibraryfpu.code.tex (C:\Users\one_p\AppData\Local\Programs\MiKTeX\tex/generic/pgf/libraries\pgflibraryfpu.code.tex))
\tikz@math@for@depth=\count394
\tikz@math@dimen=\dimen340
\tikz@math@toks=\toks47
) (C:\Users\one_p\AppData\Local\Programs\MiKTeX\tex/generic/pgf/libraries\pgflibraryarrows.meta.code.tex
File: pgflibraryarrows.meta.code.tex 2025-08-29 v3.1.11a (3.1.11a)
\pgfarrowinset=\dimen341
\pgfarrowlength=\dimen342
\pgfarrowwidth=\dimen343
\pgfarrowlinewidth=\dimen344
) (C:\Users\one_p\AppData\Local\Programs\MiKTeX\tex/generic/pgf/frontendlayer/tikz/libraries\tikzlibrarydecorations.pathmorphing.code.tex (C:\Users\one_p\AppData\Local\Programs\MiKTeX\tex/generic/pgf/frontendlayer/tikz/libraries\tikzlibrarydecorations.code.tex (C:\Users\one_p\AppData\Local\Programs\MiKTeX\tex/generic/pgf/modules\pgfmoduledecorations.code.tex
\pgfdecoratedcompleteddistance=\dimen345
\pgfdecoratedremainingdistance=\dimen346
\pgfdecoratedinputsegmentcompleteddistance=\dimen347
\pgfdecoratedinputsegmentremainingdistance=\dimen348
\pgf@decorate@distancetomove=\dimen349
\pgf@decorate@repeatstate=\count395
\pgfdecorationsegmentamplitude=\dimen350
\pgfdecorationsegmentlength=\dimen351
)
\tikz@lib@dec@box=\box142
) (C:\Users\one_p\AppData\Local\Programs\MiKTeX\tex/generic/pgf/libraries/decorations\pgflibrarydecorations.pathmorphing.code.tex)) (C:\Users\one_p\AppData\Local\Programs\MiKTeX\tex/generic/pgf/frontendlayer/tikz/libraries\tikzlibrarypatterns.code.tex
File: tikzlibrarypatterns.code.tex 2025-08-29 v3.1.11a (3.1.11a)
 (C:\Users\one_p\AppData\Local\Programs\MiKTeX\tex/generic/pgf/libraries\pgflibrarypatterns.code.tex
File: pgflibrarypatterns.code.tex 2025-08-29 v3.1.11a (3.1.11a)
)) (C:\Users\one_p\AppData\Local\Programs\MiKTeX\tex/generic/pgf/frontendlayer/tikz/libraries\tikzlibraryshapes.geometric.code.tex
File: tikzlibraryshapes.geometric.code.tex 2025-08-29 v3.1.11a (3.1.11a)
 (C:\Users\one_p\AppData\Local\Programs\MiKTeX\tex/generic/pgf/libraries/shapes\pgflibraryshapes.geometric.code.tex
File: pgflibraryshapes.geometric.code.tex 2025-08-29 v3.1.11a (3.1.11a)
)) (C:\Users\one_p\AppData\Local\Programs\MiKTeX\tex/latex/pgfplots\pgfplots.sty (C:\Users\one_p\AppData\Local\Programs\MiKTeX\tex/generic/pgfplots\pgfplots.revision.tex)
Package: pgfplots 2021/05/15 v1.18.1 Data Visualization (1.18.1)
 (C:\Users\one_p\AppData\Local\Programs\MiKTeX\tex/generic/pgfplots\pgfplots.code.tex (C:\Users\one_p\AppData\Local\Programs\MiKTeX\tex/generic/pgfplots\pgfplotscore.code.tex
\t@pgfplots@toka=\toks48
\t@pgfplots@tokb=\toks49
\t@pgfplots@tokc=\toks50
\pgfplots@tmpa=\dimen352
\c@pgfplots@coordindex=\count396
\c@pgfplots@scanlineindex=\count397
 (C:\Users\one_p\AppData\Local\Programs\MiKTeX\tex/generic/pgfplots/sys\pgfplotssysgeneric.code.tex)) (C:\Users\one_p\AppData\Local\Programs\MiKTeX\tex/generic/pgfplots/libs\pgfplotslibrary.code.tex) (C:\Users\one_p\AppData\Local\Programs\MiKTeX\tex/generic/pgfplots/oldpgfcompatib\pgfplotsoldpgfsupp_loader.code.tex
Package pgfplots: loading complementary utilities for your pgf version...
\t@pgf@toka=\toks51
\t@pgf@tokb=\toks52
\t@pgf@tokc=\toks53
(C:\Users\one_p\AppData\Local\Programs\MiKTeX\tex/generic/pgfplots/oldpgfcompatib\pgfplotsoldpgfsupp_pgfutil-common-lists.tex)) (C:\Users\one_p\AppData\Local\Programs\MiKTeX\tex/generic/pgfplots/util\pgfplotsutil.code.tex (C:\Users\one_p\AppData\Local\Programs\MiKTeX\tex/generic/pgfplots/liststructure\pgfplotsliststructure.code.tex) (C:\Users\one_p\AppData\Local\Programs\MiKTeX\tex/generic/pgfplots/liststructure\pgfplotsliststructureext.code.tex) (C:\Users\one_p\AppData\Local\Programs\MiKTeX\tex/generic/pgfplots/liststructure\pgfplotsarray.code.tex
\c@pgfplotsarray@tmp=\count398
) (C:\Users\one_p\AppData\Local\Programs\MiKTeX\tex/generic/pgfplots/liststructure\pgfplotsmatrix.code.tex) (C:\Users\one_p\AppData\Local\Programs\MiKTeX\tex/generic/pgfplots/numtable\pgfplotstableshared.code.tex
\c@pgfplotstable@counta=\count399
\t@pgfplotstable@a=\toks54
) (C:\Users\one_p\AppData\Local\Programs\MiKTeX\tex/generic/pgfplots/liststructure\pgfplotsdeque.code.tex) (C:\Users\one_p\AppData\Local\Programs\MiKTeX\tex/generic/pgfplots/util\pgfplotsbinary.code.tex (C:\Users\one_p\AppData\Local\Programs\MiKTeX\tex/generic/pgfplots/util\pgfplotsbinary.data.code.tex)) (C:\Users\one_p\AppData\Local\Programs\MiKTeX\tex/generic/pgfplots/util\pgfplotsutil.verb.code.tex) (C:\Users\one_p\AppData\Local\Programs\MiKTeX\tex/generic/pgfplots/libs\pgflibrarypgfplots.surfshading.code.tex
\c@pgfplotslibrarysurf@no=\count400
 (C:\Users\one_p\AppData\Local\Programs\MiKTeX\tex/generic/pgfplots/sys\pgflibrarypgfplots.surfshading.pgfsys-pdftex.def))) (C:\Users\one_p\AppData\Local\Programs\MiKTeX\tex/generic/pgfplots/util\pgfplotscolormap.code.tex (C:\Users\one_p\AppData\Local\Programs\MiKTeX\tex/generic/pgfplots/util\pgfplotscolor.code.tex)) (C:\Users\one_p\AppData\Local\Programs\MiKTeX\tex/generic/pgfplots\pgfplotsstackedplots.code.tex) (C:\Users\one_p\AppData\Local\Programs\MiKTeX\tex/generic/pgfplots\pgfplotsplothandlers.code.tex (C:\Users\one_p\AppData\Local\Programs\MiKTeX\tex/generic/pgfplots\pgfplotsmeshplothandler.code.tex (C:\Users\one_p\AppData\Local\Programs\MiKTeX\tex/generic/pgfplots\pgfplotsmeshplotimage.code.tex))) (C:\Users\one_p\AppData\Local\Programs\MiKTeX\tex/generic/pgfplots\pgfplots.scaling.code.tex) (C:\Users\one_p\AppData\Local\Programs\MiKTeX\tex/generic/pgfplots\pgfplotscoordprocessing.code.tex) (C:\Users\one_p\AppData\Local\Programs\MiKTeX\tex/generic/pgfplots\pgfplots.errorbars.code.tex) (C:\Users\one_p\AppData\Local\Programs\MiKTeX\tex/generic/pgfplots\pgfplots.markers.code.tex) (C:\Users\one_p\AppData\Local\Programs\MiKTeX\tex/generic/pgfplots\pgfplotsticks.code.tex) (C:\Users\one_p\AppData\Local\Programs\MiKTeX\tex/generic/pgfplots\pgfplots.paths.code.tex) (C:\Users\one_p\AppData\Local\Programs\MiKTeX\tex/generic/pgf/frontendlayer/tikz/libraries\tikzlibrarydecorations.pathreplacing.code.tex (C:\Users\one_p\AppData\Local\Programs\MiKTeX\tex/generic/pgf/libraries/decorations\pgflibrarydecorations.pathreplacing.code.tex)) (C:\Users\one_p\AppData\Local\Programs\MiKTeX\tex/generic/pgfplots/libs\tikzlibrarypgfplots.contourlua.code.tex)
\pgfplots@numplots=\count401
\pgfplots@xmin@reg=\dimen353
\pgfplots@xmax@reg=\dimen354
\pgfplots@ymin@reg=\dimen355
\pgfplots@ymax@reg=\dimen356
\pgfplots@zmin@reg=\dimen357
\pgfplots@zmax@reg=\dimen358
) (C:\Users\one_p\AppData\Local\Programs\MiKTeX\tex/generic/pgf/frontendlayer/tikz/libraries\tikzlibraryplotmarks.code.tex
File: tikzlibraryplotmarks.code.tex 2025-08-29 v3.1.11a (3.1.11a)
 (C:\Users\one_p\AppData\Local\Programs\MiKTeX\tex/generic/pgf/libraries\pgflibraryplotmarks.code.tex
File: pgflibraryplotmarks.code.tex 2025-08-29 v3.1.11a (3.1.11a)
))) (C:\Users\one_p\AppData\Local\Programs\MiKTeX\tex/latex/biblatex\biblatex.sty
Package: biblatex 2025/07/10 v3.21 programmable bibliographies (PK/MW)
 (C:\Users\one_p\AppData\Local\Programs\MiKTeX\tex/latex/logreq\logreq.sty
Package: logreq 2010/08/04 v1.0 xml request logger
\lrq@indent=\count402
 (C:\Users\one_p\AppData\Local\Programs\MiKTeX\tex/latex/logreq\logreq.def
File: logreq.def 2010/08/04 v1.0 logreq spec v1.0
))
\c@tabx@nest=\count403
\c@listtotal=\count404
\c@listcount=\count405
\c@liststart=\count406
\c@liststop=\count407
\c@citecount=\count408
\c@citetotal=\count409
\c@multicitecount=\count410
\c@multicitetotal=\count411
\c@instcount=\count412
\c@maxnames=\count413
\c@minnames=\count414
\c@maxitems=\count415
\c@minitems=\count416
\c@citecounter=\count417
\c@maxcitecounter=\count418
\c@savedcitecounter=\count419
\c@uniquelist=\count420
\c@uniquename=\count421
\c@refsection=\count422
\c@refsegment=\count423
\c@maxextratitle=\count424
\c@maxextratitleyear=\count425
\c@maxextraname=\count426
\c@maxextradate=\count427
\c@maxextraalpha=\count428
\c@abbrvpenalty=\count429
\c@highnamepenalty=\count430
\c@lownamepenalty=\count431
\c@maxparens=\count432
\c@parenlevel=\count433
\blx@tempcnta=\count434
\blx@tempcntb=\count435
\blx@tempcntc=\count436
\c@blx@maxsection=\count437
\blx@maxsegment@0=\count438
\blx@notetype=\count439
\blx@parenlevel@text=\count440
\blx@parenlevel@foot=\count441
\blx@sectionciteorder@0=\count442
\blx@sectionciteorderinternal@0=\count443
\blx@entrysetcounter=\count444
\blx@biblioinstance=\count445
\labelnumberwidth=\skip183
\labelalphawidth=\skip184
\biblabelsep=\skip185
\bibitemsep=\skip186
\bibnamesep=\skip187
\bibinitsep=\skip188
\bibparsep=\skip189
\bibhang=\skip190
\blx@bcfin=\read4
\blx@bcfout=\write6
\blx@langwohyphens=\language79
\c@mincomprange=\count446
\c@maxcomprange=\count447
\c@mincompwidth=\count448
Package biblatex Info: Trying to load biblatex default data model...
Package biblatex Info: ... file 'blx-dm.def' found.
 (C:\Users\one_p\AppData\Local\Programs\MiKTeX\tex/latex/biblatex\blx-dm.def
File: blx-dm.def 2025/07/10 v3.21 biblatex datamodel (PK/MW)
)
Package biblatex Info: Trying to load biblatex custom data model...
Package biblatex Info: ... file 'biblatex-dm.cfg' not found.
\c@afterword=\count449
\c@savedafterword=\count450
\c@annotator=\count451
\c@savedannotator=\count452
\c@author=\count453
\c@savedauthor=\count454
\c@bookauthor=\count455
\c@savedbookauthor=\count456
\c@commentator=\count457
\c@savedcommentator=\count458
\c@editor=\count459
\c@savededitor=\count460
\c@editora=\count461
\c@savededitora=\count462
\c@editorb=\count463
\c@savededitorb=\count464
\c@editorc=\count465
\c@savededitorc=\count466
\c@foreword=\count467
\c@savedforeword=\count468
\c@holder=\count469
\c@savedholder=\count470
\c@introduction=\count471
\c@savedintroduction=\count472
\c@namea=\count473
\c@savednamea=\count474
\c@nameb=\count475
\c@savednameb=\count476
\c@namec=\count477
\c@savednamec=\count478
\c@translator=\count479
\c@savedtranslator=\count480
\c@shortauthor=\count481
\c@savedshortauthor=\count482
\c@shorteditor=\count483
\c@savedshorteditor=\count484
\c@labelname=\count485
\c@savedlabelname=\count486
\c@institution=\count487
\c@savedinstitution=\count488
\c@lista=\count489
\c@savedlista=\count490
\c@listb=\count491
\c@savedlistb=\count492
\c@listc=\count493
\c@savedlistc=\count494
\c@listd=\count495
\c@savedlistd=\count496
\c@liste=\count497
\c@savedliste=\count498
\c@listf=\count499
\c@savedlistf=\count500
\c@location=\count501
\c@savedlocation=\count502
\c@organization=\count503
\c@savedorganization=\count504
\c@origlocation=\count505
\c@savedoriglocation=\count506
\c@origpublisher=\count507
\c@savedorigpublisher=\count508
\c@publisher=\count509
\c@savedpublisher=\count510
\c@language=\count511
\c@savedlanguage=\count512
\c@origlanguage=\count513
\c@savedoriglanguage=\count514
\c@pageref=\count515
\c@savedpageref=\count516
\shorthandwidth=\skip191
\shortjournalwidth=\skip192
\shortserieswidth=\skip193
\shorttitlewidth=\skip194
\shortauthorwidth=\skip195
\shorteditorwidth=\skip196
\locallabelnumberwidth=\skip197
\locallabelalphawidth=\skip198
\localshorthandwidth=\skip199
\localshortjournalwidth=\skip256
\localshortserieswidth=\skip257
\localshorttitlewidth=\skip258
\localshortauthorwidth=\skip259
\localshorteditorwidth=\skip260
Package biblatex Info: Trying to load compatibility code...
Package biblatex Info: ... file 'blx-compat.def' found.
 (C:\Users\one_p\AppData\Local\Programs\MiKTeX\tex/latex/biblatex\blx-compat.def
File: blx-compat.def 2025/07/10 v3.21 biblatex compatibility (PK/MW)
)
Package biblatex Info: Trying to load generic definitions...
Package biblatex Info: ... file 'biblatex.def' found.
 (C:\Users\one_p\AppData\Local\Programs\MiKTeX\tex/latex/biblatex\biblatex.def
File: biblatex.def 2025/07/10 v3.21 biblatex compatibility (PK/MW)
\c@textcitecount=\count517
\c@textcitetotal=\count518
\c@textcitemaxnames=\count519
\c@biburlbigbreakpenalty=\count520
\c@biburlbreakpenalty=\count521
\c@biburlnumpenalty=\count522
\c@biburlucpenalty=\count523
\c@biburllcpenalty=\count524
\biburlbigskip=\muskip19
\biburlnumskip=\muskip20
\biburlucskip=\muskip21
\biburllcskip=\muskip22
\c@smartand=\count525
)
Package biblatex Info: Trying to load bibliography style 'numeric'...
Package biblatex Info: ... file 'numeric.bbx' found.
 (C:\Users\one_p\AppData\Local\Programs\MiKTeX\tex/latex/biblatex/bbx\numeric.bbx
File: numeric.bbx 2025/07/10 v3.21 biblatex bibliography style (PK/MW)
Package biblatex Info: Trying to load bibliography style 'standard'...
Package biblatex Info: ... file 'standard.bbx' found.
 (C:\Users\one_p\AppData\Local\Programs\MiKTeX\tex/latex/biblatex/bbx\standard.bbx
File: standard.bbx 2025/07/10 v3.21 biblatex bibliography style (PK/MW)
\c@bbx:relatedcount=\count526
\c@bbx:relatedtotal=\count527
))
Package biblatex Info: Trying to load citation style 'numeric'...
Package biblatex Info: ... file 'numeric.cbx' found.
 (C:\Users\one_p\AppData\Local\Programs\MiKTeX\tex/latex/biblatex/cbx\numeric.cbx
File: numeric.cbx 2025/07/10 v3.21 biblatex citation style (PK/MW)
Package biblatex Info: Redefining '\cite'.
Package biblatex Info: Redefining '\parencite'.
Package biblatex Info: Redefining '\footcite'.
Package biblatex Info: Redefining '\footcitetext'.
Package biblatex Info: Redefining '\smartcite'.
Package biblatex Info: Redefining '\supercite'.
Package biblatex Info: Redefining '\textcite'.
Package biblatex Info: Redefining '\textcites'.
Package biblatex Info: Redefining '\cites'.
Package biblatex Info: Redefining '\parencites'.
Package biblatex Info: Redefining '\smartcites'.
)
Package biblatex Info: Trying to load configuration file...
Package biblatex Info: ... file 'biblatex.cfg' found.
 (C:\Users\one_p\AppData\Local\Programs\MiKTeX\tex/latex/biblatex\biblatex.cfg
File: biblatex.cfg 
)
Package biblatex Info: Input encoding 'utf8' detected.
Package biblatex Info: Document encoding is UTF8 ....
Package biblatex Info: ... and expl3
(biblatex)             2025-12-24 L3 programming layer (loader) 
(biblatex)             is new enough (at least 2020/04/06),
(biblatex)             setting 'casechanger=expl3'.
 (C:\Users\one_p\AppData\Local\Programs\MiKTeX\tex/latex/biblatex\blx-case-expl3.sty
Package: blx-case-expl3 2025/07/10 v3.21 expl3 case changing code for biblatex
))) (Tex/Terms/Term_commands.tex)
\@quotelevel=\count528
\@quotereset=\count529
 (c:\Users\one_p\Desktop\Phy-Hub\Website\topics\special-relativity\Latex\output\Handbook_of_Special_Relativity.aux)
\openout1 = `Handbook_of_Special_Relativity.aux'.

LaTeX Font Info:    Checking defaults for OML/cmm/m/it on input line 4.
LaTeX Font Info:    ... okay on input line 4.
LaTeX Font Info:    Checking defaults for OMS/cmsy/m/n on input line 4.
LaTeX Font Info:    ... okay on input line 4.
LaTeX Font Info:    Checking defaults for OT1/cmr/m/n on input line 4.
LaTeX Font Info:    ... okay on input line 4.
LaTeX Font Info:    Checking defaults for T1/cmr/m/n on input line 4.
LaTeX Font Info:    ... okay on input line 4.
LaTeX Font Info:    Checking defaults for TS1/cmr/m/n on input line 4.
LaTeX Font Info:    ... okay on input line 4.
LaTeX Font Info:    Checking defaults for OMX/cmex/m/n on input line 4.
LaTeX Font Info:    ... okay on input line 4.
LaTeX Font Info:    Checking defaults for U/cmr/m/n on input line 4.
LaTeX Font Info:    ... okay on input line 4.
LaTeX Font Info:    Checking defaults for PD1/pdf/m/n on input line 4.
LaTeX Font Info:    ... okay on input line 4.
LaTeX Font Info:    Checking defaults for PU/pdf/m/n on input line 4.
LaTeX Font Info:    ... okay on input line 4.
 (C:\Users\one_p\AppData\Local\Programs\MiKTeX\tex/context/base/mkii\supp-pdf.mkii
[Loading MPS to PDF converter (version 2006.09.02).]
\scratchcounter=\count530
\scratchdimen=\dimen359
\scratchbox=\box143
\nofMPsegments=\count531
\nofMParguments=\count532
\everyMPshowfont=\toks55
\MPscratchCnt=\count533
\MPscratchDim=\dimen360
\MPnumerator=\count534
\makeMPintoPDFobject=\count535
\everyMPtoPDFconversion=\toks56
) (C:\Users\one_p\AppData\Local\Programs\MiKTeX\tex/latex/epstopdf-pkg\epstopdf-base.sty
Package: epstopdf-base 2020-01-24 v2.11 Base part for package epstopdf
Package epstopdf-base Info: Redefining graphics rule for `.eps' on input line 485.
 (C:\Users\one_p\AppData\Local\Programs\MiKTeX\tex/latex/00miktex\epstopdf-sys.cfg
File: epstopdf-sys.cfg 2021/03/18 v2.0 Configuration of epstopdf for MiKTeX
))
LaTeX Info: Redefining \microtypecontext on input line 4.
Package microtype Info: Applying patch `item' on input line 4.
Package microtype Info: Applying patch `toc' on input line 4.
Package microtype Info: Applying patch `eqnum' on input line 4.
Package microtype Info: Applying patch `footnote' on input line 4.
Package microtype Info: Applying patch `verbatim' on input line 4.
LaTeX Info: Redefining \microtypesetup on input line 4.
Package microtype Info: Generating PDF output.
Package microtype Info: Character protrusion enabled (level 2).
Package microtype Info: Using default protrusion set `alltext'.
Package microtype Info: Automatic font expansion enabled (level 2),
(microtype)             stretch: 20, shrink: 20, step: 1, non-selected.
Package microtype Info: Using default expansion set `alltext-nott'.
Package microtype Info: Patching command `\showhyphens'.
Package microtype Info: No adjustment of tracking.
Package microtype Info: No adjustment of interword spacing.
Package microtype Info: No adjustment of character kerning.
Package microtype Info: Loading generic protrusion settings for font family
(microtype)             `qcs' (encoding: T1).
(microtype)             For optimal results, create family-specific settings.
(microtype)             See the microtype manual for details.

*geometry* driver: auto-detecting
*geometry* detected driver: pdftex
*geometry* verbose mode - [ preamble ] result:
* pass: disregarded the geometry package!
* \paperwidth=614.295pt
* \paperheight=794.96999pt
* \textwidth=345.0pt
* \textheight=550.0pt
* \oddsidemargin=62.0pt
* \evensidemargin=62.0pt
* \topmargin=22.0pt
* \headheight=12.0pt
* \headsep=18.06749pt
* \topskip=10.0pt
* \footskip=25.29494pt
* \marginparwidth=69.0pt
* \marginparsep=7.0pt
* \columnsep=10.0pt
* \skip\footins=9.0pt plus 4.0pt minus 2.0pt
* \hoffset=0.0pt
* \voffset=0.0pt
* \mag=1000
* \@twocolumnfalse
* \@twosidefalse
* \@mparswitchfalse
* \@reversemarginfalse
* (1in=72.27pt=25.4mm, 1cm=28.453pt)

Package hyperref Info: Link coloring OFF on input line 4.
(c:\Users\one_p\Desktop\Phy-Hub\Website\topics\special-relativity\Latex\output\Handbook_of_Special_Relativity.out) (c:\Users\one_p\Desktop\Phy-Hub\Website\topics\special-relativity\Latex\output\Handbook_of_Special_Relativity.out)
\@outlinefile=\write7
\openout7 = `Handbook_of_Special_Relativity.out'.

\c@lstlisting=\count536
 (C:\Users\one_p\AppData\Local\Programs\MiKTeX\tex/latex/base\inputenc.sty
Package: inputenc 2024/02/08 v1.3d Input encoding file
\inpenc@prehook=\toks57
\inpenc@posthook=\toks58
)
Package caption Info: Begin \AtBeginDocument code.
Package caption Info: float package is loaded.
Package caption Info: End \AtBeginDocument code.

Package pgfplots notification 'compat/show suggested version=true': you might benefit from \pgfplotsset{compat=1.18} (current compat level: 1.17).

Package biblatex Info: Trying to load language 'english'...
Package biblatex Info: ... file 'english.lbx' found.
(C:\Users\one_p\AppData\Local\Programs\MiKTeX\tex/latex/biblatex/lbx\english.lbx
File: english.lbx 2025/07/10 v3.21 biblatex localization (PK/MW)
)
Package biblatex Info: Input encoding 'utf8' detected.
Package biblatex Info: Automatic encoding selection.
(biblatex)             Assuming data encoding 'utf8'.
\openout6 = `Handbook_of_Special_Relativity.bcf'.

Package biblatex Info: Trying to load bibliographic data...
Package biblatex Info: ... file 'Handbook_of_Special_Relativity.bbl' found.
 (c:\Users\one_p\Desktop\Phy-Hub\Website\topics\special-relativity\Latex\output\Handbook_of_Special_Relativity.bbl)
Package biblatex Info: Reference section=0 on input line 4.
Package biblatex Info: Reference segment=0 on input line 4.
 (Tex/Cover_front.tex
<images/png/PhyHub_Logo.png, id=286, 519.687pt x 492.75pt>
File: images/png/PhyHub_Logo.png Graphic file (type png)
<use images/png/PhyHub_Logo.png>
Package pdftex.def Info: images/png/PhyHub_Logo.png  used on input line 13.
(pdftex.def)             Requested size: 199.16928pt x 188.84843pt.
 [1

{C:/Users/one_p/AppData/Local/MiKTeX/fonts/map/pdftex/pdftex.map}{C:/Users/one_p/AppData/Local/Programs/MiKTeX/fonts/enc/dvips/tex-gyre/q-ec.enc} <./images/png/PhyHub_Logo.png>]) (Tex/toc.tex (c:\Users\one_p\Desktop\Phy-Hub\Website\topics\special-relativity\Latex\output\Handbook_of_Special_Relativity.toc (C:\Users\one_p\AppData\Local\Programs\MiKTeX\tex/latex/microtype\mt-cmr.cfg
File: mt-cmr.cfg 2013/05/19 v2.2 microtype config. file: Computer Modern Roman (RS)
)
LaTeX Font Info:    Trying to load font information for U+msa on input line 2.
 (C:\Users\one_p\AppData\Local\Programs\MiKTeX\tex/latex/amsfonts\umsa.fd
File: umsa.fd 2013/01/14 v3.01 AMS symbols A
) (C:\Users\one_p\AppData\Local\Programs\MiKTeX\tex/latex/microtype\mt-msa.cfg
File: mt-msa.cfg 2006/02/04 v1.1 microtype config. file: AMS symbols (a) (RS)
)
LaTeX Font Info:    Trying to load font information for U+msb on input line 2.
 (C:\Users\one_p\AppData\Local\Programs\MiKTeX\tex/latex/amsfonts\umsb.fd
File: umsb.fd 2013/01/14 v3.01 AMS symbols B
) (C:\Users\one_p\AppData\Local\Programs\MiKTeX\tex/latex/microtype\mt-msb.cfg
File: mt-msb.cfg 2005/06/01 v1.0 microtype config. file: AMS symbols (b) (RS)
) [2])
\tf@toc=\write8
\openout8 = `Handbook_of_Special_Relativity.toc'.

 [3]) (Tex/Front_Matter.tex
Package biblatex Info: Reference segment=1 on input line 5.
Package biblatex Info: Setting label 'refsegment:01' on input line 5.
 [1


] [2]) (Main_Matter.tex
pdfTeX warning (ext4): destination with the same identifier (name{page.1}) has been already used, duplicate ignored
<to be read again> 
                   \relax 
l.18 \chapter
             {Overview of Concepts} \label{ch: Conceptual Overview} [1

]
Chapter 1.
Package biblatex Info: Reference segment=2 on input line 18.
Package biblatex Info: Setting label 'refsegment:02' on input line 18.

pdfTeX warning (ext4): destination with the same identifier (name{page.2}) has been already used, duplicate ignored
<to be read again> 
                   \relax 
l.39 
      [2

]
<images/pdf/lorry_cannonball.pdf, id=386, 3313.1278pt x 1859.44687pt>
File: images/pdf/lorry_cannonball.pdf Graphic file (type pdf)
<use images/pdf/lorry_cannonball.pdf>
Package pdftex.def Info: images/pdf/lorry_cannonball.pdf  used on input line 47.
(pdftex.def)             Requested size: 227.62204pt x 127.73451pt.

pdfTeX warning (ext4): destination with the same identifier (name{page.3}) has been already used, duplicate ignored
<to be read again> 
                   \relax 
l.64 
      [3 <./images/pdf/lorry_cannonball.pdf>]
<images/pdf/Reference_Frames_of_truck_and_road.pdf, id=943, 3316.13907pt x 1865.46938pt>
File: images/pdf/Reference_Frames_of_truck_and_road.pdf Graphic file (type pdf)
<use images/pdf/Reference_Frames_of_truck_and_road.pdf>
Package pdftex.def Info: images/pdf/Reference_Frames_of_truck_and_road.pdf  used on input line 69.
(pdftex.def)             Requested size: 227.62204pt x 128.03436pt.
<images/pdf/Spring_boxes.pdf, id=953, 3139.22812pt x 1775.88469pt>
File: images/pdf/Spring_boxes.pdf Graphic file (type pdf)
<use images/pdf/Spring_boxes.pdf>
Package pdftex.def Info: images/pdf/Spring_boxes.pdf  used on input line 83.
(pdftex.def)             Requested size: 310.4979pt x 175.64783pt.
 [4 <./images/pdf/Reference_Frames_of_truck_and_road.pdf>] [5 <./images/pdf/Spring_boxes.pdf>]
<images/pdf/Conveyor_belt_3d.pdf, id=1957, 3264.94781pt x 1843.63782pt>
File: images/pdf/Conveyor_belt_3d.pdf Graphic file (type pdf)
<use images/pdf/Conveyor_belt_3d.pdf>
Package pdftex.def Info: images/pdf/Conveyor_belt_3d.pdf  used on input line 112.
(pdftex.def)             Requested size: 310.4979pt x 175.3162pt.
<images/pdf/rats_moving.pdf, id=1961, 2661.19218pt x 1251.17438pt>
File: images/pdf/rats_moving.pdf Graphic file (type pdf)
<use images/pdf/rats_moving.pdf>
Package pdftex.def Info: images/pdf/rats_moving.pdf  used on input line 128.
(pdftex.def)             Requested size: 310.4979pt x 145.97253pt.
<images/pdf/rats_platform_frame.pdf, id=1964, 2667.21469pt x 1239.12938pt>
File: images/pdf/rats_platform_frame.pdf Graphic file (type pdf)
<use images/pdf/rats_platform_frame.pdf>
Package pdftex.def Info: images/pdf/rats_platform_frame.pdf  used on input line 135.
(pdftex.def)             Requested size: 310.4979pt x 144.24582pt.
 [6 <./images/pdf/Conveyor_belt_3d.pdf>] [7 <./images/pdf/rats_moving.pdf> <./images/pdf/rats_platform_frame.pdf

pdfTeX warning: pdflatex (file ./images/pdf/rats_platform_frame.pdf): PDF inclusion: multiple pdfs with page group included in a single page
>]
<images/pdf/earth_and_aether.pdf, id=2950, 3121.91344pt x 738.50906pt>
File: images/pdf/earth_and_aether.pdf Graphic file (type pdf)
<use images/pdf/earth_and_aether.pdf>
Package pdftex.def Info: images/pdf/earth_and_aether.pdf  used on input line 169.
(pdftex.def)             Requested size: 310.4979pt x 73.44955pt.
 [8]
<images/pdf/Michelson_morley.pdf, id=2973, 2957.80031pt x 1802.98593pt>
File: images/pdf/Michelson_morley.pdf Graphic file (type pdf)
<use images/pdf/Michelson_morley.pdf>
Package pdftex.def Info: images/pdf/Michelson_morley.pdf  used on input line 186.
(pdftex.def)             Requested size: 227.62204pt x 138.73955pt.
 [9 <./images/pdf/earth_and_aether.pdf> <./images/pdf/Michelson_morley.pdf

pdfTeX warning: pdflatex (file ./images/pdf/Michelson_morley.pdf): PDF inclusion: multiple pdfs with page group included in a single page
>] [10]
<images/pdf/lorry_torch.pdf, id=3147, 3313.1278pt x 1859.44687pt>
File: images/pdf/lorry_torch.pdf Graphic file (type pdf)
<use images/pdf/lorry_torch.pdf>
Package pdftex.def Info: images/pdf/lorry_torch.pdf  used on input line 216.
(pdftex.def)             Requested size: 227.62204pt x 127.73451pt.
 [11 <./images/pdf/lorry_torch.pdf>]
<images/pdf/lorry_clock.pdf, id=4167, 3313.88063pt x 1858.69406pt>
File: images/pdf/lorry_clock.pdf Graphic file (type pdf)
<use images/pdf/lorry_clock.pdf>
Package pdftex.def Info: images/pdf/lorry_clock.pdf  used on input line 242.
(pdftex.def)             Requested size: 227.62204pt x 127.65443pt.
 [12 <./images/pdf/lorry_clock.pdf>] [13]
<images/pdf/lorry_simul.pdf, id=4372, 3312.375pt x 1958.81813pt>
File: images/pdf/lorry_simul.pdf Graphic file (type pdf)
<use images/pdf/lorry_simul.pdf>
Package pdftex.def Info: images/pdf/lorry_simul.pdf  used on input line 290.
(pdftex.def)             Requested size: 227.62204pt x 134.5907pt.
 [14 <./images/pdf/lorry_simul.pdf>] [15]
<images/pdf/Full_Lorry_Transform.pdf, id=4709, 3312.375pt x 1936.23375pt>
File: images/pdf/Full_Lorry_Transform.pdf Graphic file (type pdf)
<use images/pdf/Full_Lorry_Transform.pdf>
Package pdftex.def Info: images/pdf/Full_Lorry_Transform.pdf  used on input line 328.
(pdftex.def)             Requested size: 227.62204pt x 133.03893pt.
 [16 <./images/pdf/Full_Lorry_Transform.pdf>]
<images/pdf/Cannon_Balls.pdf, id=4874, 2972.85657pt x 1602.73781pt>
File: images/pdf/Cannon_Balls.pdf Graphic file (type pdf)
<use images/pdf/Cannon_Balls.pdf>
Package pdftex.def Info: images/pdf/Cannon_Balls.pdf  used on input line 346.
(pdftex.def)             Requested size: 227.62204pt x 122.69464pt.
<images/pdf/cars.pdf, id=4875, 3312.375pt x 1921.1775pt>
File: images/pdf/cars.pdf Graphic file (type pdf)
<use images/pdf/cars.pdf>
Package pdftex.def Info: images/pdf/cars.pdf  used on input line 365.
(pdftex.def)             Requested size: 227.62204pt x 132.00441pt.
 [17 <./images/pdf/Cannon_Balls.pdf>] [18 <./images/pdf/cars.pdf>] [19]
===== Image 'output/tikz/circular_waves_from_stationary_source' is up-to-date. ======
===== Image 'output/tikz/circular_waves_doppler_effect' is up-to-date. ======
[20 <./output/tikz/circular_waves_from_stationary_source.pdf> <./output/tikz/circular_waves_doppler_effect.pdf>]
<images/pdf/Aberrated_lorrys_1.pdf, id=5820, 3312.375pt x 1936.23375pt>
File: images/pdf/Aberrated_lorrys_1.pdf Graphic file (type pdf)
<use images/pdf/Aberrated_lorrys_1.pdf>
Package pdftex.def Info: images/pdf/Aberrated_lorrys_1.pdf  used on input line 474.
(pdftex.def)             Requested size: 167.87108pt x 98.11731pt.
<images/pdf/Aberrated_lorrys_2.pdf, id=5821, 3312.375pt x 1936.23375pt>
File: images/pdf/Aberrated_lorrys_2.pdf Graphic file (type pdf)
<use images/pdf/Aberrated_lorrys_2.pdf>
Package pdftex.def Info: images/pdf/Aberrated_lorrys_2.pdf  used on input line 480.
(pdftex.def)             Requested size: 167.87108pt x 98.11731pt.
 [21 <./images/pdf/Aberrated_lorrys_1.pdf> <./images/pdf/Aberrated_lorrys_2.pdf

pdfTeX warning: pdflatex (file ./images/pdf/Aberrated_lorrys_2.pdf): PDF inclusion: multiple pdfs with page group included in a single page
>]
===== Image 'output/tikz/earth_recieving_light_suns_frame' is up-to-date. ======
===== Image 'output/tikz/earth_recieving_light_rest_frame' is up-to-date. ======
[22]
<images/pdf/Aberrated_velocities_restframe.pdf, id=6336, 372.9132pt x 281.56392pt>
File: images/pdf/Aberrated_velocities_restframe.pdf Graphic file (type pdf)
<use images/pdf/Aberrated_velocities_restframe.pdf>
Package pdftex.def Info: images/pdf/Aberrated_velocities_restframe.pdf  used on input line 583.
(pdftex.def)             Requested size: 142.26378pt x 107.41212pt.
<images/pdf/Aberrated_velocities.pdf, id=6339, 390.89262pt x 281.56392pt>
File: images/pdf/Aberrated_velocities.pdf Graphic file (type pdf)
<use images/pdf/Aberrated_velocities.pdf>
Package pdftex.def Info: images/pdf/Aberrated_velocities.pdf  used on input line 588.
(pdftex.def)             Requested size: 142.26378pt x 102.47137pt.
 [23 <./output/tikz/earth_recieving_light_suns_frame.pdf> <./output/tikz/earth_recieving_light_rest_frame.pdf>]
<images/pdf/Aberrated_velocities_inwards_restframe.pdf, id=6365, 372.9132pt x 281.56392pt>
File: images/pdf/Aberrated_velocities_inwards_restframe.pdf Graphic file (type pdf)
<use images/pdf/Aberrated_velocities_inwards_restframe.pdf>
Package pdftex.def Info: images/pdf/Aberrated_velocities_inwards_restframe.pdf  used on input line 600.
(pdftex.def)             Requested size: 142.26378pt x 107.41212pt.
<images/pdf/Aberrated_velocities_inwards.pdf, id=6368, 390.89262pt x 281.56392pt>
File: images/pdf/Aberrated_velocities_inwards.pdf Graphic file (type pdf)
<use images/pdf/Aberrated_velocities_inwards.pdf>
Package pdftex.def Info: images/pdf/Aberrated_velocities_inwards.pdf  used on input line 605.
(pdftex.def)             Requested size: 142.26378pt x 102.47137pt.
 [24 <./images/pdf/Aberrated_velocities_restframe.pdf> <./images/pdf/Aberrated_velocities.pdf

pdfTeX warning: pdflatex (file ./images/pdf/Aberrated_velocities.pdf): PDF inclusion: multiple pdfs with page group included in a single page
> <./images/pdf/Aberrated_velocities_inwards_restframe.pdf

pdfTeX warning: pdflatex (file ./images/pdf/Aberrated_velocities_inwards_restframe.pdf): PDF inclusion: multiple pdfs with page group included in a single page
> <./images/pdf/Aberrated_velocities_inwards.pdf

pdfTeX warning: pdflatex (file ./images/pdf/Aberrated_velocities_inwards.pdf): PDF inclusion: multiple pdfs with page group included in a single page
>]
<images/pdf/Field_Rest_Frame.pdf, id=7694, 281.56691pt x 281.56691pt>
File: images/pdf/Field_Rest_Frame.pdf Graphic file (type pdf)
<use images/pdf/Field_Rest_Frame.pdf>
Package pdftex.def Info: images/pdf/Field_Rest_Frame.pdf  used on input line 632.
(pdftex.def)             Requested size: 112.38829pt x 112.38846pt.
<images/pdf/Field_Moving_Frame_Doppler.pdf, id=7697, 281.56691pt x 281.56691pt>
File: images/pdf/Field_Moving_Frame_Doppler.pdf Graphic file (type pdf)
<use images/pdf/Field_Moving_Frame_Doppler.pdf>
Package pdftex.def Info: images/pdf/Field_Moving_Frame_Doppler.pdf  used on input line 638.
(pdftex.def)             Requested size: 112.38829pt x 112.38846pt.
<images/pdf/Field_Moving_Frame_Doppler_circles.pdf, id=7700, 281.56392pt x 281.56392pt>
File: images/pdf/Field_Moving_Frame_Doppler_circles.pdf Graphic file (type pdf)
<use images/pdf/Field_Moving_Frame_Doppler_circles.pdf>
Package pdftex.def Info: images/pdf/Field_Moving_Frame_Doppler_circles.pdf  used on input line 644.
(pdftex.def)             Requested size: 112.38829pt x 112.38727pt.
 [25 <./images/pdf/Field_Rest_Frame.pdf> <./images/pdf/Field_Moving_Frame_Doppler.pdf

pdfTeX warning: pdflatex (file ./images/pdf/Field_Moving_Frame_Doppler.pdf): PDF inclusion: multiple pdfs with page group included in a single page
> <./images/pdf/Field_Moving_Frame_Doppler_circles.pdf

pdfTeX warning: pdflatex (file ./images/pdf/Field_Moving_Frame_Doppler_circles.pdf): PDF inclusion: multiple pdfs with page group included in a single page
>] [26]
<images/pdf/Perceived_speed.pdf, id=29585, 3225.04875pt x 1684.79437pt>
File: images/pdf/Perceived_speed.pdf Graphic file (type pdf)
<use images/pdf/Perceived_speed.pdf>
Package pdftex.def Info: images/pdf/Perceived_speed.pdf  used on input line 687.
(pdftex.def)             Requested size: 284.52756pt x 148.61713pt.
 [27 <./images/pdf/Perceived_speed.pdf>] [28] [29] [30]
Chapter 2.
Package biblatex Info: Reference segment=3 on input line 774.
Package biblatex Info: Setting label 'refsegment:03' on input line 774.
[31

]
LaTeX Font Info:    Trying to load font information for TS1+qcs on input line 799.
 (C:\Users\one_p\AppData\Local\Programs\MiKTeX\tex/latex/tex-gyre\ts1qcs.fd
File: ts1qcs.fd 2009/09/25 v1.2 font definition file for TS1/qcs
)
Package microtype Info: Loading generic protrusion settings for font family
(microtype)             `qcs' (encoding: TS1).
(microtype)             For optimal results, create family-specific settings.
(microtype)             See the microtype manual for details.
 [32{C:/Users/one_p/AppData/Local/Programs/MiKTeX/fonts/enc/dvips/tex-gyre/q-ts1.enc}]
===== Image 'output/tikz/Tikz_simple_Galilean_transform_derivation' is up-to-date. ======
[33 <./output/tikz/Tikz_simple_Galilean_transform_derivation.pdf>] [34] [35]
===== Image 'output/tikz/Time_dilation_rest_frame' is up-to-date. ======
===== Image 'output/tikz/Time_dilation_moving_frame' is up-to-date. ======
[36] [37 <./output/tikz/Time_dilation_rest_frame.pdf> <./output/tikz/Time_dilation_moving_frame.pdf>] [38]
===== Image 'output/tikz/Length_contraction_rest_frame' is up-to-date. ======
===== Image 'output/tikz/Length_contraction_moving_frame' is up-to-date. ======
[39 <./output/tikz/Length_contraction_rest_frame.pdf> <./output/tikz/Length_contraction_moving_frame.pdf>] [40] [41]
===== Image 'output/tikz/Tikz_simple_lorentz_transform_derivation' is up-to-date. ======
[42 <./output/tikz/Tikz_simple_lorentz_transform_derivation.pdf>] [43] [44] [45]
<images/pdf/coord_transform_initial.pdf, id=30238, 195.38043pt x 281.56392pt>
File: images/pdf/coord_transform_initial.pdf Graphic file (type pdf)
<use images/pdf/coord_transform_initial.pdf>
Package pdftex.def Info: images/pdf/coord_transform_initial.pdf  used on input line 1367.
(pdftex.def)             Requested size: 100.04768pt x 144.18pt.
<images/pdf/coord_transform_primed.pdf, id=30241, 217.72318pt x 281.56392pt>
File: images/pdf/coord_transform_primed.pdf Graphic file (type pdf)
<use images/pdf/coord_transform_primed.pdf>
Package pdftex.def Info: images/pdf/coord_transform_primed.pdf  used on input line 1373.
(pdftex.def)             Requested size: 110.40253pt x 142.77509pt.
<images/pdf/coord_transform_primed_sychronised.pdf, id=30244, 195.86374pt x 281.56392pt>
File: images/pdf/coord_transform_primed_sychronised.pdf Graphic file (type pdf)
<use images/pdf/coord_transform_primed_sychronised.pdf>
Package pdftex.def Info: images/pdf/coord_transform_primed_sychronised.pdf  used on input line 1379.
(pdftex.def)             Requested size: 100.04768pt x 143.8234pt.
 [46 <./images/pdf/coord_transform_initial.pdf> <./images/pdf/coord_transform_primed.pdf

pdfTeX warning: pdflatex (file ./images/pdf/coord_transform_primed.pdf): PDF inclusion: multiple pdfs with page group included in a single page
> <./images/pdf/coord_transform_primed_sychronised.pdf

pdfTeX warning: pdflatex (file ./images/pdf/coord_transform_primed_sychronised.pdf): PDF inclusion: multiple pdfs with page group included in a single page
>]
===== Image 'output/tikz/Gamma_Factor' is up-to-date. ======
[47 <./output/tikz/Gamma_Factor.pdf>] [48] [49] [50] [51] [52] [53]

LaTeX Warning: Empty bibliography on input line 1667.

[54]
Chapter 3.
Package biblatex Info: Reference segment=4 on input line 1672.
Package biblatex Info: Setting label 'refsegment:04' on input line 1672.
[55

] [56] [57] [58] [59] [60] [61] [62] [63] [64]
Overfull \hbox (1.6725pt too wide) in paragraph at lines 2022--2022
[]\T1/qcs/b/n/12 (-20) Proof that this rel-a-tivis-tic Mo-men-tum is Con-served 
 []

[65] [66] [67] [68] [69] [70] [71] [72]
Chapter 4.
Package biblatex Info: Reference segment=5 on input line 2257.
Package biblatex Info: Setting label 'refsegment:05' on input line 2257.
[73

]
===== Image 'output/tikz/Tikz_Particles_position_in_rest_frame' is up-to-date. ======
===== Image 'output/tikz/Tikz_Particles_position_in_primed_frame_with_delayed_position' is up-to-date. ======
[74 <./output/tikz/Tikz_Particles_position_in_rest_frame.pdf> <./output/tikz/Tikz_Particles_position_in_primed_frame_with_delayed_position.pdf>] [75] [76]
<images/pdf/coord_transform_initial_with_retarded_time.pdf, id=30904, 202.15273pt x 281.56392pt>
File: images/pdf/coord_transform_initial_with_retarded_time.pdf Graphic file (type pdf)
<use images/pdf/coord_transform_initial_with_retarded_time.pdf>
Package pdftex.def Info: images/pdf/coord_transform_initial_with_retarded_time.pdf  used on input line 2469.
(pdftex.def)             Requested size: 102.14029pt x 142.26378pt.
<images/pdf/coord_transform_primed_retarded.pdf, id=30907, 203.63353pt x 281.56392pt>
File: images/pdf/coord_transform_primed_retarded.pdf Graphic file (type pdf)
<use images/pdf/coord_transform_primed_retarded.pdf>
Package pdftex.def Info: images/pdf/coord_transform_primed_retarded.pdf  used on input line 2475.
(pdftex.def)             Requested size: 102.88847pt x 142.26378pt.
 [77 <./images/pdf/coord_transform_initial_with_retarded_time.pdf> <./images/pdf/coord_transform_primed_retarded.pdf

pdfTeX warning: pdflatex (file ./images/pdf/coord_transform_primed_retarded.pdf): PDF inclusion: multiple pdfs with page group included in a single page
>]
<images/pdf/coord_transform_Retarded_Coordinate_Density_Transform.pdf, id=31015, 365.68321pt x 312.03401pt>
File: images/pdf/coord_transform_Retarded_Coordinate_Density_Transform.pdf Graphic file (type pdf)
<use images/pdf/coord_transform_Retarded_Coordinate_Density_Transform.pdf>
Package pdftex.def Info: images/pdf/coord_transform_Retarded_Coordinate_Density_Transform.pdf  used on input line 2490.
(pdftex.def)             Requested size: 166.7209pt x 142.26378pt.
 [78 <./images/pdf/coord_transform_Retarded_Coordinate_Density_Transform.pdf>]
===== Image 'output/tikz/Tikz_Apparent_Velocity' is up-to-date. ======
[79 <./output/tikz/Tikz_Apparent_Velocity.pdf>] [80]
===== Image 'output/tikz/Retarded_Speed_of_Light' is up-to-date. ======
[81 <./output/tikz/Retarded_Speed_of_Light.pdf>]

LaTeX Warning: Empty bibliography on input line 2651.

[82]
Chapter 5.
Package biblatex Info: Reference segment=6 on input line 2656.
Package biblatex Info: Setting label 'refsegment:06' on input line 2656.
[83

]
===== Image 'output/tikz/Tikz_Spherical_Polar_Coordinates' is up-to-date. ======
[84 <./output/tikz/Tikz_Spherical_Polar_Coordinates.pdf>] [85] [86]
File: images/pdf/Aberrated_velocities_restframe.pdf Graphic file (type pdf)
<use images/pdf/Aberrated_velocities_restframe.pdf>
Package pdftex.def Info: images/pdf/Aberrated_velocities_restframe.pdf  used on input line 2894.
(pdftex.def)             Requested size: 142.26378pt x 107.41212pt.
File: images/pdf/Aberrated_velocities.pdf Graphic file (type pdf)
<use images/pdf/Aberrated_velocities.pdf>
Package pdftex.def Info: images/pdf/Aberrated_velocities.pdf  used on input line 2899.
(pdftex.def)             Requested size: 142.26378pt x 102.47137pt.
File: images/pdf/Aberrated_velocities_inwards_restframe.pdf Graphic file (type pdf)
<use images/pdf/Aberrated_velocities_inwards_restframe.pdf>
Package pdftex.def Info: images/pdf/Aberrated_velocities_inwards_restframe.pdf  used on input line 2914.
(pdftex.def)             Requested size: 142.26378pt x 107.41212pt.
File: images/pdf/Aberrated_velocities_inwards.pdf Graphic file (type pdf)
<use images/pdf/Aberrated_velocities_inwards.pdf>
Package pdftex.def Info: images/pdf/Aberrated_velocities_inwards.pdf  used on input line 2919.
(pdftex.def)             Requested size: 142.26378pt x 102.47137pt.
 [87]
===== Image 'output/tikz/Tikz_Lights_angle_with_particle_in_its_proper_frame' is up-to-date. ======
===== Image 'output/tikz/Tikz_Lights_angle_with_particle_With_particle_moving' is up-to-date. ======
[88] [89 <./output/tikz/Tikz_Lights_angle_with_particle_in_its_proper_frame.pdf> <./output/tikz/Tikz_Lights_angle_with_particle_With_particle_moving.pdf>]
<images/pdf/Rest_Pulse.pdf, id=31289, 196.99521pt x 281.56392pt>
File: images/pdf/Rest_Pulse.pdf Graphic file (type pdf)
<use images/pdf/Rest_Pulse.pdf>
Package pdftex.def Info: images/pdf/Rest_Pulse.pdf  used on input line 3037.
(pdftex.def)             Requested size: 108.12054pt x 154.5341pt.
<images/pdf/Prime_Pulse.pdf, id=31292, 196.99521pt x 281.56392pt>
File: images/pdf/Prime_Pulse.pdf Graphic file (type pdf)
<use images/pdf/Prime_Pulse.pdf>
Package pdftex.def Info: images/pdf/Prime_Pulse.pdf  used on input line 3043.
(pdftex.def)             Requested size: 108.12054pt x 154.5341pt.
<images/pdf/Prime_Pulse_Simultaneous.pdf, id=31295, 196.99521pt x 281.56392pt>
File: images/pdf/Prime_Pulse_Simultaneous.pdf Graphic file (type pdf)
<use images/pdf/Prime_Pulse_Simultaneous.pdf>
Package pdftex.def Info: images/pdf/Prime_Pulse_Simultaneous.pdf  used on input line 3049.
(pdftex.def)             Requested size: 108.12054pt x 154.5341pt.
 [90] [91 <./images/pdf/Rest_Pulse.pdf> <./images/pdf/Prime_Pulse.pdf

pdfTeX warning: pdflatex (file ./images/pdf/Prime_Pulse.pdf): PDF inclusion: multiple pdfs with page group included in a single page
> <./images/pdf/Prime_Pulse_Simultaneous.pdf

pdfTeX warning: pdflatex (file ./images/pdf/Prime_Pulse_Simultaneous.pdf): PDF inclusion: multiple pdfs with page group included in a single page
>]
===== Image 'output/tikz/Tikz_Light_Pulse_Primed_Frame' is up-to-date. ======
[92] [93 <./output/tikz/Tikz_Light_Pulse_Primed_Frame.pdf>] [94] [95]
===== Image 'output/tikz/Tikz_Light_Pulse_Proper_Frame' is up-to-date. ======
===== Image 'output/tikz/Tikz_Light_Pulse_Primed_Frame_2' is up-to-date. ======
[96 <./output/tikz/Tikz_Light_Pulse_Proper_Frame.pdf> <./output/tikz/Tikz_Light_Pulse_Primed_Frame_2.pdf>]
Package mdframed Info: Not enough space on this page on input line 3442.
 [97] [98] [99]
Chapter 6.
Package biblatex Info: Reference segment=7 on input line 3499.
Package biblatex Info: Setting label 'refsegment:07' on input line 3499.
File: images/pdf/Field_Rest_Frame.pdf Graphic file (type pdf)
<use images/pdf/Field_Rest_Frame.pdf>
Package pdftex.def Info: images/pdf/Field_Rest_Frame.pdf  used on input line 3514.
(pdftex.def)             Requested size: 112.38829pt x 112.38846pt.
File: images/pdf/Field_Moving_Frame_Doppler.pdf Graphic file (type pdf)
<use images/pdf/Field_Moving_Frame_Doppler.pdf>
Package pdftex.def Info: images/pdf/Field_Moving_Frame_Doppler.pdf  used on input line 3520.
(pdftex.def)             Requested size: 112.38829pt x 112.38846pt.
File: images/pdf/Field_Moving_Frame_Doppler_circles.pdf Graphic file (type pdf)
<use images/pdf/Field_Moving_Frame_Doppler_circles.pdf>
Package pdftex.def Info: images/pdf/Field_Moving_Frame_Doppler_circles.pdf  used on input line 3526.
(pdftex.def)             Requested size: 112.38829pt x 112.38727pt.
[100

] [101]
\pgf@layerbox@background=\box144
\pgf@layerboxsaved@background=\box145
\pgf@layerbox@foreground=\box146
\pgf@layerboxsaved@foreground=\box147

===== Image 'output/tikz/Tikz_Surface_Element' is up-to-date. ======
[102 <./output/tikz/Tikz_Surface_Element.pdf>] [103] [104]
<images/pdf/Density_of_Light_from_Rest_Source.pdf, id=31898, 364.3304pt x 312.03401pt>
File: images/pdf/Density_of_Light_from_Rest_Source.pdf Graphic file (type pdf)
<use images/pdf/Density_of_Light_from_Rest_Source.pdf>
Package pdftex.def Info: images/pdf/Density_of_Light_from_Rest_Source.pdf  used on input line 3818.
(pdftex.def)             Requested size: 155.24895pt x 132.96265pt.
<images/pdf/Rate_of_Change_of_Vector_Density_of_Light_from_Moving_Source.pdf, id=31899, 364.3304pt x 312.03401pt>
File: images/pdf/Rate_of_Change_of_Vector_Density_of_Light_from_Moving_Source.pdf Graphic file (type pdf)
<use images/pdf/Rate_of_Change_of_Vector_Density_of_Light_from_Moving_Source.pdf>
Package pdftex.def Info: images/pdf/Rate_of_Change_of_Vector_Density_of_Light_from_Moving_Source.pdf  used on input line 3824.
(pdftex.def)             Requested size: 155.24895pt x 132.96265pt.
 [105] [106 <./images/pdf/Density_of_Light_from_Rest_Source.pdf> <./images/pdf/Rate_of_Change_of_Vector_Density_of_Light_from_Moving_Source.pdf

pdfTeX warning: pdflatex (file ./images/pdf/Rate_of_Change_of_Vector_Density_of_Light_from_Moving_Source.pdf): PDF inclusion: multiple pdfs with page group included in a single page
>]
File: images/pdf/Density_of_Light_from_Rest_Source.pdf Graphic file (type pdf)
<use images/pdf/Density_of_Light_from_Rest_Source.pdf>
Package pdftex.def Info: images/pdf/Density_of_Light_from_Rest_Source.pdf  used on input line 3952.
(pdftex.def)             Requested size: 155.24895pt x 132.96265pt.
<images/pdf/Density_of_Light_from_Moving_Source.pdf, id=31947, 364.3304pt x 312.03401pt>
File: images/pdf/Density_of_Light_from_Moving_Source.pdf Graphic file (type pdf)
<use images/pdf/Density_of_Light_from_Moving_Source.pdf>
Package pdftex.def Info: images/pdf/Density_of_Light_from_Moving_Source.pdf  used on input line 3958.
(pdftex.def)             Requested size: 155.24895pt x 132.96265pt.
 [107] [108 <./images/pdf/Density_of_Light_from_Moving_Source.pdf>] [109]
Chapter 7.
Package biblatex Info: Reference segment=8 on input line 3991.
Package biblatex Info: Setting label 'refsegment:08' on input line 3991.
[110

]
Chapter 8.
Package biblatex Info: Reference segment=9 on input line 4001.
Package biblatex Info: Setting label 'refsegment:09' on input line 4001.
[111

] [112]) [113] (Tex/Outro.tex
Package biblatex Info: Reference segment=10 on input line 4.
Package biblatex Info: Setting label 'refsegment:010' on input line 4.
) (Tex/Resources.tex [114


]
Package biblatex Info: Reference segment=11 on input line 3.
Package biblatex Info: Setting label 'refsegment:011' on input line 3.

Underfull \hbox (badness 10000) in paragraph at lines 9--12

 []

[115

]
Package microtype Info: Loading generic protrusion settings for font family
(microtype)             `cmtt' (encoding: T1).
(microtype)             For optimal results, create family-specific settings.
(microtype)             See the microtype manual for details.
) [116]
Package biblatex Info: Reference segment=12 on input line 40.
Package biblatex Info: Setting label 'refsegment:012' on input line 40.
 (Tex/Terms/Definitions.tex [117

]
*geometry* verbose mode - [ newgeometry ] result:
* driver: pdftex
* paper: <default>
* layout: <same size as paper>
* layoutoffset:(h,v)=(0.0pt,0.0pt)
* modes: 
* h-part:(L,W,R)=(72.26999pt, 469.75502pt, 72.26999pt)
* v-part:(T,H,B)=(72.26999pt, 650.43001pt, 72.26999pt)
* \paperwidth=614.295pt
* \paperheight=794.96999pt
* \textwidth=469.75502pt
* \textheight=650.43001pt
* \oddsidemargin=0.0pt
* \evensidemargin=0.0pt
* \topmargin=-30.06749pt
* \headheight=12.0pt
* \headsep=18.06749pt
* \topskip=10.0pt
* \footskip=25.29494pt
* \marginparwidth=69.0pt
* \marginparsep=7.0pt
* \columnsep=10.0pt
* \skip\footins=9.0pt plus 4.0pt minus 2.0pt
* \hoffset=0.0pt
* \voffset=0.0pt
* \mag=1000
* \@twocolumnfalse
* \@twosidefalse
* \@mparswitchfalse
* \@reversemarginfalse
* (1in=72.27pt=25.4mm, 1cm=28.453pt)

 [118

] [119]) (Tex/Terms/Term_dict.tex [120

] [121] [122] [123] [124] [125] [126]) [127]
Package microtype Info: Character `029' is missing
(microtype)             in font `T1/qcs/m/sc/10'.
(microtype)             Ignoring protrusion settings for this character.
 (Tex/Cover_back.tex [128

{C:/Users/one_p/AppData/Local/Programs/MiKTeX/fonts/enc/dvips/tex-gyre/q-ec-sc.enc}]
File: images/png/PhyHub_Logo.png Graphic file (type png)
<use images/png/PhyHub_Logo.png>
Package pdftex.def Info: images/png/PhyHub_Logo.png  used on input line 8.
(pdftex.def)             Requested size: 199.16928pt x 188.84843pt.
) [129] (c:\Users\one_p\Desktop\Phy-Hub\Website\topics\special-relativity\Latex\output\Handbook_of_Special_Relativity.aux)
 ***********
LaTeX2e <2025-11-01>
L3 programming layer <2025-12-24>
 ***********
Package rerunfilecheck Info: File `Handbook_of_Special_Relativity.out' has not changed.
(rerunfilecheck)             Checksum: F775DB22647CDCB306AB1AC4B713D2DB;10981.
Package logreq Info: Writing requests to 'Handbook_of_Special_Relativity.run.xml'.
\openout1 = `Handbook_of_Special_Relativity.run.xml'.

 ) 
Here is how much of TeX's memory you used:
 55606 strings out of 467871
 1275161 string characters out of 5418377
 2394556 words of memory out of 5000000
 82946 multiletter control sequences out of 15000+600000
 704482 words of font info for 209 fonts, out of 8000000 for 9000
 1141 hyphenation exceptions out of 8191
 131i,17n,135p,1676b,1387s stack positions out of 10000i,1000n,20000p,200000b,200000s
 <C:\Users\one_p\AppData\Local\MiKTeX\fonts/pk/ljfour/jknappen/ec/dpi600\ectt1000.pk><C:/Users/one_p/AppData/Local/Programs/MiKTeX/fonts/type1/public/amsfonts/cm/cmbx10.pfb><C:/Users/one_p/AppData/Local/Programs/MiKTeX/fonts/type1/public/amsfonts/cm/cmex10.pfb><C:/Users/one_p/AppData/Local/Programs/MiKTeX/fonts/type1/public/amsfonts/cmextra/cmex7.pfb><C:/Users/one_p/AppData/Local/Programs/MiKTeX/fonts/type1/public/amsfonts/cm/cmmi10.pfb><C:/Users/one_p/AppData/Local/Programs/MiKTeX/fonts/type1/public/amsfonts/cm/cmmi5.pfb><C:/Users/one_p/AppData/Local/Programs/MiKTeX/fonts/type1/public/amsfonts/cm/cmmi6.pfb><C:/Users/one_p/AppData/Local/Programs/MiKTeX/fonts/type1/public/amsfonts/cm/cmmi7.pfb><C:/Users/one_p/AppData/Local/Programs/MiKTeX/fonts/type1/public/amsfonts/cm/cmmi9.pfb><C:/Users/one_p/AppData/Local/Programs/MiKTeX/fonts/type1/public/amsfonts/cm/cmmib10.pfb><C:/Users/one_p/AppData/Local/Programs/MiKTeX/fonts/type1/public/amsfonts/cm/cmr10.pfb><C:/Users/one_p/AppData/Local/Programs/MiKTeX/fonts/type1/public/amsfonts/cm/cmr5.pfb><C:/Users/one_p/AppData/Local/Programs/MiKTeX/fonts/type1/public/amsfonts/cm/cmr7.pfb><C:/Users/one_p/AppData/Local/Programs/MiKTeX/fonts/type1/public/amsfonts/cm/cmr9.pfb><C:/Users/one_p/AppData/Local/Programs/MiKTeX/fonts/type1/public/amsfonts/cm/cmsy10.pfb><C:/Users/one_p/AppData/Local/Programs/MiKTeX/fonts/type1/public/amsfonts/cm/cmsy5.pfb><C:/Users/one_p/AppData/Local/Programs/MiKTeX/fonts/type1/public/amsfonts/cm/cmsy6.pfb><C:/Users/one_p/AppData/Local/Programs/MiKTeX/fonts/type1/public/amsfonts/cm/cmsy7.pfb><C:/Users/one_p/AppData/Local/Programs/MiKTeX/fonts/type1/public/amsfonts/cm/cmsy9.pfb><C:/Users/one_p/AppData/Local/Programs/MiKTeX/fonts/type1/public/amsfonts/symbols/msam10.pfb><C:/Users/one_p/AppData/Local/Programs/MiKTeX/fonts/type1/public/tex-gyre/qcsb.pfb><C:/Users/one_p/AppData/Local/Programs/MiKTeX/fonts/type1/public/tex-gyre/qcsr.pfb><C:/Users/one_p/AppData/Local/Programs/MiKTeX/fonts/type1/public/tex-gyre/qcsri.pfb>
Output written on c:\Users\one_p\Desktop\Phy-Hub\Website\topics\special-relativity\Latex\output\Handbook_of_Special_Relativity.pdf (134 pages, 7428988 bytes).
PDF statistics:
 32329 PDF objects out of 38293 (max. 8388607)
 437 named destinations out of 1000 (max. 500000)
 43436 words of extra memory for PDF output out of 51595 (max. 10000000)

