This is pdfTeX, Version 3.141592653-2.6-1.40.25 (MiKTeX 23.12) (preloaded format=pdflatex 2024.1.10)  6 FEB 2024 23:41
entering extended mode
 restricted \write18 enabled.
 %&-line parsing enabled.
**"./assembly/Latex_SR/Handbook of Special Relativity/Layout.tex"
(assembly/Latex_SR/Handbook of Special Relativity/Layout.tex
LaTeX2e <2023-11-01>
L3 programming layer <2024-01-04>
(C:\Users\one_p\AppData\Local\Programs\MiKTeX\tex/latex/base\book.cls
Document Class: book 2023/05/17 v1.4n Standard LaTeX document class
(C:\Users\one_p\AppData\Local\Programs\MiKTeX\tex/latex/base\bk10.clo
File: bk10.clo 2023/05/17 v1.4n Standard LaTeX file (size option)
)
\c@part=\count187
\c@chapter=\count188
\c@section=\count189
\c@subsection=\count190
\c@subsubsection=\count191
\c@paragraph=\count192
\c@subparagraph=\count193
\c@figure=\count194
\c@table=\count195
\abovecaptionskip=\skip48
\belowcaptionskip=\skip49
\bibindent=\dimen140
)

! LaTeX Error: File `Preamble.sty' not found.

Type X to quit or <RETURN> to proceed,
or enter new name. (Default extension: sty)

Enter file name: 

(C:\Users\one_p\AppData\Local\Programs\MiKTeX\tex/latex/l3backend\l3backend-pdf
tex.def
File: l3backend-pdftex.def 2024-01-04 L3 backend support: PDF output (pdfTeX)
\l__color_backend_stack_int=\count196
\l__pdf_internal_box=\box51
)
No file Layout.aux.
\openout1 = `Layout.aux'.

LaTeX Font Info:    Checking defaults for OML/cmm/m/it on input line 3.
LaTeX Font Info:    ... okay on input line 3.
LaTeX Font Info:    Checking defaults for OMS/cmsy/m/n on input line 3.
LaTeX Font Info:    ... okay on input line 3.
LaTeX Font Info:    Checking defaults for OT1/cmr/m/n on input line 3.
LaTeX Font Info:    ... okay on input line 3.
LaTeX Font Info:    Checking defaults for T1/cmr/m/n on input line 3.
LaTeX Font Info:    ... okay on input line 3.
LaTeX Font Info:    Checking defaults for TS1/cmr/m/n on input line 3.
LaTeX Font Info:    ... okay on input line 3.
LaTeX Font Info:    Checking defaults for OMX/cmex/m/n on input line 3.
LaTeX Font Info:    ... okay on input line 3.
LaTeX Font Info:    Checking defaults for U/cmr/m/n on input line 3.
LaTeX Font Info:    ... okay on input line 3.

! LaTeX Error: File `Tex/Front_Cover.tex' not found.

Type X to quit or <RETURN> to proceed,
or enter new name. (Default extension: tex)

Enter file name: 
(C:\Users\one_p\AppData\Local\Programs\MiKTeX\tex/latex/tools\.tex
File ignored)
! Undefined control sequence.
l.16         \pagecolor
                       {Beige}
? 

! LaTeX Error: File `Tex/Epigraph.tex' not found.

Type X to quit or <RETURN> to proceed,
or enter new name. (Default extension: tex)

Enter file name: 
(C:\Users\one_p\AppData\Local\Programs\MiKTeX\tex/latex/tools\.tex
File ignored)

! LaTeX Error: File `Tex/Contents.tex' not found.

Type X to quit or <RETURN> to proceed,
or enter new name. (Default extension: tex)

Enter file name: 
(C:\Users\one_p\AppData\Local\Programs\MiKTeX\tex/latex/tools\.tex
File ignored)

! LaTeX Error: File `Tex/Front_Matter.tex' not found.

Type X to quit or <RETURN> to proceed,
or enter new name. (Default extension: tex)

Enter file name: 
(C:\Users\one_p\AppData\Local\Programs\MiKTeX\tex/latex/tools\.tex
File ignored)

! LaTeX Error: File `Tex/Main_Matter.tex' not found.

Type X to quit or <RETURN> to proceed,
or enter new name. (Default extension: tex)

Enter file name: 
(C:\Users\one_p\AppData\Local\Programs\MiKTeX\tex/latex/tools\.tex
File ignored)

! LaTeX Error: File `Tex/Appendix.tex' not found.

Type X to quit or <RETURN> to proceed,
or enter new name. (Default extension: tex)

Enter file name: ^^X
! Missing endcsname inserted.
<to be read again> 
                   MessageBreak 
l.21         \input{Tex/Appendix}
                                 
? 
! Emergency stop.
<to be read again> 
                   MessageBreak 
l.21         \input{Tex/Appendix}
                                 
End of file on the terminal!

 
Here is how much of TeX's memory you used:
 472 strings out of 474486
 9640 string characters out of 5743755
 1924528 words of memory out of 5000000
 22834 multiletter control sequences out of 15000+600000
 558069 words of font info for 36 fonts, out of 8000000 for 9000
 1141 hyphenation exceptions out of 8191
 35i,0n,50p,197b,36s stack positions out of 10000i,1000n,20000p,200000b,200000s
!  ==> Fatal error occurred, no output PDF file produced!
