\BOOKMARK [0][-]{chapter*.3}{\376\377\000P\000r\000e\000f\000a\000c\000e}{}% 1
\BOOKMARK [0][-]{chapter.1}{\376\377\000C\000o\000n\000c\000e\000p\000t\000u\000a\000l\000\040\000O\000v\000e\000r\000v\000i\000e\000w}{}% 2
\BOOKMARK [1][-]{section.1.1}{\376\377\000C\000l\000a\000s\000s\000i\000c\000a\000l\000\040\000A\000d\000d\000i\000t\000i\000o\000n\000\040\000o\000f\000\040\000V\000e\000l\000o\000c\000i\000t\000i\000e\000s}{chapter.1}% 3
\BOOKMARK [1][-]{section.1.2}{\376\377\000I\000n\000e\000r\000t\000i\000a\000l\000\040\000R\000e\000f\000e\000r\000e\000n\000c\000e\000\040\000F\000r\000a\000m\000e}{chapter.1}% 4
\BOOKMARK [1][-]{section.1.3}{\376\377\000C\000l\000a\000s\000s\000i\000c\000a\000l\000\040\000R\000e\000f\000e\000r\000e\000n\000c\000e\000\040\000F\000r\000a\000m\000e\000s}{chapter.1}% 5
\BOOKMARK [1][-]{section.1.4}{\376\377\000T\000h\000e\000\040\000A\000e\000t\000h\000e\000r}{chapter.1}% 6
\BOOKMARK [1][-]{section.1.5}{\376\377\000S\000p\000e\000e\000d\000\040\000o\000f\000\040\000L\000i\000g\000h\000t}{chapter.1}% 7
\BOOKMARK [1][-]{section.1.6}{\376\377\000P\000o\000s\000i\000t\000i\000o\000n\000s\000\040\000a\000n\000d\000\040\000T\000i\000m\000e}{chapter.1}% 8
\BOOKMARK [1][-]{section.1.7}{\376\377\000D\000o\000p\000p\000l\000e\000r\000\040\000E\000f\000f\000e\000c\000t}{chapter.1}% 9
\BOOKMARK [1][-]{section.1.8}{\376\377\000A\000b\000e\000r\000r\000a\000t\000i\000o\000n}{chapter.1}% 10
\BOOKMARK [1][-]{section.1.9}{\376\377\000R\000e\000l\000a\000t\000i\000v\000i\000s\000t\000i\000c\000\040\000B\000e\000a\000m\000i\000n\000g}{chapter.1}% 11
\BOOKMARK [1][-]{section.1.10}{\376\377\000V\000e\000l\000o\000c\000i\000t\000y\000\040\000T\000r\000a\000n\000s\000f\000o\000r\000m\000a\000t\000i\000o\000n}{chapter.1}% 12
\BOOKMARK [1][-]{section.1.11}{\376\377\000T\000h\000e\000\040\000M\000o\000r\000e\000\040\000A\000b\000s\000t\000r\000a\000c\000t\000\040\000P\000r\000o\000p\000e\000r\000t\000i\000e\000s\000.\000.\000.}{chapter.1}% 13
\BOOKMARK [1][-]{section.1.12}{\376\377\000S\000u\000m\000m\000a\000r\000y}{chapter.1}% 14
\BOOKMARK [1][-]{section.1.13}{\376\377\000D\000e\000f\000i\000n\000i\000t\000i\000o\000n\000s}{chapter.1}% 15
\BOOKMARK [0][-]{chapter.2}{\376\377\000P\000o\000s\000i\000t\000i\000o\000n\000s\000\040\000a\000n\000d\000\040\000T\000i\000m\000e}{}% 16
\BOOKMARK [1][-]{section.2.1}{\376\377\000C\000l\000a\000s\000s\000i\000c\000a\000l\000\040\000R\000e\000l\000a\000t\000i\000v\000i\000t\000y}{chapter.2}% 17
\BOOKMARK [1][-]{section.2.2}{\376\377\000P\000o\000s\000t\000u\000l\000a\000t\000e\000s\000\040\000o\000f\000\040\000S\000p\000e\000c\000i\000a\000l\000\040\000R\000e\000l\000a\000t\000i\000v\000i\000t\000y}{chapter.2}% 18
\BOOKMARK [1][-]{section.2.3}{\376\377\000D\000e\000r\000i\000v\000a\000t\000i\000o\000n\000s}{chapter.2}% 19
\BOOKMARK [1][-]{section.2.4}{\376\377\000V\000a\000r\000i\000a\000b\000l\000e\000s}{chapter.2}% 20
\BOOKMARK [0][-]{chapter.3}{\376\377\000V\000e\000l\000o\000c\000i\000t\000y\000\040\000a\000n\000d\000\040\000A\000c\000c\000e\000l\000e\000r\000a\000t\000i\000o\000n}{}% 21
\BOOKMARK [1][-]{section.3.1}{\376\377\000A\000l\000t\000e\000r\000n\000a\000t\000i\000v\000e\000\040\000D\000e\000r\000i\000v\000a\000t\000i\000o\000n}{chapter.3}% 22
\BOOKMARK [1][-]{section.3.2}{\376\377\000D\000i\000f\000f\000e\000r\000e\000n\000t\000\040\000w\000a\000y\000s\000\040\000t\000o\000\040\000T\000r\000a\000n\000s\000f\000o\000r\000m\000\040\000b\000e\000t\000w\000e\000e\000n\000\040\000f\000r\000a\000m\000e\000s\000\040\000T\000O\000D\000O}{chapter.3}% 23
\BOOKMARK [1][-]{section.3.3}{\376\377\000c\000o\000n\000f\000u\000s\000i\000o\000n\000\040\000b\000e\000t\000w\000e\000e\000n\000\040\000a\000\040\000f\000r\000a\000m\000e\000\040\000c\000h\000a\000n\000g\000e\000\040\000a\000n\000d\000\040\000l\000o\000o\000k\000i\000n\000g\000\040\000a\000t\000\040\0002\000\040\000d\000i\000f\000f\000e\000r\000e\000n\000t\000\040\000s\000y\000s\000t\000e\000m\000s\000\040\000o\000f\000\040\000m\000o\000v\000i\000n\000g\000\040\000o\000b\000j\000e\000c\000t\000s\000\040\000T\000O\000D\000O}{chapter.3}% 24
\BOOKMARK [1][-]{section.3.4}{\376\377\000A\000c\000c\000e\000l\000e\000r\000a\000t\000i\000o\000n\000\040\000T\000r\000a\000n\000s\000f\000o\000r\000m\000\040\000T\000O\000D\000O}{chapter.3}% 25
\BOOKMARK [1][-]{section.3.5}{\376\377\000V\000a\000r\000i\000a\000b\000l\000e\000s}{chapter.3}% 26
\BOOKMARK [0][-]{chapter.4}{\376\377\000S\000p\000h\000e\000r\000i\000c\000a\000l\000\040\000l\000i\000g\000h\000t\000\040\000p\000u\000l\000s\000e\000s}{}% 27
\BOOKMARK [1][-]{section.4.1}{\376\377\000P\000r\000e\000l\000i\000m\000i\000n\000a\000r\000y\000\040\000M\000a\000t\000h}{chapter.4}% 28
\BOOKMARK [1][-]{section.4.2}{\376\377\000L\000i\000g\000h\000t\000\040\000S\000p\000e\000e\000d\000\040\000T\000r\000a\000n\000s\000f\000o\000r\000m}{chapter.4}% 29
\BOOKMARK [1][-]{section.4.3}{\376\377\000S\000p\000e\000c\000i\000a\000l\000\040\000R\000e\000l\000a\000t\000i\000v\000i\000s\000t\000i\000c\000\040\000A\000b\000e\000r\000r\000a\000t\000i\000o\000n}{chapter.4}% 30
\BOOKMARK [1][-]{section.4.4}{\376\377\000V\000a\000r\000i\000a\000b\000l\000e\000s}{chapter.4}% 31
\BOOKMARK [0][-]{chapter.5}{\376\377\000B\000e\000a\000m\000i\000n\000g\000\040\000o\000f\000\040\000l\000i\000g\000h\000t}{}% 32
\BOOKMARK [1][-]{section.5.1}{\376\377\000D\000e\000l\000a\000y\000\040\000i\000n\000\040\000L\000i\000g\000h\000t\000-\000S\000p\000e\000e\000d\000\040\000S\000i\000g\000n\000a\000l\000s}{chapter.5}% 33
\BOOKMARK [1][-]{section.5.2}{\376\377\000T\000r\000a\000n\000s\000f\000o\000r\000m\000\040\000o\000f\000\040\000L\000i\000g\000h\000t\000\040\000P\000u\000l\000s\000e\000\040\000f\000r\000o\000m\000\040\000O\000r\000i\000g\000i\000n}{chapter.5}% 34
\BOOKMARK [1][-]{section.5.3}{\376\377\000R\000e\000l\000a\000t\000i\000v\000i\000s\000t\000i\000c\000\040\000R\000e\000t\000a\000r\000d\000e\000d\000\040\000v\000i\000e\000w\000\040\000o\000f\000\040\000u\000n\000i\000v\000e\000r\000s\000e\000\040\000f\000o\000r\000\040\000a\000n\000\040\000o\000b\000s\000e\000r\000v\000e\000r}{chapter.5}% 35
\BOOKMARK [1][-]{section.5.4}{\376\377\000V\000a\000r\000i\000a\000b\000l\000e\000s}{chapter.5}% 36
\BOOKMARK [0][-]{chapter.6}{\376\377\000I\000n\000v\000a\000r\000i\000a\000n\000t\000\040\000Q\000u\000a\000n\000t\000i\000t\000i\000e\000s\000\040\000T\000O\000D\000O}{}% 37
\BOOKMARK [1][-]{section.6.1}{\376\377\000r\000e\000c\000a\000p\000\040\000t\000h\000e\000\040\000c\000o\000n\000s\000e\000r\000v\000e\000d\000\040\000q\000u\000a\000n\000t\000i\000t\000y\000\040\000f\000r\000o\000m\000\040\000s\000p\000a\000c\000e\000\040\000a\000n\000d\000\040\000t\000i\000m\000e\000\040\000c\000o\000o\000r\000d\000i\000n\000a\000t\000e\000s}{chapter.6}% 38
\BOOKMARK [1][-]{section.6.2}{\376\377\000E\000n\000e\000r\000g\000y\000-\000M\000a\000s\000s\000\040\000E\000q\000u\000i\000v\000a\000l\000e\000n\000c\000e}{chapter.6}% 39
\BOOKMARK [1][-]{section.6.3}{\376\377\000E\000n\000e\000r\000g\000y\000-\000M\000o\000m\000e\000n\000t\000u\000m\000\040\000\050\000E\000q\000u\000i\000v\000a\000l\000e\000n\000c\000e\000\051}{chapter.6}% 40
\BOOKMARK [1][-]{section.6.4}{\376\377\000F\000o\000r\000c\000e\000\040\000T\000r\000a\000n\000s\000f\000o\000r\000m\000\040\000T\000O\000D\000O}{chapter.6}% 41
\BOOKMARK [1][-]{section.6.5}{\376\377\000V\000a\000r\000i\000a\000b\000l\000e\000s}{chapter.6}% 42
\BOOKMARK [0][-]{chapter.7}{\376\377\000e\000q\000u\000a\000t\000i\000o\000n\000\040\000f\000o\000r\000\040\000m\000o\000t\000i\000o\000n\000\040\000i\000n\000\040\000p\000r\000i\000m\000e\000d\000\040\000f\000r\000a\000m\000e\000\040\000f\000o\000r\000\040\000a\000r\000b\000i\000t\000r\000a\000r\000y\000\040\000p\000r\000o\000p\000e\000r\000\040\000f\000r\000a\000m\000e\000\040\000m\000o\000t\000i\000o\000n}{}% 43
\BOOKMARK [0][-]{chapter.8}{\376\377\000N\000o\000n\000e\000\040\000P\000o\000i\000n\000t\000\040\000L\000i\000k\000e\000\040\000S\000o\000u\000r\000c\000e\000s}{}% 44
\BOOKMARK [0][-]{chapter.9}{\376\377\000T\000h\000o\000u\000g\000h\000t\000\040\000E\000x\000p\000e\000r\000i\000m\000e\000n\000t\000s}{}% 45
\BOOKMARK [0][-]{chapter.10}{\376\377\000A\000p\000p\000l\000i\000c\000a\000t\000i\000o\000n\000s}{}% 46
\BOOKMARK [0][-]{chapter.11}{\376\377\000S\000t\000e\000p\000s\000\040\000f\000o\000r\000\040\000F\000r\000a\000m\000e\000\040\000S\000w\000a\000p\000p\000i\000n\000g}{}% 47
\BOOKMARK [0][-]{appendix.A}{\376\377\000O\000v\000e\000r\000v\000i\000e\000w\000\040\000o\000f\000\040\000A\000b\000e\000r\000r\000a\000t\000i\000o\000n\000\040\000e\000q\000u\000a\000t\000i\000o\000n\000s}{}% 48
\BOOKMARK [1][-]{section.A.1}{\376\377\000A\000b\000e\000r\000r\000a\000t\000i\000o\000n\000\040\000E\000q\000u\000a\000t\000i\000o\000n\000s}{appendix.A}% 49
\BOOKMARK [1][-]{section.A.2}{\376\377\000V\000e\000c\000t\000o\000r\000s}{appendix.A}% 50
\BOOKMARK [1][-]{section.A.3}{\376\377\000T\000r\000i\000g}{appendix.A}% 51
\BOOKMARK [1][-]{section.A.4}{\376\377\000D\000i\000f\000f\000e\000r\000e\000n\000t\000i\000a\000l}{appendix.A}% 52
\BOOKMARK [0][-]{appendix.B}{\376\377\000G\000e\000n\000e\000r\000a\000l\000i\000s\000e\000d\000\040\000L\000o\000r\000e\000n\000t\000z\000\040\000V\000e\000c\000t\000o\000r\000\040\000T\000r\000a\000n\000s\000f\000o\000r\000m\000a\000t\000i\000o\000n\000s}{}% 53
\BOOKMARK [1][-]{section.B.1}{\376\377\000L\000o\000r\000e\000n\000t\000z\000\040\000b\000o\000o\000s\000t}{appendix.B}% 54
\BOOKMARK [1][-]{section.B.2}{\376\377\000C\000o\000o\000r\000d\000i\000n\000a\000t\000e\000\040\000T\000r\000a\000n\000s\000f\000o\000r\000m}{appendix.B}% 55
\BOOKMARK [1][-]{section.B.3}{\376\377\000V\000e\000l\000o\000c\000i\000t\000y\000\040\000T\000r\000a\000n\000s\000f\000o\000r\000m}{appendix.B}% 56
\BOOKMARK [1][-]{section.B.4}{\376\377\000P\000a\000r\000a\000d\000o\000x\000e\000s\000\040\000a\000n\000d\000\040\000c\000o\000n\000f\000u\000s\000i\000o\000n\000s\000:\000\040\000\050\000p\000o\000s\000s\000i\000b\000l\000y\000\040\000f\000o\000r\000\040\000a\000n\000o\000t\000h\000e\000r\000\040\000v\000i\000d\000e\000o\000\051}{appendix.B}% 57
\BOOKMARK [0][-]{appendix.C}{\376\377\000V\000e\000l\000o\000c\000i\000t\000y\000\040\000T\000r\000a\000n\000s\000f\000o\000r\000m\000\040\000f\000o\000r\000\040\000p\000r\000o\000p\000a\000g\000a\000t\000i\000o\000n\000\040\000a\000t\000\040\000T\000E\000X\000T}{}% 58
\BOOKMARK [0][-]{appendix.D}{\376\377\000T\000w\000o\000\040\000C\000o\000n\000s\000e\000c\000u\000t\000i\000v\000e\000\040\000V\000e\000l\000o\000c\000i\000t\000y\000\040\000T\000r\000a\000n\000s\000f\000o\000r\000m\000s}{}% 59
\BOOKMARK [1][-]{section.D.1}{\376\377\000A\000c\000c\000e\000l\000e\000r\000a\000t\000i\000o\000n\000\040\000T\000r\000a\000n\000s\000f\000o\000r\000m\000\040\000w\000i\000t\000h\000\040\000c\000o\000n\000s\000i\000s\000t\000e\000n\000t\000\040\000t\000i\000m\000e\000\040\000\050\000c\000h\000e\000c\000k\000e\000d\000\051\000\040\000\050\000\050\000\040\000w\000h\000e\000n\000\040\000t\000r\000a\000n\000s\000f\000o\000r\000m\000e\000d\000\040\000t\000o\000\040\000a\000n\000o\000t\000h\000e\000r\000\040\000f\000r\000a\000m\000e\000\040\000a\000n\000d\000\040\000t\000h\000e\000n\000\040\000b\000a\000c\000k\000,\000\040\000i\000t\000\040\000d\000o\000e\000s\000\040\000n\000o\000t\000\040\000g\000i\000v\000e\000\040\000o\000r\000i\000g\000i\000n\000a\000l\000\040\000a\000c\000c\000e\000l\000e\000r\000a\000t\000i\000o\000n\000\051\000\051\000\040\000\050\000\050\000\050\000a\000s\000s\000u\000m\000e\000d\000\040\000w\000r\000o\000n\000g\000\040\000a\000s\000\040\000v\000e\000l\000o\000c\000i\000t\000y\000\040\000d\000u\000e\000\040\000t\000o\000\040\000t\000h\000e\000\040\000t\000i\000m\000e\000\040\000d\000i\000f\000f\000e\000r\000e\000n\000c\000e\000\040\000d\000u\000e\000\040\000t\000o\000\040\000p\000o\000s\000i\000t\000i\000o\000n\000\040\000n\000o\000t\000\040\000r\000e\000m\000o\000v\000e\000d\000\051\000\051\000\051}{appendix.D}% 60
\BOOKMARK [1][-]{section.D.2}{\376\377\000P\000r\000e\000v\000i\000o\000u\000s\000\040\000a\000c\000c\000e\000l\000e\000r\000a\000t\000i\000o\000n\000\040\000t\000r\000a\000n\000s\000f\000o\000r\000m}{appendix.D}% 61
\BOOKMARK [1][-]{section.D.3}{\376\377\000P\000o\000s\000i\000t\000i\000o\000n\000a\000l\000\040\000t\000r\000a\000n\000s\000f\000o\000r\000m\000\040\000w\000i\000t\000h\000\040\000t\000i\000m\000e\000\040\000t\000h\000e\000\040\000s\000a\000m\000e\000\040\000a\000t\000\040\000a\000l\000l\000\040\000c\000o\000o\000r\000d\000i\000n\000a\000t\000e\000s}{appendix.D}% 62
\BOOKMARK [1][-]{section.D.4}{\376\377\000L\000o\000r\000e\000n\000t\000z\000\040\000I\000n\000v\000a\000r\000i\000a\000n\000t\000\040\000Q\000u\000a\000n\000t\000i\000t\000i\000e\000s}{appendix.D}% 63
\BOOKMARK [1][-]{section.D.5}{\376\377\000.\000.\000.\000r\000e\000m\000o\000v\000e\000\040\000.\000.\000.\000\040\000R\000e\000t\000a\000r\000d\000e\000d\000\040\000S\000y\000s\000t\000e\000m\000\040\000o\000f\000\040\000L\000i\000g\000h\000t\000\040\000P\000u\000l\000s\000e\000\040\000F\000r\000o\000m\000\040\000S\000o\000u\000r\000c\000e\000\040\000a\000t\000\040\000O\000r\000i\000g\000i\000n}{appendix.D}% 64
\BOOKMARK [1][-]{section.D.6}{\376\377\000A\000c\000c\000e\000l\000e\000r\000a\000t\000i\000o\000n}{appendix.D}% 65
\BOOKMARK [1][-]{section.D.7}{\376\377\000D\000e\000r\000i\000v\000a\000t\000i\000o\000n\000\040\000f\000r\000o\000m\000\040\000S\000p\000h\000e\000r\000i\000c\000a\000l\000\040\000L\000i\000g\000h\000t\000\040\000P\000u\000l\000s\000e}{appendix.D}% 66
\BOOKMARK [1][-]{section.D.8}{\376\377\000L\000e\000n\000g\000t\000h\000\040\000C\000o\000n\000t\000r\000a\000c\000t\000i\000o\000n}{appendix.D}% 67
\BOOKMARK [1][-]{section.D.9}{\376\377\000T\000i\000m\000e\000\040\000D\000i\000l\000a\000t\000i\000o\000n}{appendix.D}% 68
\BOOKMARK [1][-]{section.D.10}{\376\377\000G\000e\000n\000e\000r\000a\000l\000i\000s\000e\000d\000\040\000v\000e\000l\000o\000c\000i\000t\000y\000\040\000v\000e\000c\000t\000o\000r\000\040\000t\000r\000a\000n\000s\000f\000o\000r\000m}{appendix.D}% 69
\BOOKMARK [0][-]{appendix.E}{\376\377\000T\000o\000d\000o\000\040\000f\000o\000r\000\040\000t\000h\000e\000s\000e\000\040\000n\000o\000t\000e\000s}{}% 70
\BOOKMARK [1][-]{section.E.1}{\376\377\000A\000\040\000n\000o\000t\000e\000\040\000o\000n\000\040\000d\000i\000f\000f\000e\000r\000e\000n\000t\000\040\000n\000o\000t\000a\000t\000i\000o\000n\000s}{appendix.E}% 71
