This is pdfTeX, Version 3.141592653-2.6-1.40.25 (MiKTeX 23.12) (preloaded format=pdflatex 2024.1.10)  17 FEB 2024 13:09
entering extended mode
 \write18 enabled.
 file:line:error style messages enabled.
 %&-line parsing enabled.
**"c:/Users/one_p/OneDrive/Desktop/Physics/Phy-Hub/Website/assembly/Latex_SR/Handbook of Special Relativity/Layout.tex"
(c:/Users/one_p/OneDrive/Desktop/Physics/Phy-Hub/Website/assembly/Latex_SR/Handbook of Special Relativity/Layout.tex
LaTeX2e <2023-11-01>
L3 programming layer <2024-01-04>
(C:\Users\one_p\AppData\Local\Programs\MiKTeX\tex/latex/base\book.cls
Document Class: book 2023/05/17 v1.4n Standard LaTeX document class
(C:\Users\one_p\AppData\Local\Programs\MiKTeX\tex/latex/base\bk10.clo
File: bk10.clo 2023/05/17 v1.4n Standard LaTeX file (size option)
)
\c@part=\count187
\c@chapter=\count188
\c@section=\count189
\c@subsection=\count190
\c@subsubsection=\count191
\c@paragraph=\count192
\c@subparagraph=\count193
\c@figure=\count194
\c@table=\count195
\abovecaptionskip=\skip48
\belowcaptionskip=\skip49
\bibindent=\dimen140
) (Preamble.sty
Package: Preamble 
 (C:\Users\one_p\AppData\Local\Programs\MiKTeX\tex/latex/xcolor\xcolor.sty
Package: xcolor 2023/11/15 v3.01 LaTeX color extensions (UK)
 (C:\Users\one_p\AppData\Local\Programs\MiKTeX\tex/latex/graphics-cfg\color.cfg
File: color.cfg 2016/01/02 v1.6 sample color configuration
)
Package xcolor Info: Driver file: pdftex.def on input line 274.
 (C:\Users\one_p\AppData\Local\Programs\MiKTeX\tex/latex/graphics-def\pdftex.def
File: pdftex.def 2022/09/22 v1.2b Graphics/color driver for pdftex
) (C:\Users\one_p\AppData\Local\Programs\MiKTeX\tex/latex/graphics\mathcolor.ltx)
Package xcolor Info: Model `cmy' substituted by `cmy0' on input line 1350.
Package xcolor Info: Model `hsb' substituted by `rgb' on input line 1354.
Package xcolor Info: Model `RGB' extended on input line 1366.
Package xcolor Info: Model `HTML' substituted by `rgb' on input line 1368.
Package xcolor Info: Model `Hsb' substituted by `hsb' on input line 1369.
Package xcolor Info: Model `tHsb' substituted by `hsb' on input line 1370.
Package xcolor Info: Model `HSB' substituted by `hsb' on input line 1371.
Package xcolor Info: Model `Gray' substituted by `gray' on input line 1372.
Package xcolor Info: Model `wave' substituted by `hsb' on input line 1373.
) (C:\Users\one_p\AppData\Local\Programs\MiKTeX\tex/latex/fancyhdr\fancyhdr.sty
Package: fancyhdr 2022/11/09 v4.1 Extensive control of page headers and footers
\f@nch@headwidth=\skip50
\f@nch@O@elh=\skip51
\f@nch@O@erh=\skip52
\f@nch@O@olh=\skip53
\f@nch@O@orh=\skip54
\f@nch@O@elf=\skip55
\f@nch@O@erf=\skip56
\f@nch@O@olf=\skip57
\f@nch@O@orf=\skip58
) (C:\Users\one_p\AppData\Local\Programs\MiKTeX\tex/latex/setspace\setspace.sty
Package: setspace 2022/12/04 v6.7b set line spacing
) (C:\Users\one_p\AppData\Local\Programs\MiKTeX\tex/latex/paracol\paracol.sty
Package: paracol 2018/12/31 v1.35 
\pcol@currcol=\count196
\pcol@nextcol=\count197
\pcol@ncol=\count198
\pcol@ncolleft=\count199
\pcol@page=\count266
\pcol@basepage=\count267
\pcol@toppage=\count268
\pcol@footnotebase=\count269
\pcol@nfootnotes=\count270
\pcol@mcid=\count271
\pcol@prevdepth=\dimen141
\pcol@colht=\dimen142
\pcol@textfloatsep=\dimen143
\pcol@lrmargin=\dimen144
\pagerim=\dimen145
\pcol@topskip=\skip59
\belowfootnoteskip=\skip60
\pcol@topfnotes=\box51
\pcol@prespan=\box52
\pcol@rightpage=\box53
\pcol@colorstack@saved=\box54
\pcol@tempboxa=\box55
\pcol@tempboxb=\box56
\pcol@colorins=\insert252
\pcol@everyvbox=\toks17
) (C:\Users\one_p\AppData\Local\Programs\MiKTeX\tex/latex/tools\multicol.sty
Package: multicol 2023/03/30 v1.9f multicolumn formatting (FMi)
\c@tracingmulticols=\count272
\mult@box=\box57
\multicol@leftmargin=\dimen146
\c@unbalance=\count273
\c@collectmore=\count274
\doublecol@number=\count275
\multicoltolerance=\count276
\multicolpretolerance=\count277
\full@width=\dimen147
\page@free=\dimen148
\premulticols=\dimen149
\postmulticols=\dimen150
\multicolsep=\skip61
\multicolbaselineskip=\skip62
\partial@page=\box58
\last@line=\box59
\mc@boxedresult=\box60
\maxbalancingoverflow=\dimen151
\mult@rightbox=\box61
\mult@grightbox=\box62
\mult@firstbox=\box63
\mult@gfirstbox=\box64
\@tempa=\box65
\@tempa=\box66
\@tempa=\box67
\@tempa=\box68
\@tempa=\box69
\@tempa=\box70
\@tempa=\box71
\@tempa=\box72
\@tempa=\box73
\@tempa=\box74
\@tempa=\box75
\@tempa=\box76
\@tempa=\box77
\@tempa=\box78
\@tempa=\box79
\@tempa=\box80
\@tempa=\box81
\@tempa=\box82
\@tempa=\box83
\@tempa=\box84
\@tempa=\box85
\@tempa=\box86
\@tempa=\box87
\@tempa=\box88
\@tempa=\box89
\@tempa=\box90
\@tempa=\box91
\@tempa=\box92
\@tempa=\box93
\@tempa=\box94
\@tempa=\box95
\@tempa=\box96
\@tempa=\box97
\@tempa=\box98
\@tempa=\box99
\@tempa=\box100
\c@minrows=\count278
\c@columnbadness=\count279
\c@finalcolumnbadness=\count280
\last@try=\dimen152
\multicolovershoot=\dimen153
\multicolundershoot=\dimen154
\mult@nat@firstbox=\box101
\colbreak@box=\box102
\mc@col@check@num=\count281
) (C:\Users\one_p\AppData\Local\Programs\MiKTeX\tex/latex/tcolorbox\tcolorbox.sty
Package: tcolorbox 2023/09/26 version 6.1.0 text color boxes
 (C:\Users\one_p\AppData\Local\Programs\MiKTeX\tex/latex/pgf/basiclayer\pgf.sty (C:\Users\one_p\AppData\Local\Programs\MiKTeX\tex/latex/pgf/utilities\pgfrcs.sty (C:\Users\one_p\AppData\Local\Programs\MiKTeX\tex/generic/pgf/utilities\pgfutil-common.tex
\pgfutil@everybye=\toks18
\pgfutil@tempdima=\dimen155
\pgfutil@tempdimb=\dimen156
) (C:\Users\one_p\AppData\Local\Programs\MiKTeX\tex/generic/pgf/utilities\pgfutil-latex.def
\pgfutil@abb=\box103
) (C:\Users\one_p\AppData\Local\Programs\MiKTeX\tex/generic/pgf/utilities\pgfrcs.code.tex (C:\Users\one_p\AppData\Local\Programs\MiKTeX\tex/generic/pgf\pgf.revision.tex)
Package: pgfrcs 2023-01-15 v3.1.10 (3.1.10)
))
Package: pgf 2023-01-15 v3.1.10 (3.1.10)
 (C:\Users\one_p\AppData\Local\Programs\MiKTeX\tex/latex/pgf/basiclayer\pgfcore.sty (C:\Users\one_p\AppData\Local\Programs\MiKTeX\tex/latex/graphics\graphicx.sty
Package: graphicx 2021/09/16 v1.2d Enhanced LaTeX Graphics (DPC,SPQR)
 (C:\Users\one_p\AppData\Local\Programs\MiKTeX\tex/latex/graphics\keyval.sty
Package: keyval 2022/05/29 v1.15 key=value parser (DPC)
\KV@toks@=\toks19
) (C:\Users\one_p\AppData\Local\Programs\MiKTeX\tex/latex/graphics\graphics.sty
Package: graphics 2022/03/10 v1.4e Standard LaTeX Graphics (DPC,SPQR)
 (C:\Users\one_p\AppData\Local\Programs\MiKTeX\tex/latex/graphics\trig.sty
Package: trig 2021/08/11 v1.11 sin cos tan (DPC)
) (C:\Users\one_p\AppData\Local\Programs\MiKTeX\tex/latex/graphics-cfg\graphics.cfg
File: graphics.cfg 2016/06/04 v1.11 sample graphics configuration
)
Package graphics Info: Driver file: pdftex.def on input line 107.
)
\Gin@req@height=\dimen157
\Gin@req@width=\dimen158
) (C:\Users\one_p\AppData\Local\Programs\MiKTeX\tex/latex/pgf/systemlayer\pgfsys.sty (C:\Users\one_p\AppData\Local\Programs\MiKTeX\tex/generic/pgf/systemlayer\pgfsys.code.tex
Package: pgfsys 2023-01-15 v3.1.10 (3.1.10)
 (C:\Users\one_p\AppData\Local\Programs\MiKTeX\tex/generic/pgf/utilities\pgfkeys.code.tex
\pgfkeys@pathtoks=\toks20
\pgfkeys@temptoks=\toks21
 (C:\Users\one_p\AppData\Local\Programs\MiKTeX\tex/generic/pgf/utilities\pgfkeyslibraryfiltered.code.tex
\pgfkeys@tmptoks=\toks22
))
\pgf@x=\dimen159
\pgf@y=\dimen160
\pgf@xa=\dimen161
\pgf@ya=\dimen162
\pgf@xb=\dimen163
\pgf@yb=\dimen164
\pgf@xc=\dimen165
\pgf@yc=\dimen166
\pgf@xd=\dimen167
\pgf@yd=\dimen168
\w@pgf@writea=\write3
\r@pgf@reada=\read2
\c@pgf@counta=\count282
\c@pgf@countb=\count283
\c@pgf@countc=\count284
\c@pgf@countd=\count285
\t@pgf@toka=\toks23
\t@pgf@tokb=\toks24
\t@pgf@tokc=\toks25
\pgf@sys@id@count=\count286
 (C:\Users\one_p\AppData\Local\Programs\MiKTeX\tex/generic/pgf/systemlayer\pgf.cfg
File: pgf.cfg 2023-01-15 v3.1.10 (3.1.10)
)
Driver file for pgf: pgfsys-pdftex.def
 (C:\Users\one_p\AppData\Local\Programs\MiKTeX\tex/generic/pgf/systemlayer\pgfsys-pdftex.def
File: pgfsys-pdftex.def 2023-01-15 v3.1.10 (3.1.10)
 (C:\Users\one_p\AppData\Local\Programs\MiKTeX\tex/generic/pgf/systemlayer\pgfsys-common-pdf.def
File: pgfsys-common-pdf.def 2023-01-15 v3.1.10 (3.1.10)
))) (C:\Users\one_p\AppData\Local\Programs\MiKTeX\tex/generic/pgf/systemlayer\pgfsyssoftpath.code.tex
File: pgfsyssoftpath.code.tex 2023-01-15 v3.1.10 (3.1.10)
\pgfsyssoftpath@smallbuffer@items=\count287
\pgfsyssoftpath@bigbuffer@items=\count288
) (C:\Users\one_p\AppData\Local\Programs\MiKTeX\tex/generic/pgf/systemlayer\pgfsysprotocol.code.tex
File: pgfsysprotocol.code.tex 2023-01-15 v3.1.10 (3.1.10)
)) (C:\Users\one_p\AppData\Local\Programs\MiKTeX\tex/generic/pgf/basiclayer\pgfcore.code.tex
Package: pgfcore 2023-01-15 v3.1.10 (3.1.10)
 (C:\Users\one_p\AppData\Local\Programs\MiKTeX\tex/generic/pgf/math\pgfmath.code.tex (C:\Users\one_p\AppData\Local\Programs\MiKTeX\tex/generic/pgf/math\pgfmathutil.code.tex) (C:\Users\one_p\AppData\Local\Programs\MiKTeX\tex/generic/pgf/math\pgfmathparser.code.tex
\pgfmath@dimen=\dimen169
\pgfmath@count=\count289
\pgfmath@box=\box104
\pgfmath@toks=\toks26
\pgfmath@stack@operand=\toks27
\pgfmath@stack@operation=\toks28
) (C:\Users\one_p\AppData\Local\Programs\MiKTeX\tex/generic/pgf/math\pgfmathfunctions.code.tex) (C:\Users\one_p\AppData\Local\Programs\MiKTeX\tex/generic/pgf/math\pgfmathfunctions.basic.code.tex) (C:\Users\one_p\AppData\Local\Programs\MiKTeX\tex/generic/pgf/math\pgfmathfunctions.trigonometric.code.tex) (C:\Users\one_p\AppData\Local\Programs\MiKTeX\tex/generic/pgf/math\pgfmathfunctions.random.code.tex) (C:\Users\one_p\AppData\Local\Programs\MiKTeX\tex/generic/pgf/math\pgfmathfunctions.comparison.code.tex) (C:\Users\one_p\AppData\Local\Programs\MiKTeX\tex/generic/pgf/math\pgfmathfunctions.base.code.tex) (C:\Users\one_p\AppData\Local\Programs\MiKTeX\tex/generic/pgf/math\pgfmathfunctions.round.code.tex) (C:\Users\one_p\AppData\Local\Programs\MiKTeX\tex/generic/pgf/math\pgfmathfunctions.misc.code.tex) (C:\Users\one_p\AppData\Local\Programs\MiKTeX\tex/generic/pgf/math\pgfmathfunctions.integerarithmetics.code.tex) (C:\Users\one_p\AppData\Local\Programs\MiKTeX\tex/generic/pgf/math\pgfmathcalc.code.tex) (C:\Users\one_p\AppData\Local\Programs\MiKTeX\tex/generic/pgf/math\pgfmathfloat.code.tex
\c@pgfmathroundto@lastzeros=\count290
)) (C:\Users\one_p\AppData\Local\Programs\MiKTeX\tex/generic/pgf/math\pgfint.code.tex) (C:\Users\one_p\AppData\Local\Programs\MiKTeX\tex/generic/pgf/basiclayer\pgfcorepoints.code.tex
File: pgfcorepoints.code.tex 2023-01-15 v3.1.10 (3.1.10)
\pgf@picminx=\dimen170
\pgf@picmaxx=\dimen171
\pgf@picminy=\dimen172
\pgf@picmaxy=\dimen173
\pgf@pathminx=\dimen174
\pgf@pathmaxx=\dimen175
\pgf@pathminy=\dimen176
\pgf@pathmaxy=\dimen177
\pgf@xx=\dimen178
\pgf@xy=\dimen179
\pgf@yx=\dimen180
\pgf@yy=\dimen181
\pgf@zx=\dimen182
\pgf@zy=\dimen183
) (C:\Users\one_p\AppData\Local\Programs\MiKTeX\tex/generic/pgf/basiclayer\pgfcorepathconstruct.code.tex
File: pgfcorepathconstruct.code.tex 2023-01-15 v3.1.10 (3.1.10)
\pgf@path@lastx=\dimen184
\pgf@path@lasty=\dimen185
) (C:\Users\one_p\AppData\Local\Programs\MiKTeX\tex/generic/pgf/basiclayer\pgfcorepathusage.code.tex
File: pgfcorepathusage.code.tex 2023-01-15 v3.1.10 (3.1.10)
\pgf@shorten@end@additional=\dimen186
\pgf@shorten@start@additional=\dimen187
) (C:\Users\one_p\AppData\Local\Programs\MiKTeX\tex/generic/pgf/basiclayer\pgfcorescopes.code.tex
File: pgfcorescopes.code.tex 2023-01-15 v3.1.10 (3.1.10)
\pgfpic=\box105
\pgf@hbox=\box106
\pgf@layerbox@main=\box107
\pgf@picture@serial@count=\count291
) (C:\Users\one_p\AppData\Local\Programs\MiKTeX\tex/generic/pgf/basiclayer\pgfcoregraphicstate.code.tex
File: pgfcoregraphicstate.code.tex 2023-01-15 v3.1.10 (3.1.10)
\pgflinewidth=\dimen188
) (C:\Users\one_p\AppData\Local\Programs\MiKTeX\tex/generic/pgf/basiclayer\pgfcoretransformations.code.tex
File: pgfcoretransformations.code.tex 2023-01-15 v3.1.10 (3.1.10)
\pgf@pt@x=\dimen189
\pgf@pt@y=\dimen190
\pgf@pt@temp=\dimen191
) (C:\Users\one_p\AppData\Local\Programs\MiKTeX\tex/generic/pgf/basiclayer\pgfcorequick.code.tex
File: pgfcorequick.code.tex 2023-01-15 v3.1.10 (3.1.10)
) (C:\Users\one_p\AppData\Local\Programs\MiKTeX\tex/generic/pgf/basiclayer\pgfcoreobjects.code.tex
File: pgfcoreobjects.code.tex 2023-01-15 v3.1.10 (3.1.10)
) (C:\Users\one_p\AppData\Local\Programs\MiKTeX\tex/generic/pgf/basiclayer\pgfcorepathprocessing.code.tex
File: pgfcorepathprocessing.code.tex 2023-01-15 v3.1.10 (3.1.10)
) (C:\Users\one_p\AppData\Local\Programs\MiKTeX\tex/generic/pgf/basiclayer\pgfcorearrows.code.tex
File: pgfcorearrows.code.tex 2023-01-15 v3.1.10 (3.1.10)
\pgfarrowsep=\dimen192
) (C:\Users\one_p\AppData\Local\Programs\MiKTeX\tex/generic/pgf/basiclayer\pgfcoreshade.code.tex
File: pgfcoreshade.code.tex 2023-01-15 v3.1.10 (3.1.10)
\pgf@max=\dimen193
\pgf@sys@shading@range@num=\count292
\pgf@shadingcount=\count293
) (C:\Users\one_p\AppData\Local\Programs\MiKTeX\tex/generic/pgf/basiclayer\pgfcoreimage.code.tex
File: pgfcoreimage.code.tex 2023-01-15 v3.1.10 (3.1.10)
) (C:\Users\one_p\AppData\Local\Programs\MiKTeX\tex/generic/pgf/basiclayer\pgfcoreexternal.code.tex
File: pgfcoreexternal.code.tex 2023-01-15 v3.1.10 (3.1.10)
\pgfexternal@startupbox=\box108
) (C:\Users\one_p\AppData\Local\Programs\MiKTeX\tex/generic/pgf/basiclayer\pgfcorelayers.code.tex
File: pgfcorelayers.code.tex 2023-01-15 v3.1.10 (3.1.10)
) (C:\Users\one_p\AppData\Local\Programs\MiKTeX\tex/generic/pgf/basiclayer\pgfcoretransparency.code.tex
File: pgfcoretransparency.code.tex 2023-01-15 v3.1.10 (3.1.10)
) (C:\Users\one_p\AppData\Local\Programs\MiKTeX\tex/generic/pgf/basiclayer\pgfcorepatterns.code.tex
File: pgfcorepatterns.code.tex 2023-01-15 v3.1.10 (3.1.10)
) (C:\Users\one_p\AppData\Local\Programs\MiKTeX\tex/generic/pgf/basiclayer\pgfcorerdf.code.tex
File: pgfcorerdf.code.tex 2023-01-15 v3.1.10 (3.1.10)
))) (C:\Users\one_p\AppData\Local\Programs\MiKTeX\tex/generic/pgf/modules\pgfmoduleshapes.code.tex
File: pgfmoduleshapes.code.tex 2023-01-15 v3.1.10 (3.1.10)
\pgfnodeparttextbox=\box109
) (C:\Users\one_p\AppData\Local\Programs\MiKTeX\tex/generic/pgf/modules\pgfmoduleplot.code.tex
File: pgfmoduleplot.code.tex 2023-01-15 v3.1.10 (3.1.10)
) (C:\Users\one_p\AppData\Local\Programs\MiKTeX\tex/latex/pgf/compatibility\pgfcomp-version-0-65.sty
Package: pgfcomp-version-0-65 2023-01-15 v3.1.10 (3.1.10)
\pgf@nodesepstart=\dimen194
\pgf@nodesepend=\dimen195
) (C:\Users\one_p\AppData\Local\Programs\MiKTeX\tex/latex/pgf/compatibility\pgfcomp-version-1-18.sty
Package: pgfcomp-version-1-18 2023-01-15 v3.1.10 (3.1.10)
)) (C:\Users\one_p\AppData\Local\Programs\MiKTeX\tex/latex/tools\verbatim.sty
Package: verbatim 2023-11-06 v1.5v LaTeX2e package for verbatim enhancements
\every@verbatim=\toks29
\verbatim@line=\toks30
\verbatim@in@stream=\read3
) (C:\Users\one_p\AppData\Local\Programs\MiKTeX\tex/latex/environ\environ.sty
Package: environ 2014/05/04 v0.3 A new way to define environments
 (C:\Users\one_p\AppData\Local\Programs\MiKTeX\tex/latex/trimspaces\trimspaces.sty
Package: trimspaces 2009/09/17 v1.1 Trim spaces around a token list
)
\@envbody=\toks31
) (C:\Users\one_p\AppData\Local\Programs\MiKTeX\tex/latex/etoolbox\etoolbox.sty
Package: etoolbox 2020/10/05 v2.5k e-TeX tools for LaTeX (JAW)
\etb@tempcnta=\count294
)
\tcb@titlebox=\box110
\tcb@upperbox=\box111
\tcb@lowerbox=\box112
\tcb@phantombox=\box113
\c@tcbbreakpart=\count295
\c@tcblayer=\count296
\c@tcolorbox@number=\count297
\tcb@temp=\box114
\tcb@temp=\box115
\tcb@temp=\box116
\tcb@temp=\box117
 (C:\Users\one_p\AppData\Local\Programs\MiKTeX\tex/latex/tcolorbox\tcbraster.code.tex
Library (tcolorbox): 'tcbraster.code.tex' version '6.1.0'
\c@tcbrastercolumn=\count298
\c@tcbrasterrow=\count299
\c@tcbrasternum=\count300
\c@tcbraster=\count301
) (C:\Users\one_p\AppData\Local\Programs\MiKTeX\tex/latex/tcolorbox\tcbskins.code.tex
Library (tcolorbox): 'tcbskins.code.tex' version '6.1.0'
(C:\Users\one_p\AppData\Local\Programs\MiKTeX\tex/latex/pgf/frontendlayer\tikz.sty (C:\Users\one_p\AppData\Local\Programs\MiKTeX\tex/latex/pgf/utilities\pgffor.sty (C:\Users\one_p\AppData\Local\Programs\MiKTeX\tex/latex/pgf/utilities\pgfkeys.sty (C:\Users\one_p\AppData\Local\Programs\MiKTeX\tex/generic/pgf/utilities\pgfkeys.code.tex)) (C:\Users\one_p\AppData\Local\Programs\MiKTeX\tex/latex/pgf/math\pgfmath.sty (C:\Users\one_p\AppData\Local\Programs\MiKTeX\tex/generic/pgf/math\pgfmath.code.tex)) (C:\Users\one_p\AppData\Local\Programs\MiKTeX\tex/generic/pgf/utilities\pgffor.code.tex
Package: pgffor 2023-01-15 v3.1.10 (3.1.10)
\pgffor@iter=\dimen196
\pgffor@skip=\dimen197
\pgffor@stack=\toks32
\pgffor@toks=\toks33
)) (C:\Users\one_p\AppData\Local\Programs\MiKTeX\tex/generic/pgf/frontendlayer/tikz\tikz.code.tex
Package: tikz 2023-01-15 v3.1.10 (3.1.10)
 (C:\Users\one_p\AppData\Local\Programs\MiKTeX\tex/generic/pgf/libraries\pgflibraryplothandlers.code.tex
File: pgflibraryplothandlers.code.tex 2023-01-15 v3.1.10 (3.1.10)
\pgf@plot@mark@count=\count302
\pgfplotmarksize=\dimen198
)
\tikz@lastx=\dimen199
\tikz@lasty=\dimen256
\tikz@lastxsaved=\dimen257
\tikz@lastysaved=\dimen258
\tikz@lastmovetox=\dimen259
\tikz@lastmovetoy=\dimen260
\tikzleveldistance=\dimen261
\tikzsiblingdistance=\dimen262
\tikz@figbox=\box118
\tikz@figbox@bg=\box119
\tikz@tempbox=\box120
\tikz@tempbox@bg=\box121
\tikztreelevel=\count303
\tikznumberofchildren=\count304
\tikznumberofcurrentchild=\count305
\tikz@fig@count=\count306
 (C:\Users\one_p\AppData\Local\Programs\MiKTeX\tex/generic/pgf/modules\pgfmodulematrix.code.tex
File: pgfmodulematrix.code.tex 2023-01-15 v3.1.10 (3.1.10)
\pgfmatrixcurrentrow=\count307
\pgfmatrixcurrentcolumn=\count308
\pgf@matrix@numberofcolumns=\count309
)
\tikz@expandcount=\count310
 (C:\Users\one_p\AppData\Local\Programs\MiKTeX\tex/generic/pgf/frontendlayer/tikz/libraries\tikzlibrarytopaths.code.tex
File: tikzlibrarytopaths.code.tex 2023-01-15 v3.1.10 (3.1.10)
))) (C:\Users\one_p\AppData\Local\Programs\MiKTeX\tex/latex/tikzfill\tikzfill.image.sty
Package: tikzfill.image 2023/08/08 v1.0.1 Image filling library for TikZ
 (C:\Users\one_p\AppData\Local\Programs\MiKTeX\tex/latex/tikzfill\tikzfill-common.sty
Package: tikzfill-common 2023/08/08 v1.0.1 Auxiliary code for tikzfill
) (C:\Users\one_p\AppData\Local\Programs\MiKTeX\tex/latex/tikzfill\tikzlibraryfill.image.code.tex
File: tikzlibraryfill.image.code.tex 2023/08/08 v1.0.1 Image filling library
\l__tikzfill_img_box=\box122
)) (C:\Users\one_p\AppData\Local\Programs\MiKTeX\tex/latex/tcolorbox\tcbskinsjigsaw.code.tex
Library (tcolorbox): 'tcbskinsjigsaw.code.tex' version '6.1.0'
)) (C:\Users\one_p\AppData\Local\Programs\MiKTeX\tex/latex/tcolorbox\tcbbreakable.code.tex
Library (tcolorbox): 'tcbbreakable.code.tex' version '6.1.0'
(C:\Users\one_p\AppData\Local\Programs\MiKTeX\tex/latex/pdfcol\pdfcol.sty
Package: pdfcol 2022-09-21 v1.7 Handle new color stacks for pdfTeX (HO)
 (C:\Users\one_p\AppData\Local\Programs\MiKTeX\tex/generic/ltxcmds\ltxcmds.sty
Package: ltxcmds 2023-12-04 v1.26 LaTeX kernel commands for general use (HO)
) (C:\Users\one_p\AppData\Local\Programs\MiKTeX\tex/generic/infwarerr\infwarerr.sty
Package: infwarerr 2019/12/03 v1.5 Providing info/warning/error messages (HO)
) (C:\Users\one_p\AppData\Local\Programs\MiKTeX\tex/generic/iftex\iftex.sty
Package: iftex 2022/02/03 v1.0f TeX engine tests
))
Package pdfcol Info: New color stack `tcb@breakable' = 1 on input line 23.
\tcb@testbox=\box123
\tcb@totalupperbox=\box124
\tcb@totallowerbox=\box125
) (C:\Users\one_p\AppData\Local\Programs\MiKTeX\tex/latex/tcolorbox\tcbhooks.code.tex
Library (tcolorbox): 'tcbhooks.code.tex' version '6.1.0'
) (C:\Users\one_p\AppData\Local\Programs\MiKTeX\tex/latex/tcolorbox\tcbtheorems.code.tex
Library (tcolorbox): 'tcbtheorems.code.tex' version '6.1.0'
(C:\Users\one_p\AppData\Local\Programs\MiKTeX\tex/latex/amsmath\amsmath.sty
Package: amsmath 2023/05/13 v2.17o AMS math features
\@mathmargin=\skip63

For additional information on amsmath, use the `?' option.
(C:\Users\one_p\AppData\Local\Programs\MiKTeX\tex/latex/amsmath\amstext.sty
Package: amstext 2021/08/26 v2.01 AMS text
 (C:\Users\one_p\AppData\Local\Programs\MiKTeX\tex/latex/amsmath\amsgen.sty
File: amsgen.sty 1999/11/30 v2.0 generic functions
\@emptytoks=\toks34
\ex@=\dimen263
)) (C:\Users\one_p\AppData\Local\Programs\MiKTeX\tex/latex/amsmath\amsbsy.sty
Package: amsbsy 1999/11/29 v1.2d Bold Symbols
\pmbraise@=\dimen264
) (C:\Users\one_p\AppData\Local\Programs\MiKTeX\tex/latex/amsmath\amsopn.sty
Package: amsopn 2022/04/08 v2.04 operator names
)
\inf@bad=\count311
LaTeX Info: Redefining \frac on input line 234.
\uproot@=\count312
\leftroot@=\count313
LaTeX Info: Redefining \overline on input line 399.
LaTeX Info: Redefining \colon on input line 410.
\classnum@=\count314
\DOTSCASE@=\count315
LaTeX Info: Redefining \ldots on input line 496.
LaTeX Info: Redefining \dots on input line 499.
LaTeX Info: Redefining \cdots on input line 620.
\Mathstrutbox@=\box126
\strutbox@=\box127
LaTeX Info: Redefining \big on input line 722.
LaTeX Info: Redefining \Big on input line 723.
LaTeX Info: Redefining \bigg on input line 724.
LaTeX Info: Redefining \Bigg on input line 725.
\big@size=\dimen265
LaTeX Font Info:    Redeclaring font encoding OML on input line 743.
LaTeX Font Info:    Redeclaring font encoding OMS on input line 744.
\macc@depth=\count316
LaTeX Info: Redefining \bmod on input line 905.
LaTeX Info: Redefining \pmod on input line 910.
LaTeX Info: Redefining \smash on input line 940.
LaTeX Info: Redefining \relbar on input line 970.
LaTeX Info: Redefining \Relbar on input line 971.
\c@MaxMatrixCols=\count317
\dotsspace@=\muskip16
\c@parentequation=\count318
\dspbrk@lvl=\count319
\tag@help=\toks35
\row@=\count320
\column@=\count321
\maxfields@=\count322
\andhelp@=\toks36
\eqnshift@=\dimen266
\alignsep@=\dimen267
\tagshift@=\dimen268
\tagwidth@=\dimen269
\totwidth@=\dimen270
\lineht@=\dimen271
\@envbody=\toks37
\multlinegap=\skip64
\multlinetaggap=\skip65
\mathdisplay@stack=\toks38
LaTeX Info: Redefining \[ on input line 2953.
LaTeX Info: Redefining \] on input line 2954.
)) (C:\Users\one_p\AppData\Local\Programs\MiKTeX\tex/latex/tcolorbox\tcbfitting.code.tex
Library (tcolorbox): 'tcbfitting.code.tex' version '6.1.0'
\tcbfitdim=\dimen272
\tcb@lowerfitdim=\dimen273
\tcb@upperfitdim=\dimen274
\tcb@cur@hbadness=\count323
) (C:\Users\one_p\AppData\Local\Programs\MiKTeX\tex/latex/tcolorbox\tcblistingsutf8.code.tex
Library (tcolorbox): 'tcblistingsutf8.code.tex' version '6.1.0'
(C:\Users\one_p\AppData\Local\Programs\MiKTeX\tex/latex/tcolorbox\tcblistings.code.tex
Library (tcolorbox): 'tcblistings.code.tex' version '6.1.0'
(C:\Users\one_p\AppData\Local\Programs\MiKTeX\tex/latex/listings\listings.sty
\lst@mode=\count324
\lst@gtempboxa=\box128
\lst@token=\toks39
\lst@length=\count325
\lst@currlwidth=\dimen275
\lst@column=\count326
\lst@pos=\count327
\lst@lostspace=\dimen276
\lst@width=\dimen277
\lst@newlines=\count328
\lst@lineno=\count329
\lst@maxwidth=\dimen278
 (C:\Users\one_p\AppData\Local\Programs\MiKTeX\tex/latex/listings\lstmisc.sty
File: lstmisc.sty 2023/02/27 1.9 (Carsten Heinz)
\c@lstnumber=\count330
\lst@skipnumbers=\count331
\lst@framebox=\box129
) (C:\Users\one_p\AppData\Local\Programs\MiKTeX\tex/latex/listings\listings.cfg
File: listings.cfg 2023/02/27 1.9 listings configuration
))
Package: listings 2023/02/27 1.9 (Carsten Heinz)
 (C:\Users\one_p\AppData\Local\Programs\MiKTeX\tex/latex/tcolorbox\tcblistingscore.code.tex
Library (tcolorbox): 'tcblistingscore.code.tex' version '6.1.0'
(C:\Users\one_p\AppData\Local\Programs\MiKTeX\tex/latex/tcolorbox\tcbprocessing.code.tex
Library (tcolorbox): 'tcbprocessing.code.tex' version '6.1.0'
(C:\Users\one_p\AppData\Local\Programs\MiKTeX\tex/generic/pdftexcmds\pdftexcmds.sty
Package: pdftexcmds 2020-06-27 v0.33 Utility functions of pdfTeX for LuaTeX (HO)
Package pdftexcmds Info: \pdf@primitive is available.
Package pdftexcmds Info: \pdf@ifprimitive is available.
Package pdftexcmds Info: \pdfdraftmode found.
) (C:\Users\one_p\AppData\Local\Programs\MiKTeX\tex/latex/tools\shellesc.sty
Package: shellesc 2023/07/08 v1.0d unified shell escape interface for LaTeX
Package shellesc Info: Unrestricted shell escape enabled on input line 75.
))
\c@tcblisting=\count332
)) (C:\Users\one_p\AppData\Local\Programs\MiKTeX\tex/latex/listingsutf8\listingsutf8.sty
Package: listingsutf8 2019-12-10 v1.5 Allow UTF-8 in listings input (HO)
 (C:\Users\one_p\AppData\Local\Programs\MiKTeX\tex/generic/stringenc\stringenc.sty
Package: stringenc 2019/11/29 v1.12 Convert strings between diff. encodings (HO)
 (C:\Users\one_p\AppData\Local\Programs\MiKTeX\tex/generic/pdfescape\pdfescape.sty
Package: pdfescape 2019/12/09 v1.15 Implements pdfTeX's escape features (HO)
)))) (C:\Users\one_p\AppData\Local\Programs\MiKTeX\tex/latex/tcolorbox\tcbexternal.code.tex
Library (tcolorbox): 'tcbexternal.code.tex' version '6.1.0'
) (C:\Users\one_p\AppData\Local\Programs\MiKTeX\tex/latex/tcolorbox\tcbmagazine.code.tex
Library (tcolorbox): 'tcbmagazine.code.tex' version '6.1.0'
) (C:\Users\one_p\AppData\Local\Programs\MiKTeX\tex/latex/tcolorbox\tcbvignette.code.tex
Library (tcolorbox): 'tcbvignette.code.tex' version '6.1.0'
(C:\Users\one_p\AppData\Local\Programs\MiKTeX\tex/generic/pgf/frontendlayer/tikz/libraries\tikzlibraryfadings.code.tex
File: tikzlibraryfadings.code.tex 2023-01-15 v3.1.10 (3.1.10)
 (C:\Users\one_p\AppData\Local\Programs\MiKTeX\tex/generic/pgf/libraries\pgflibraryfadings.code.tex
File: pgflibraryfadings.code.tex 2023-01-15 v3.1.10 (3.1.10)
))) (C:\Users\one_p\AppData\Local\Programs\MiKTeX\tex/latex/tcolorbox\tcbposter.code.tex
Library (tcolorbox): 'tcbposter.code.tex' version '6.1.0'
)) (C:\Users\one_p\AppData\Local\Programs\MiKTeX\tex/latex/caption\caption.sty
Package: caption 2023/08/05 v3.6o Customizing captions (AR)
 (C:\Users\one_p\AppData\Local\Programs\MiKTeX\tex/latex/caption\caption3.sty
Package: caption3 2023/07/31 v2.4d caption3 kernel (AR)
\caption@tempdima=\dimen279
\captionmargin=\dimen280
\caption@leftmargin=\dimen281
\caption@rightmargin=\dimen282
\caption@width=\dimen283
\caption@indent=\dimen284
\caption@parindent=\dimen285
\caption@hangindent=\dimen286
Package caption Info: Standard document class detected.
)
\c@caption@flags=\count333
\c@continuedfloat=\count334
Package caption Info: listings package is loaded.
) (C:\Users\one_p\AppData\Local\Programs\MiKTeX\tex/latex/caption\subcaption.sty
Package: subcaption 2023/07/28 v1.6b Sub-captions (AR)
Package caption Info: New subtype `subfigure' on input line 238.
\c@subfigure=\count335
Package caption Info: New subtype `subtable' on input line 238.
\c@subtable=\count336
) (C:\Users\one_p\AppData\Local\Programs\MiKTeX\tex/latex/float\float.sty
Package: float 2001/11/08 v1.3d Float enhancements (AL)
\c@float@type=\count337
\float@exts=\toks40
\float@box=\box130
\@float@everytoks=\toks41
\@floatcapt=\box131
) (C:\Users\one_p\AppData\Local\Programs\MiKTeX\tex/latex/asymptote\asymptote.sty
Package: asymptote 2021/12/29 v1.37 Asymptote style file for LaTeX
 (Layout.pre)
\ASYbox=\box132
\ASYdimen=\dimen287
\c@asy=\count338
\AsyStream=\write4
\AsyPreStream=\write5
 (C:\Users\one_p\AppData\Local\Programs\MiKTeX\tex/latex/base\ifthen.sty
Package: ifthen 2022/04/13 v1.1d Standard LaTeX ifthen package (DPC)
) (C:\Users\one_p\AppData\Local\Programs\MiKTeX\tex/generic/iftex\ifpdf.sty
Package: ifpdf 2019/10/25 v3.4 ifpdf legacy package. Use iftex instead.
) (C:\Users\one_p\AppData\Local\Programs\MiKTeX\tex/generic/iftex\ifxetex.sty
Package: ifxetex 2019/10/25 v0.7 ifxetex legacy package. Use iftex instead.
) (C:\Users\one_p\AppData\Local\Programs\MiKTeX\tex/generic/catchfile\catchfile.sty
Package: catchfile 2019/12/09 v1.8 Catch the contents of a file (HO)
 (C:\Users\one_p\AppData\Local\Programs\MiKTeX\tex/generic/etexcmds\etexcmds.sty
Package: etexcmds 2019/12/15 v1.7 Avoid name clashes with e-TeX commands (HO)
))
\openout5 = `Layout.pre'.

) (C:\Users\one_p\AppData\Local\Programs\MiKTeX\tex/latex/tikz-3dplot\tikz-3dplot.sty (C:\Users\one_p\AppData\Local\Programs\MiKTeX\tex/generic/pgf/frontendlayer/tikz/libraries\tikzlibrarycalc.code.tex
File: tikzlibrarycalc.code.tex 2023-01-15 v3.1.10 (3.1.10)
) (C:\Users\one_p\AppData\Local\Programs\MiKTeX\tex/generic/pgf/frontendlayer/tikz/libraries\tikzlibrary3d.code.tex
File: tikzlibrary3d.code.tex 2023-01-15 v3.1.10 (3.1.10)
) (C:\Users\one_p\AppData\Local\Programs\MiKTeX\tex/generic/pgf/frontendlayer/tikz/libraries\tikzlibraryarrows.code.tex
File: tikzlibraryarrows.code.tex 2023-01-15 v3.1.10 (3.1.10)
 (C:\Users\one_p\AppData\Local\Programs\MiKTeX\tex/generic/pgf/libraries\pgflibraryarrows.code.tex
File: pgflibraryarrows.code.tex 2023-01-15 v3.1.10 (3.1.10)
\arrowsize=\dimen288
))) (C:\Users\one_p\AppData\Local\Programs\MiKTeX\tex/latex/pgf/frontendlayer/libraries\tikzlibraryexternal.code.tex (C:\Users\one_p\AppData\Local\Programs\MiKTeX\tex/latex/base\atveryend-ltx.sty
Package: atveryend-ltx 2020/08/19 v1.0a Emulation of the original atveryend package
with kernel methods
) (C:\Users\one_p\AppData\Local\Programs\MiKTeX\tex/generic/pgf/frontendlayer/tikz/libraries\tikzexternalshared.code.tex))
\openout3 = `Layout.auxlock'.

 (C:\Users\one_p\AppData\Local\Programs\MiKTeX\tex/latex/hyperref\hyperref.sty
Package: hyperref 2023-11-26 v7.01g Hypertext links for LaTeX
 (C:\Users\one_p\AppData\Local\Programs\MiKTeX\tex/latex/kvsetkeys\kvsetkeys.sty
Package: kvsetkeys 2022-10-05 v1.19 Key value parser (HO)
) (C:\Users\one_p\AppData\Local\Programs\MiKTeX\tex/generic/kvdefinekeys\kvdefinekeys.sty
Package: kvdefinekeys 2019-12-19 v1.6 Define keys (HO)
) (C:\Users\one_p\AppData\Local\Programs\MiKTeX\tex/latex/hycolor\hycolor.sty
Package: hycolor 2020-01-27 v1.10 Color options for hyperref/bookmark (HO)
) (C:\Users\one_p\AppData\Local\Programs\MiKTeX\tex/latex/letltxmacro\letltxmacro.sty
Package: letltxmacro 2019/12/03 v1.6 Let assignment for LaTeX macros (HO)
) (C:\Users\one_p\AppData\Local\Programs\MiKTeX\tex/latex/auxhook\auxhook.sty
Package: auxhook 2019-12-17 v1.6 Hooks for auxiliary files (HO)
) (C:\Users\one_p\AppData\Local\Programs\MiKTeX\tex/latex/hyperref\nameref.sty
Package: nameref 2023-11-26 v2.56 Cross-referencing by name of section
 (C:\Users\one_p\AppData\Local\Programs\MiKTeX\tex/latex/refcount\refcount.sty
Package: refcount 2019/12/15 v3.6 Data extraction from label references (HO)
) (C:\Users\one_p\AppData\Local\Programs\MiKTeX\tex/generic/gettitlestring\gettitlestring.sty
Package: gettitlestring 2019/12/15 v1.6 Cleanup title references (HO)
 (C:\Users\one_p\AppData\Local\Programs\MiKTeX\tex/latex/kvoptions\kvoptions.sty
Package: kvoptions 2022-06-15 v3.15 Key value format for package options (HO)
))
\c@section@level=\count339
)
\@linkdim=\dimen289
\Hy@linkcounter=\count340
\Hy@pagecounter=\count341
 (C:\Users\one_p\AppData\Local\Programs\MiKTeX\tex/latex/hyperref\pd1enc.def
File: pd1enc.def 2023-11-26 v7.01g Hyperref: PDFDocEncoding definition (HO)
Now handling font encoding PD1 ...
... no UTF-8 mapping file for font encoding PD1
) (C:\Users\one_p\AppData\Local\Programs\MiKTeX\tex/generic/intcalc\intcalc.sty
Package: intcalc 2019/12/15 v1.3 Expandable calculations with integers (HO)
)
\Hy@SavedSpaceFactor=\count342
 (C:\Users\one_p\AppData\Local\Programs\MiKTeX\tex/latex/hyperref\puenc.def
File: puenc.def 2023-11-26 v7.01g Hyperref: PDF Unicode definition (HO)
Now handling font encoding PU ...
... no UTF-8 mapping file for font encoding PU
)
Package hyperref Info: Hyper figures OFF on input line 4181.
Package hyperref Info: Link nesting OFF on input line 4186.
Package hyperref Info: Hyper index ON on input line 4189.
Package hyperref Info: Plain pages OFF on input line 4196.
Package hyperref Info: Backreferencing OFF on input line 4201.
Package hyperref Info: Implicit mode ON; LaTeX internals redefined.
Package hyperref Info: Bookmarks ON on input line 4448.
\c@Hy@tempcnt=\count343
 (C:\Users\one_p\AppData\Local\Programs\MiKTeX\tex/latex/url\url.sty
\Urlmuskip=\muskip17
Package: url 2013/09/16  ver 3.4  Verb mode for urls, etc.
)
LaTeX Info: Redefining \url on input line 4786.
\XeTeXLinkMargin=\dimen290
 (C:\Users\one_p\AppData\Local\Programs\MiKTeX\tex/generic/bitset\bitset.sty
Package: bitset 2019/12/09 v1.3 Handle bit-vector datatype (HO)
 (C:\Users\one_p\AppData\Local\Programs\MiKTeX\tex/generic/bigintcalc\bigintcalc.sty
Package: bigintcalc 2019/12/15 v1.5 Expandable calculations on big integers (HO)
))
\Fld@menulength=\count344
\Field@Width=\dimen291
\Fld@charsize=\dimen292
Package hyperref Info: Hyper figures OFF on input line 6065.
Package hyperref Info: Link nesting OFF on input line 6070.
Package hyperref Info: Hyper index ON on input line 6073.
Package hyperref Info: backreferencing OFF on input line 6080.
Package hyperref Info: Link coloring OFF on input line 6085.
Package hyperref Info: Link coloring with OCG OFF on input line 6090.
Package hyperref Info: PDF/A mode OFF on input line 6095.
 (C:\Users\one_p\AppData\Local\Programs\MiKTeX\tex/latex/base\atbegshi-ltx.sty
Package: atbegshi-ltx 2021/01/10 v1.0c Emulation of the original atbegshi
package with kernel methods
)
\Hy@abspage=\count345
\c@Item=\count346
\c@Hfootnote=\count347
)
Package hyperref Info: Driver (autodetected): hpdftex.
 (C:\Users\one_p\AppData\Local\Programs\MiKTeX\tex/latex/hyperref\hpdftex.def
File: hpdftex.def 2023-11-26 v7.01g Hyperref driver for pdfTeX
\Fld@listcount=\count348
\c@bookmark@seq@number=\count349
 (C:\Users\one_p\AppData\Local\Programs\MiKTeX\tex/latex/rerunfilecheck\rerunfilecheck.sty
Package: rerunfilecheck 2022-07-10 v1.10 Rerun checks for auxiliary files (HO)
 (C:\Users\one_p\AppData\Local\Programs\MiKTeX\tex/generic/uniquecounter\uniquecounter.sty
Package: uniquecounter 2019/12/15 v1.4 Provide unlimited unique counter (HO)
)
Package uniquecounter Info: New unique counter `rerunfilecheck' on input line 285.
)
\Hy@SectionHShift=\skip66
) (C:\Users\one_p\AppData\Local\Programs\MiKTeX\tex/latex/biblatex\biblatex.sty
Package: biblatex 2023/03/05 v3.19 programmable bibliographies (PK/MW)
 (C:\Users\one_p\AppData\Local\Programs\MiKTeX\tex/latex/logreq\logreq.sty
Package: logreq 2010/08/04 v1.0 xml request logger
\lrq@indent=\count350
 (C:\Users\one_p\AppData\Local\Programs\MiKTeX\tex/latex/logreq\logreq.def
File: logreq.def 2010/08/04 v1.0 logreq spec v1.0
))
\c@tabx@nest=\count351
\c@listtotal=\count352
\c@listcount=\count353
\c@liststart=\count354
\c@liststop=\count355
\c@citecount=\count356
\c@citetotal=\count357
\c@multicitecount=\count358
\c@multicitetotal=\count359
\c@instcount=\count360
\c@maxnames=\count361
\c@minnames=\count362
\c@maxitems=\count363
\c@minitems=\count364
\c@citecounter=\count365
\c@maxcitecounter=\count366
\c@savedcitecounter=\count367
\c@uniquelist=\count368
\c@uniquename=\count369
\c@refsection=\count370
\c@refsegment=\count371
\c@maxextratitle=\count372
\c@maxextratitleyear=\count373
\c@maxextraname=\count374
\c@maxextradate=\count375
\c@maxextraalpha=\count376
\c@abbrvpenalty=\count377
\c@highnamepenalty=\count378
\c@lownamepenalty=\count379
\c@maxparens=\count380
\c@parenlevel=\count381
\blx@tempcnta=\count382
\blx@tempcntb=\count383
\blx@tempcntc=\count384
\c@blx@maxsection=\count385
\blx@maxsegment@0=\count386
\blx@notetype=\count387
\blx@parenlevel@text=\count388
\blx@parenlevel@foot=\count389
\blx@sectionciteorder@0=\count390
\blx@sectionciteorderinternal@0=\count391
\blx@entrysetcounter=\count392
\blx@biblioinstance=\count393
\labelnumberwidth=\skip67
\labelalphawidth=\skip68
\biblabelsep=\skip69
\bibitemsep=\skip70
\bibnamesep=\skip71
\bibinitsep=\skip72
\bibparsep=\skip73
\bibhang=\skip74
\blx@bcfin=\read4
\blx@bcfout=\write6
\blx@langwohyphens=\language79
\c@mincomprange=\count394
\c@maxcomprange=\count395
\c@mincompwidth=\count396
Package biblatex Info: Trying to load biblatex default data model...
Package biblatex Info: ... file 'blx-dm.def' found.
 (C:\Users\one_p\AppData\Local\Programs\MiKTeX\tex/latex/biblatex\blx-dm.def
File: blx-dm.def 2023/03/05 v3.19 biblatex localization (PK/MW)
)
Package biblatex Info: Trying to load biblatex custom data model...
Package biblatex Info: ... file 'biblatex-dm.cfg' not found.
\c@afterword=\count397
\c@savedafterword=\count398
\c@annotator=\count399
\c@savedannotator=\count400
\c@author=\count401
\c@savedauthor=\count402
\c@bookauthor=\count403
\c@savedbookauthor=\count404
\c@commentator=\count405
\c@savedcommentator=\count406
\c@editor=\count407
\c@savededitor=\count408
\c@editora=\count409
\c@savededitora=\count410
\c@editorb=\count411
\c@savededitorb=\count412
\c@editorc=\count413
\c@savededitorc=\count414
\c@foreword=\count415
\c@savedforeword=\count416
\c@holder=\count417
\c@savedholder=\count418
\c@introduction=\count419
\c@savedintroduction=\count420
\c@namea=\count421
\c@savednamea=\count422
\c@nameb=\count423
\c@savednameb=\count424
\c@namec=\count425
\c@savednamec=\count426
\c@translator=\count427
\c@savedtranslator=\count428
\c@shortauthor=\count429
\c@savedshortauthor=\count430
\c@shorteditor=\count431
\c@savedshorteditor=\count432
\c@labelname=\count433
\c@savedlabelname=\count434
\c@institution=\count435
\c@savedinstitution=\count436
\c@lista=\count437
\c@savedlista=\count438
\c@listb=\count439
\c@savedlistb=\count440
\c@listc=\count441
\c@savedlistc=\count442
\c@listd=\count443
\c@savedlistd=\count444
\c@liste=\count445
\c@savedliste=\count446
\c@listf=\count447
\c@savedlistf=\count448
\c@location=\count449
\c@savedlocation=\count450
\c@organization=\count451
\c@savedorganization=\count452
\c@origlocation=\count453
\c@savedoriglocation=\count454
\c@origpublisher=\count455
\c@savedorigpublisher=\count456
\c@publisher=\count457
\c@savedpublisher=\count458
\c@language=\count459
\c@savedlanguage=\count460
\c@origlanguage=\count461
\c@savedoriglanguage=\count462
\c@pageref=\count463
\c@savedpageref=\count464
\shorthandwidth=\skip75
\shortjournalwidth=\skip76
\shortserieswidth=\skip77
\shorttitlewidth=\skip78
\shortauthorwidth=\skip79
\shorteditorwidth=\skip80
\locallabelnumberwidth=\skip81
\locallabelalphawidth=\skip82
\localshorthandwidth=\skip83
\localshortjournalwidth=\skip84
\localshortserieswidth=\skip85
\localshorttitlewidth=\skip86
\localshortauthorwidth=\skip87
\localshorteditorwidth=\skip88
Package biblatex Info: Trying to load compatibility code...
Package biblatex Info: ... file 'blx-compat.def' found.
 (C:\Users\one_p\AppData\Local\Programs\MiKTeX\tex/latex/biblatex\blx-compat.def
File: blx-compat.def 2023/03/05 v3.19 biblatex compatibility (PK/MW)
)
Package biblatex Info: Trying to load generic definitions...
Package biblatex Info: ... file 'biblatex.def' found.
 (C:\Users\one_p\AppData\Local\Programs\MiKTeX\tex/latex/biblatex\biblatex.def
File: biblatex.def 2023/03/05 v3.19 biblatex compatibility (PK/MW)
\c@textcitecount=\count465
\c@textcitetotal=\count466
\c@textcitemaxnames=\count467
\c@biburlbigbreakpenalty=\count468
\c@biburlbreakpenalty=\count469
\c@biburlnumpenalty=\count470
\c@biburlucpenalty=\count471
\c@biburllcpenalty=\count472
\biburlbigskip=\muskip18
\biburlnumskip=\muskip19
\biburlucskip=\muskip20
\biburllcskip=\muskip21
\c@smartand=\count473
)
Package biblatex Info: Trying to load bibliography style 'numeric'...
Package biblatex Info: ... file 'numeric.bbx' found.
 (C:\Users\one_p\AppData\Local\Programs\MiKTeX\tex/latex/biblatex/bbx\numeric.bbx
File: numeric.bbx 2023/03/05 v3.19 biblatex bibliography style (PK/MW)
Package biblatex Info: Trying to load bibliography style 'standard'...
Package biblatex Info: ... file 'standard.bbx' found.
 (C:\Users\one_p\AppData\Local\Programs\MiKTeX\tex/latex/biblatex/bbx\standard.bbx
File: standard.bbx 2023/03/05 v3.19 biblatex bibliography style (PK/MW)
\c@bbx:relatedcount=\count474
\c@bbx:relatedtotal=\count475
))
Package biblatex Info: Trying to load citation style 'numeric'...
Package biblatex Info: ... file 'numeric.cbx' found.
 (C:\Users\one_p\AppData\Local\Programs\MiKTeX\tex/latex/biblatex/cbx\numeric.cbx
File: numeric.cbx 2023/03/05 v3.19 biblatex citation style (PK/MW)
Package biblatex Info: Redefining '\cite'.
Package biblatex Info: Redefining '\parencite'.
Package biblatex Info: Redefining '\footcite'.
Package biblatex Info: Redefining '\footcitetext'.
Package biblatex Info: Redefining '\smartcite'.
Package biblatex Info: Redefining '\supercite'.
Package biblatex Info: Redefining '\textcite'.
Package biblatex Info: Redefining '\textcites'.
Package biblatex Info: Redefining '\cites'.
Package biblatex Info: Redefining '\parencites'.
Package biblatex Info: Redefining '\smartcites'.
)
Package biblatex Info: Trying to load configuration file...
Package biblatex Info: ... file 'biblatex.cfg' found.
 (C:\Users\one_p\AppData\Local\Programs\MiKTeX\tex/latex/biblatex\biblatex.cfg
File: biblatex.cfg 
)
Package biblatex Info: Input encoding 'utf8' detected.
Package biblatex Info: Document encoding is UTF8 ....
 (C:\Users\one_p\AppData\Local\Programs\MiKTeX\tex/latex/l3kernel\expl3.sty
Package: expl3 2024-01-04 L3 programming layer (loader) 
 (C:\Users\one_p\AppData\Local\Programs\MiKTeX\tex/latex/l3backend\l3backend-pdftex.def
File: l3backend-pdftex.def 2024-01-04 L3 backend support: PDF output (pdfTeX)
\l__color_backend_stack_int=\count476
\l__pdf_internal_box=\box133
))
Package biblatex Info: ... and expl3
(biblatex)             2024-01-04 L3 programming layer (loader) 
(biblatex)             is new enough (at least 2020/04/06),
(biblatex)             setting 'casechanger=expl3'.
 (C:\Users\one_p\AppData\Local\Programs\MiKTeX\tex/latex/biblatex\blx-case-expl3.sty (C:\Users\one_p\AppData\Local\Programs\MiKTeX\tex/latex/l3packages/xparse\xparse.sty
Package: xparse 2023-10-10 L3 Experimental document command parser
)
Package: blx-case-expl3 2023/03/05 v3.19 expl3 case changing code for biblatex
)))
\@quotelevel=\count477
\@quotereset=\count478
 (Layout.aux)
\openout1 = `Layout.aux'.

LaTeX Font Info:    Checking defaults for OML/cmm/m/it on input line 3.
LaTeX Font Info:    ... okay on input line 3.
LaTeX Font Info:    Checking defaults for OMS/cmsy/m/n on input line 3.
LaTeX Font Info:    ... okay on input line 3.
LaTeX Font Info:    Checking defaults for OT1/cmr/m/n on input line 3.
LaTeX Font Info:    ... okay on input line 3.
LaTeX Font Info:    Checking defaults for T1/cmr/m/n on input line 3.
LaTeX Font Info:    ... okay on input line 3.
LaTeX Font Info:    Checking defaults for TS1/cmr/m/n on input line 3.
LaTeX Font Info:    ... okay on input line 3.
LaTeX Font Info:    Checking defaults for OMX/cmex/m/n on input line 3.
LaTeX Font Info:    ... okay on input line 3.
LaTeX Font Info:    Checking defaults for U/cmr/m/n on input line 3.
LaTeX Font Info:    ... okay on input line 3.
LaTeX Font Info:    Checking defaults for PD1/pdf/m/n on input line 3.
LaTeX Font Info:    ... okay on input line 3.
LaTeX Font Info:    Checking defaults for PU/pdf/m/n on input line 3.
LaTeX Font Info:    ... okay on input line 3.
 (C:\Users\one_p\AppData\Local\Programs\MiKTeX\tex/context/base/mkii\supp-pdf.mkii
[Loading MPS to PDF converter (version 2006.09.02).]
\scratchcounter=\count479
\scratchdimen=\dimen293
\scratchbox=\box134
\nofMPsegments=\count480
\nofMParguments=\count481
\everyMPshowfont=\toks42
\MPscratchCnt=\count482
\MPscratchDim=\dimen294
\MPnumerator=\count483
\makeMPintoPDFobject=\count484
\everyMPtoPDFconversion=\toks43
) (C:\Users\one_p\AppData\Local\Programs\MiKTeX\tex/latex/epstopdf-pkg\epstopdf-base.sty
Package: epstopdf-base 2020-01-24 v2.11 Base part for package epstopdf
Package epstopdf-base Info: Redefining graphics rule for `.eps' on input line 485.
 (C:\Users\one_p\AppData\Local\Programs\MiKTeX\tex/latex/00miktex\epstopdf-sys.cfg
File: epstopdf-sys.cfg 2021/03/18 v2.0 Configuration of epstopdf for MiKTeX
))
\c@lstlisting=\count485
 (C:\Users\one_p\AppData\Local\Programs\MiKTeX\tex/latex/base\inputenc.sty
Package: inputenc 2021/02/14 v1.3d Input encoding file
\inpenc@prehook=\toks44
\inpenc@posthook=\toks45
)
Package caption Info: Begin \AtBeginDocument code.
Package caption Info: float package is loaded.
Package caption Info: hyperref package is loaded.
Package caption Info: End \AtBeginDocument code.
Package hyperref Info: Link coloring OFF on input line 3.
 (Layout.out) (Layout.out)
\@outlinefile=\write7
\openout7 = `Layout.out'.

Package biblatex Info: Trying to load language 'english'...
Package biblatex Info: ... file 'english.lbx' found.
 (C:\Users\one_p\AppData\Local\Programs\MiKTeX\tex/latex/biblatex/lbx\english.lbx
File: english.lbx 2023/03/05 v3.19 biblatex localization (PK/MW)
)
Package biblatex Info: Input encoding 'utf8' detected.
Package biblatex Info: Automatic encoding selection.
(biblatex)             Assuming data encoding 'utf8'.
\openout6 = `Layout.bcf'.

Package biblatex Info: Trying to load bibliographic data...
Package biblatex Info: ... file 'Layout.bbl' found.
 (Layout.bbl)
Package biblatex Info: Reference section=0 on input line 3.
Package biblatex Info: Reference segment=0 on input line 3.
 (Tex/Front_Cover.tex
Overfull \hbox (15.0pt too wide) in paragraph at lines 1--3
 [][] 
 []

<images/png/PhyHub_Logo.png, id=330, 519.687pt x 492.75pt>
File: images/png/PhyHub_Logo.png Graphic file (type png)
<use images/png/PhyHub_Logo.png>
Package pdftex.def Info: images/png/PhyHub_Logo.png  used on input line 18.
(pdftex.def)             Requested size: 113.81102pt x 107.90909pt.

Underfull \hbox (badness 10000) in paragraph at lines 3--20

 []

[1

{C:/Users/one_p/AppData/Local/MiKTeX/fonts/map/pdftex/pdftex.map} <./images/png/PhyHub_Logo.png>]) (Tex/Epigraph.tex [2]) (Tex/Contents.tex (Layout.toc [3

] [4])
\tf@toc=\write8
\openout8 = `Layout.toc'.

 [5]) (Tex/Front_Matter.tex
Underfull \hbox (badness 10000) in paragraph at lines 4--12

 []

[1


]) (Tex/Main_Matter.tex
Chapter 1.

pdfTeX warning (ext4): destination with the same identifier (name{page.1}) has been already used, duplicate ignored
<to be read again> 
                   \relax 
l.10 
      [1


]
<images/pdf/lorry_cannonball.pdf, id=458, 3313.46918pt x 1859.63753pt>
File: images/pdf/lorry_cannonball.pdf Graphic file (type pdf)
<use images/pdf/lorry_cannonball.pdf>
Package pdftex.def Info: images/pdf/lorry_cannonball.pdf  used on input line 45.
(pdftex.def)             Requested size: 227.62204pt x 127.7476pt.

pdfTeX warning (ext4): destination with the same identifier (name{page.2}) has been already used, duplicate ignored
<to be read again> 
                   \relax 
l.52 
      [2 <./images/pdf/lorry_cannonball.pdf>]
<images/pdf/Reference Frames.pdf, id=469, 1853.61504pt x 1855.87346pt>
File: images/pdf/Reference Frames.pdf Graphic file (type pdf)
<use images/pdf/Reference Frames.pdf>
Package pdftex.def Info: images/pdf/Reference Frames.pdf  used on input line 61.
(pdftex.def)             Requested size: 120.7521pt x 120.89087pt.
<images/pdf/Spring_boxes.pdf, id=474, 3139.55945pt x 1776.06541pt>
File: images/pdf/Spring_boxes.pdf Graphic file (type pdf)
<use images/pdf/Spring_boxes.pdf>
Package pdftex.def Info: images/pdf/Spring_boxes.pdf  used on input line 74.
(pdftex.def)             Requested size: 345.0pt x 195.15099pt.

pdfTeX warning (ext4): destination with the same identifier (name{page.3}) has been already used, duplicate ignored
<to be read again> 
                   \relax 
l.78 
      [3 <./images/pdf/Reference Frames.pdf>]
<images/pdf/Conveyor_belt_3d.pdf, id=489, 3265.28917pt x 1843.82846pt>
File: images/pdf/Conveyor_belt_3d.pdf Graphic file (type pdf)
<use images/pdf/Conveyor_belt_3d.pdf>
Package pdftex.def Info: images/pdf/Conveyor_belt_3d.pdf  used on input line 88.
(pdftex.def)             Requested size: 345.0pt x 194.80342pt.

pdfTeX warning (ext4): destination with the same identifier (name{page.4}) has been already used, duplicate ignored
<to be read again> 
                   \relax 
l.92 
      [4 <./images/pdf/Spring_boxes.pdf>]
<images/pdf/rats_moving.pdf, id=504, 3362.41203pt x 1251.30487pt>
File: images/pdf/rats_moving.pdf Graphic file (type pdf)
<use images/pdf/rats_moving.pdf>
Package pdftex.def Info: images/pdf/rats_moving.pdf  used on input line 100.
(pdftex.def)             Requested size: 155.24895pt x 57.75739pt.
<images/pdf/rats_platform_frame.pdf, id=507, 3329.28828pt x 1239.25987pt>
File: images/pdf/rats_platform_frame.pdf Graphic file (type pdf)
<use images/pdf/rats_platform_frame.pdf>
Package pdftex.def Info: images/pdf/rats_platform_frame.pdf  used on input line 107.
(pdftex.def)             Requested size: 155.24895pt x 57.7876pt.

pdfTeX warning (ext4): destination with the same identifier (name{page.5}) has been already used, duplicate ignored
<to be read again> 
                   \relax 
l.111 \end{paracol}
                    [5 <./images/pdf/Conveyor_belt_3d.pdf>]
<images/pdf/earth_and_aether.pdf, id=528, 3122.23471pt x 738.58638pt>
File: images/pdf/earth_and_aether.pdf Graphic file (type pdf)
<use images/pdf/earth_and_aether.pdf>
Package pdftex.def Info: images/pdf/earth_and_aether.pdf  used on input line 124.
(pdftex.def)             Requested size: 345.0pt x 81.60538pt.
 [6 <./images/pdf/rats_moving.pdf> <./images/pdf/rats_platform_frame.pdf> <./images/pdf/earth_and_aether.pdf>]
<images/pdf/Michelson_morley.pdf, id=565, 2958.11153pt x 1803.17659pt>
File: images/pdf/Michelson_morley.pdf Graphic file (type pdf)
<use images/pdf/Michelson_morley.pdf>
Package pdftex.def Info: images/pdf/Michelson_morley.pdf  used on input line 135.
(pdftex.def)             Requested size: 227.62204pt x 138.72672pt.
 [7 <./images/pdf/Michelson_morley.pdf>]
<images/pdf/lorry_torch.pdf, id=592, 3313.46918pt x 1859.63753pt>
File: images/pdf/lorry_torch.pdf Graphic file (type pdf)
<use images/pdf/lorry_torch.pdf>
Package pdftex.def Info: images/pdf/lorry_torch.pdf  used on input line 156.
(pdftex.def)             Requested size: 227.62204pt x 127.7476pt.
 [8]
<images/pdf/lorry_clock.pdf, id=609, 3314.22198pt x 1858.88472pt>
File: images/pdf/lorry_clock.pdf Graphic file (type pdf)
<use images/pdf/lorry_clock.pdf>
Package pdftex.def Info: images/pdf/lorry_clock.pdf  used on input line 176.
(pdftex.def)             Requested size: 227.62204pt x 127.66753pt.
 [9 <./images/pdf/lorry_torch.pdf>] [10 <./images/pdf/lorry_clock.pdf>]
<images/pdf/lorry_simul.pdf, id=641, 3312.71637pt x 1959.01883pt>
File: images/pdf/lorry_simul.pdf Graphic file (type pdf)
<use images/pdf/lorry_simul.pdf>
Package pdftex.def Info: images/pdf/lorry_simul.pdf  used on input line 195.
(pdftex.def)             Requested size: 227.62204pt x 134.60449pt.
 [11 <./images/pdf/lorry_simul.pdf>]
<images/pdf/Full_Lorry_Transform.pdf, id=678, 3312.71637pt x 1936.43445pt>
File: images/pdf/Full_Lorry_Transform.pdf Graphic file (type pdf)
<use images/pdf/Full_Lorry_Transform.pdf>
Package pdftex.def Info: images/pdf/Full_Lorry_Transform.pdf  used on input line 213.
(pdftex.def)             Requested size: 227.62204pt x 133.05272pt.
 [12 <./images/pdf/Full_Lorry_Transform.pdf>]
<images/pdf/cars.pdf, id=706, 3312.71637pt x 1921.3782pt>
File: images/pdf/cars.pdf Graphic file (type pdf)
<use images/pdf/cars.pdf>
Package pdftex.def Info: images/pdf/cars.pdf  used on input line 237.
(pdftex.def)             Requested size: 227.62204pt x 132.0182pt.
 [13]
<images/pdf/Cannon_Balls.pdf, id=732, 2973.16779pt x 1602.9085pt>
File: images/pdf/Cannon_Balls.pdf Graphic file (type pdf)
<use images/pdf/Cannon_Balls.pdf>
Package pdftex.def Info: images/pdf/Cannon_Balls.pdf  used on input line 253.
(pdftex.def)             Requested size: 227.62204pt x 122.7077pt.
 [14 <./images/pdf/cars.pdf>]
<images/pdf/Doppler.pdf, id=744, 3126.75159pt x 1413.93246pt>
File: images/pdf/Doppler.pdf Graphic file (type pdf)
<use images/pdf/Doppler.pdf>
Package pdftex.def Info: images/pdf/Doppler.pdf  used on input line 267.
(pdftex.def)             Requested size: 284.52756pt x 128.65079pt.
 [15 <./images/pdf/Cannon_Balls.pdf> <./images/pdf/Doppler.pdf>]
<images/pdf/Aberrated_lorrys_1.pdf, id=771, 3312.71637pt x 1936.43445pt>
File: images/pdf/Aberrated_lorrys_1.pdf Graphic file (type pdf)
<use images/pdf/Aberrated_lorrys_1.pdf>
Package pdftex.def Info: images/pdf/Aberrated_lorrys_1.pdf  used on input line 286.
(pdftex.def)             Requested size: 142.26378pt x 83.14687pt.
<images/pdf/Aberrated_lorrys_2.pdf, id=772, 3312.71637pt x 1936.43445pt>
File: images/pdf/Aberrated_lorrys_2.pdf Graphic file (type pdf)
<use images/pdf/Aberrated_lorrys_2.pdf>
Package pdftex.def Info: images/pdf/Aberrated_lorrys_2.pdf  used on input line 292.
(pdftex.def)             Requested size: 142.26378pt x 83.14687pt.
 [16] [17 <./images/pdf/Aberrated_lorrys_1.pdf> <./images/pdf/Aberrated_lorrys_2.pdf>]
<images/pdf/Rest_velocities.pdf, id=810, 350.5095pt x 232.7094pt>
File: images/pdf/Rest_velocities.pdf Graphic file (type pdf)
<use images/pdf/Rest_velocities.pdf>
Package pdftex.def Info: images/pdf/Rest_velocities.pdf  used on input line 323.
(pdftex.def)             Requested size: 142.26378pt x 94.45273pt.
<images/pdf/Aberrated_velocities.pdf, id=813, 368.56387pt x 232.7094pt>
File: images/pdf/Aberrated_velocities.pdf Graphic file (type pdf)
<use images/pdf/Aberrated_velocities.pdf>
Package pdftex.def Info: images/pdf/Aberrated_velocities.pdf  used on input line 328.
(pdftex.def)             Requested size: 142.26378pt x 89.82242pt.
<images/pdf/Rest_velocities_inwards.pdf, id=814, 350.5095pt x 232.7094pt>
File: images/pdf/Rest_velocities_inwards.pdf Graphic file (type pdf)
<use images/pdf/Rest_velocities_inwards.pdf>
Package pdftex.def Info: images/pdf/Rest_velocities_inwards.pdf  used on input line 338.
(pdftex.def)             Requested size: 142.26378pt x 94.45273pt.
<images/pdf/Aberrated_velocities_inwards.pdf, id=817, 368.56387pt x 232.7094pt>
File: images/pdf/Aberrated_velocities_inwards.pdf Graphic file (type pdf)
<use images/pdf/Aberrated_velocities_inwards.pdf>
Package pdftex.def Info: images/pdf/Aberrated_velocities_inwards.pdf  used on input line 343.
(pdftex.def)             Requested size: 142.26378pt x 89.82242pt.
 [18 <./images/pdf/Rest_velocities.pdf> <./images/pdf/Aberrated_velocities.pdf>]
<images/pdf/Still_Retarded_Field_Both_Frames.pdf, id=849, 350.5095pt x 167.2065pt>
File: images/pdf/Still_Retarded_Field_Both_Frames.pdf Graphic file (type pdf)
<use images/pdf/Still_Retarded_Field_Both_Frames.pdf>
Package pdftex.def Info: images/pdf/Still_Retarded_Field_Both_Frames.pdf  used on input line 357.
(pdftex.def)             Requested size: 284.52756pt x 135.73247pt.
 [19 <./images/pdf/Rest_velocities_inwards.pdf> <./images/pdf/Aberrated_velocities_inwards.pdf> <./images/pdf/Still_Retarded_Field_Both_Frames.pdf>]
<images/pdf/Perceived_speed.pdf, id=884, 3213.33507pt x 1699.27853pt>
File: images/pdf/Perceived_speed.pdf Graphic file (type pdf)
<use images/pdf/Perceived_speed.pdf>
Package pdftex.def Info: images/pdf/Perceived_speed.pdf  used on input line 372.
(pdftex.def)             Requested size: 284.52756pt x 150.4393pt.
 [20 <./images/pdf/Perceived_speed.pdf>] [21]
Overfull \hbox (1.41722pt too wide) in paragraph at lines 430--431
[]\OT1/cmr/m/n/10 When it comes to ve-loc-i-ties, they com-bine dif-fer-ently than in clas-si-cal physics.
 []

[22] (Tex/Terms/Definitions.tex [23] [24]) [25]
Chapter 2.
[26

]
===== Image './tikz/Tikz_simple_Galilean_transform_derivation' is up-to-date. ======
[27] [28 <./tikz/Tikz_simple_Galilean_transform_derivation.pdf>] [29]
<images/pdf/Light_clock.pdf, id=1022, 2730.73201pt x 1694.76167pt>
File: images/pdf/Light_clock.pdf Graphic file (type pdf)
<use images/pdf/Light_clock.pdf>
Package pdftex.def Info: images/pdf/Light_clock.pdf  used on input line 554.
(pdftex.def)             Requested size: 284.52756pt x 176.57172pt.
 [30] [31 <./images/pdf/Light_clock.pdf>]
<images/pdf/Length_Contraction.pdf, id=1054, 2683.30482pt x 1552.46pt>
File: images/pdf/Length_Contraction.pdf Graphic file (type pdf)
<use images/pdf/Length_Contraction.pdf>
Package pdftex.def Info: images/pdf/Length_Contraction.pdf  used on input line 596.
(pdftex.def)             Requested size: 284.52756pt x 164.61209pt.
 [32 <./images/pdf/Length_Contraction.pdf>] [33]
===== Image './tikz/Tikz_simple_lorentz_transform_derivation' is up-to-date. ======
[34] [35 <./tikz/Tikz_simple_lorentz_transform_derivation.pdf>] [36]
<images/pdf/coordinate_transforms.pdf, id=1138, 715.43942pt x 291.97081pt>
File: images/pdf/coordinate_transforms.pdf Graphic file (type pdf)
<use images/pdf/coordinate_transforms.pdf>
Package pdftex.def Info: images/pdf/coordinate_transforms.pdf  used on input line 731.
(pdftex.def)             Requested size: 284.52756pt x 116.11353pt.
 [37]
<images/pdf/Gamma_Factor.pdf, id=1154, 433.62pt x 289.08pt>
File: images/pdf/Gamma_Factor.pdf Graphic file (type pdf)
<use images/pdf/Gamma_Factor.pdf>
Package pdftex.def Info: images/pdf/Gamma_Factor.pdf  used on input line 750.
(pdftex.def)             Requested size: 284.52756pt x 189.69504pt.
 [38 <./images/pdf/coordinate_transforms.pdf>] [39 <./images/pdf/Gamma_Factor.pdf>] (Tex/Terms/Terms_ch2.tex [40])
Underfull \hbox (badness 10000) in paragraph at lines 801--802

 []


Underfull \hbox (badness 10000) in paragraph at lines 803--804

 []


Underfull \hbox (badness 10000) in paragraph at lines 805--806

 []


Underfull \hbox (badness 10000) in paragraph at lines 807--808

 []


Underfull \hbox (badness 10000) in paragraph at lines 809--810

 []


Underfull \hbox (badness 10000) in paragraph at lines 811--812

 []


Underfull \hbox (badness 10000) in paragraph at lines 813--814

 []


Underfull \hbox (badness 10000) in paragraph at lines 815--816

 []


Underfull \hbox (badness 10000) in paragraph at lines 817--818

 []

[41]
Underfull \hbox (badness 10000) in paragraph at lines 819--820

 []


Underfull \hbox (badness 10000) in paragraph at lines 821--822

 []


Underfull \hbox (badness 10000) in paragraph at lines 823--824

 []

[42]
Chapter 3.
[43

]
===== Image './tikz/Tikz_Particles_position_in_rest_frame' is up-to-date. ======
===== Image './tikz/Tikz_Particles_position_in_primed_frame_with_delayed_position' is up-to-date. ======
[44 <./tikz/Tikz_Particles_position_in_rest_frame.pdf> <./tikz/Tikz_Particles_position_in_primed_frame_with_delayed_position.pdf>]
<images/pdf/coordinate_transforms_2.pdf, id=1378, 762.95648pt x 260.90886pt>
File: images/pdf/coordinate_transforms_2.pdf Graphic file (type pdf)
<use images/pdf/coordinate_transforms_2.pdf>
Package pdftex.def Info: images/pdf/coordinate_transforms_2.pdf  used on input line 957.
(pdftex.def)             Requested size: 284.52756pt x 97.29913pt.
 [45] [46 <./images/pdf/coordinate_transforms_2.pdf>] [47]
Chapter 4.
===== Image './tikz/Tikz_Spherical_Polar_Coordinates' is up-to-date. ======
[48

 <./tikz/Tikz_Spherical_Polar_Coordinates.pdf>]
Underfull \hbox (badness 10000) in paragraph at lines 1103--1105

 []

[49]
<images/pdf/Rest_Pulse.pdf, id=1482, 263.83679pt x 240.33162pt>
File: images/pdf/Rest_Pulse.pdf Graphic file (type pdf)
<use images/pdf/Rest_Pulse.pdf>
Package pdftex.def Info: images/pdf/Rest_Pulse.pdf  used on input line 1127.
(pdftex.def)             Requested size: 170.71652pt x 155.5096pt.
 [50 <./images/pdf/Rest_Pulse.pdf>]
<images/pdf/Prime_Pulse.pdf, id=1500, 213.80318pt x 232.7094pt>
File: images/pdf/Prime_Pulse.pdf Graphic file (type pdf)
<use images/pdf/Prime_Pulse.pdf>
Package pdftex.def Info: images/pdf/Prime_Pulse.pdf  used on input line 1153.
(pdftex.def)             Requested size: 227.62204pt x 247.75378pt.
 [51]
File: images/pdf/Aberrated_velocities.pdf Graphic file (type pdf)
<use images/pdf/Aberrated_velocities.pdf>
Package pdftex.def Info: images/pdf/Aberrated_velocities.pdf  used on input line 1164.
(pdftex.def)             Requested size: 227.62204pt x 143.71729pt.
 [52 <./images/pdf/Prime_Pulse.pdf>]
===== Image './tikz/Tikz_Light_Pulse_Proper_Frame' is up-to-date. ======
===== Image './tikz/Tikz_Light_Pulse_Primed_Frame' is up-to-date. ======

Overfull \hbox (1.25739pt too wide) in paragraph at lines 1209--1232
[][] 
 []

[53] [54 <./tikz/Tikz_Light_Pulse_Proper_Frame.pdf> <./tikz/Tikz_Light_Pulse_Primed_Frame.pdf>]
===== Image './tikz/Tikz_Lights_angle_with_particle_With_particle_moving' is up-to-date. ======
===== Image './tikz/Tikz_Lights_angle_with_particle_in_its_proper_frame' is up-to-date. ======
[55 <./tikz/Tikz_Lights_angle_with_particle_With_particle_moving.pdf> <./tikz/Tikz_Lights_angle_with_particle_in_its_proper_frame.pdf>]
Overfull \hbox (18.89792pt too wide) in paragraph at lines 1346--1346
[]\OT1/cmr/bx/n/14.4 Relativistic beam-ing or Flux from Point Source 
 []

\pgf@layerbox@background=\box135
\pgf@layerboxsaved@background=\box136
\pgf@layerbox@foreground=\box137
\pgf@layerboxsaved@foreground=\box138
===== Image './tikz/Tikz_Surface_Element' is up-to-date. ======
[56] [57 <./tikz/Tikz_Surface_Element.pdf>] [58]
Overfull \hbox (8.57126pt too wide) in paragraph at lines 1531--1531
[]\OT1/cmr/bx/n/14.4 Relativistic Beam-ing of Mul-ti-ple Wave Fronts
 []

File: images/pdf/Still_Retarded_Field_Both_Frames.pdf Graphic file (type pdf)
<use images/pdf/Still_Retarded_Field_Both_Frames.pdf>
Package pdftex.def Info: images/pdf/Still_Retarded_Field_Both_Frames.pdf  used on input line 1536.
(pdftex.def)             Requested size: 284.52756pt x 135.73247pt.

Underfull \hbox (badness 10000) in paragraph at lines 1547--1548

 []


Underfull \hbox (badness 10000) in paragraph at lines 1549--1550

 []


Underfull \hbox (badness 10000) in paragraph at lines 1551--1552

 []


Underfull \hbox (badness 10000) in paragraph at lines 1553--1554

 []


Underfull \hbox (badness 10000) in paragraph at lines 1555--1556

 []

[59]
Underfull \hbox (badness 10000) in paragraph at lines 1557--1558

 []


Underfull \hbox (badness 10000) in paragraph at lines 1559--1560

 []


Underfull \hbox (badness 10000) in paragraph at lines 1561--1562

 []


Underfull \hbox (badness 10000) in paragraph at lines 1563--1564

 []


Underfull \hbox (badness 10000) in paragraph at lines 1565--1566

 []


Underfull \hbox (badness 10000) in paragraph at lines 1567--1568

 []


Underfull \hbox (badness 10000) in paragraph at lines 1569--1570

 []


Underfull \hbox (badness 10000) in paragraph at lines 1571--1572

 []


Underfull \hbox (badness 10000) in paragraph at lines 1573--1574

 []


Underfull \hbox (badness 10000) in paragraph at lines 1575--1576

 []


Underfull \hbox (badness 10000) in paragraph at lines 1577--1578

 []


Underfull \hbox (badness 10000) in paragraph at lines 1579--1580

 []


Underfull \hbox (badness 10000) in paragraph at lines 1581--1582

 []


Underfull \hbox (badness 10000) in paragraph at lines 1583--1584

 []


Underfull \hbox (badness 10000) in paragraph at lines 1585--1586

 []

[60] [61]
Chapter 5.
[62

] [63]
Chapter 6.
[64

] [65] [66] [67]
Overfull \hbox (136.80379pt too wide) detected at line 1783
[][][]\OML/cmm/m/it/10 A \OT1/cmr/m/n/10 = [] = [] \OMS/cmsy/m/n/10 ^^A []   $   [] ^^A [] [] \OT1/cmr/m/n/10 = \OML/cmm/m/it/10 ^^M[] [] \OT1/cmr/m/n/10 = [] = \OML/cmm/m/it/10 ^^M[] a []
 []

[68]
Overfull \hbox (15.69284pt too wide) in paragraph at lines 1812--1814
\OT1/cmr/m/n/10 where $\OML/cmm/m/it/10 u[]$ \OT1/cmr/m/n/10 is the ve-loc-ity of the par-ti-cle in this []primed frame[] and $\OML/cmm/m/it/10 ^^M[] \OT1/cmr/m/n/10 = 1\OML/cmm/m/it/10 =[]$\OT1/cmr/m/n/10 .
 []


Underfull \hbox (badness 10000) in paragraph at lines 1821--1822

 []


Underfull \hbox (badness 10000) in paragraph at lines 1823--1825

 []

[69]
Underfull \hbox (badness 10000) in paragraph at lines 1863--1864

 []

[70]
Underfull \hbox (badness 10000) in paragraph at lines 1865--1866

 []


Underfull \hbox (badness 10000) in paragraph at lines 1867--1868

 []


Underfull \hbox (badness 10000) in paragraph at lines 1869--1870

 []


Underfull \hbox (badness 10000) in paragraph at lines 1871--1872

 []


Underfull \hbox (badness 10000) in paragraph at lines 1873--1874

 []


Underfull \hbox (badness 10000) in paragraph at lines 1875--1876

 []


Underfull \hbox (badness 10000) in paragraph at lines 1877--1878

 []


Underfull \hbox (badness 10000) in paragraph at lines 1879--1880

 []


Underfull \hbox (badness 10000) in paragraph at lines 1881--1882

 []


Underfull \hbox (badness 10000) in paragraph at lines 1883--1884

 []


Underfull \hbox (badness 10000) in paragraph at lines 1885--1886

 []


Underfull \hbox (badness 10000) in paragraph at lines 1887--1888

 []


Underfull \hbox (badness 10000) in paragraph at lines 1889--1890

 []

[71]
Chapter 7.
[72

]
Chapter 8.
[73

]
Chapter 9.
[74

]
Chapter 10.
[75

]
Chapter 11.
) (Tex/Appendix.tex [76

]
Appendix A.
[77

] [78]
Appendix B.
[79

] [80] [81] [82]
Appendix C.
[83

]
Appendix D.

Overfull \hbox (5.20299pt too wide) in paragraph at lines 178--178
[]\OT1/cmr/bx/n/14.4 Acceleration Trans-form with con-sis-tent time
 []

[84

] [85] [86] [87]
Overfull \hbox (3.83795pt too wide) in paragraph at lines 291--291
[]\OT1/cmr/bx/n/14.4 ...remove ... Re-tarded Sys-tem of Light Pulse
 []

===== Image './tikz/Layout-figure0' is up-to-date. ======
[88 <./tikz/Layout-figure0.pdf>] [89] [90] [91] [92] [93]
===== Image './tikz/Layout-figure1' is up-to-date. ======
===== Image './tikz/Layout-figure2' is up-to-date. ======
[94 <./tikz/Layout-figure1.pdf>] [95 <./tikz/Layout-figure2.pdf>] [96] [97]
===== Image './tikz/Layout-figure3' is up-to-date. ======

Overfull \hbox (2.26413pt too wide) in paragraph at lines 719--730
[][] 
 []

===== Image './tikz/Layout-figure4' is up-to-date. ======

Overfull \hbox (2.06439pt too wide) in paragraph at lines 734--745
[][] 
 []

[98] [99 <./tikz/Layout-figure3.pdf> <./tikz/Layout-figure4.pdf>]
Appendix E.
[100

] [101]
Appendix F.
) [102

] [103] (Tex/Back_Cover.tex [104

]
<images/png/PhyHub_Logo_2.png, id=2100, 519.687pt x 486.837pt>
File: images/png/PhyHub_Logo_2.png Graphic file (type png)
<use images/png/PhyHub_Logo_2.png>
Package pdftex.def Info: images/png/PhyHub_Logo_2.png  used on input line 5.
(pdftex.def)             Requested size: 284.52756pt x 266.55032pt.
) [105 <./images/png/PhyHub_Logo_2.png>] (Layout.aux)
 ***********
LaTeX2e <2023-11-01>
L3 programming layer <2024-01-04>
 ***********
Package rerunfilecheck Info: File `Layout.out' has not changed.
(rerunfilecheck)             Checksum: 3AAD2EBB4B82BC5B5CBDCDACED1E48EA;14707.
Package logreq Info: Writing requests to 'Layout.run.xml'.
\openout1 = `Layout.run.xml'.

 ) 
Here is how much of TeX's memory you used:
 38780 strings out of 474486
 800990 string characters out of 5743755
 1946528 words of memory out of 5000000
 60030 multiletter control sequences out of 15000+600000
 566669 words of font info for 65 fonts, out of 8000000 for 9000
 1141 hyphenation exceptions out of 8191
 116i,25n,121p,1806b,1209s stack positions out of 10000i,1000n,20000p,200000b,200000s
 <C:\Users\one_p\AppData\Local\MiKTeX\fonts/pk/ljfour/jknappen/ec/dpi600\tcrm1000.pk><C:/Users/one_p/AppData/Local/Programs/MiKTeX/fonts/type1/public/amsfonts/cm/cmbx10.pfb><C:/Users/one_p/AppData/Local/Programs/MiKTeX/fonts/type1/public/amsfonts/cm/cmbx12.pfb><C:/Users/one_p/AppData/Local/Programs/MiKTeX/fonts/type1/public/amsfonts/cm/cmbx7.pfb><C:/Users/one_p/AppData/Local/Programs/MiKTeX/fonts/type1/public/amsfonts/cm/cmex10.pfb><C:/Users/one_p/AppData/Local/Programs/MiKTeX/fonts/type1/public/amsfonts/cm/cmmi10.pfb><C:/Users/one_p/AppData/Local/Programs/MiKTeX/fonts/type1/public/amsfonts/cm/cmmi12.pfb><C:/Users/one_p/AppData/Local/Programs/MiKTeX/fonts/type1/public/amsfonts/cm/cmmi5.pfb><C:/Users/one_p/AppData/Local/Programs/MiKTeX/fonts/type1/public/amsfonts/cm/cmmi7.pfb><C:/Users/one_p/AppData/Local/Programs/MiKTeX/fonts/type1/public/amsfonts/cm/cmr10.pfb><C:/Users/one_p/AppData/Local/Programs/MiKTeX/fonts/type1/public/amsfonts/cm/cmr17.pfb><C:/Users/one_p/AppData/Local/Programs/MiKTeX/fonts/type1/public/amsfonts/cm/cmr5.pfb><C:/Users/one_p/AppData/Local/Programs/MiKTeX/fonts/type1/public/amsfonts/cm/cmr7.pfb><C:/Users/one_p/AppData/Local/Programs/MiKTeX/fonts/type1/public/amsfonts/cm/cmr9.pfb><C:/Users/one_p/AppData/Local/Programs/MiKTeX/fonts/type1/public/amsfonts/cm/cmsy10.pfb><C:/Users/one_p/AppData/Local/Programs/MiKTeX/fonts/type1/public/amsfonts/cm/cmsy5.pfb><C:/Users/one_p/AppData/Local/Programs/MiKTeX/fonts/type1/public/amsfonts/cm/cmsy7.pfb><C:/Users/one_p/AppData/Local/Programs/MiKTeX/fonts/type1/public/amsfonts/cm/cmsy8.pfb><C:/Users/one_p/AppData/Local/Programs/MiKTeX/fonts/type1/public/amsfonts/cm/cmti10.pfb><C:/Users/one_p/AppData/Local/Programs/MiKTeX/fonts/type1/public/amsfonts/cm/cmti12.pfb>
Output written on Layout.pdf (111 pages, 12732784 bytes).
PDF statistics:
 2275 PDF objects out of 2487 (max. 8388607)
 452 named destinations out of 1000 (max. 500000)
 968 words of extra memory for PDF output out of 10000 (max. 10000000)

